#
# There is insufficient memory for the Java Runtime Environment to continue.
# Native memory allocation (mmap) failed to map 548405248 bytes for G1 virtual space
# Possible reasons:
#   The system is out of physical RAM or swap space
#   The process is running with CompressedOops enabled, and the Java Heap may be blocking the growth of the native heap
# Possible solutions:
#   Reduce memory load on the system
#   Increase physical memory or swap space
#   Check if swap backing store is full
#   Decrease Java heap size (-Xmx/-Xms)
#   Decrease number of Java threads
#   Decrease Java thread stack sizes (-Xss)
#   Set larger code cache with -XX:ReservedCodeCacheSize=
#   JVM is running with Unscaled Compressed Oops mode in which the Java heap is
#     placed in the first 4GB address space. The Java Heap base address is the
#     maximum limit for the native heap growth. Please use -XX:HeapBaseMinAddress
#     to set the Java Heap base and to place the Java Heap above 4GB virtual address.
# This output file may be truncated or incomplete.
#
#  Out of Memory Error (os_windows.cpp:3548), pid=7452, tid=5276
#
# JRE version: Java(TM) SE Runtime Environment (17.0.12+8) (build 17.0.12+8-LTS-286)
# Java VM: Java HotSpot(TM) 64-Bit Server VM (17.0.12+8-LTS-286, mixed mode, sharing, tiered, compressed oops, compressed class ptrs, g1 gc, windows-amd64)
# No core dump will be written. Minidumps are not enabled by default on client versions of Windows
#

---------------  S U M M A R Y ------------

Command Line: --add-opens=java.base/java.lang=ALL-UNNAMED --add-opens=java.base/java.lang.invoke=ALL-UNNAMED --add-opens=java.base/java.util=ALL-UNNAMED --add-opens=java.prefs/java.util.prefs=ALL-UNNAMED --add-exports=jdk.compiler/com.sun.tools.javac.api=ALL-UNNAMED --add-exports=jdk.compiler/com.sun.tools.javac.util=ALL-UNNAMED --add-opens=java.base/java.util=ALL-UNNAMED --add-opens=java.prefs/java.util.prefs=ALL-UNNAMED --add-opens=java.base/java.nio.charset=ALL-UNNAMED --add-opens=java.base/java.net=ALL-UNNAMED --add-opens=java.base/java.util.concurrent.atomic=ALL-UNNAMED --add-opens=java.xml/javax.xml.namespace=ALL-UNNAMED -Xmx2048m -Dfile.encoding=UTF-8 -Duser.country=US -Duser.language=en -Duser.variant -javaagent:C:\Users\DELL\.gradle\wrapper\dists\gradle-8.11.1-bin\bpt9gzteqjrbo1mjrsomdt32c\gradle-8.11.1\lib\agents\gradle-instrumentation-agent-8.11.1.jar org.gradle.launcher.daemon.bootstrap.GradleDaemon 8.11.1

Host: 11th Gen Intel(R) Core(TM) i7-1165G7 @ 2.80GHz, 8 cores, 15G,  Windows 11 , 64 bit Build 26100 (10.0.26100.4484)
Time: Fri Jul  4 08:36:37 2025 SE Asia Standard Time elapsed time: 1150.106976 seconds (0d 0h 19m 10s)

---------------  T H R E A D  ---------------

Current thread (0x000002236b4b74a0):  VMThread "VM Thread" [stack: 0x000000e715d00000,0x000000e715e00000] [id=5276]

Stack: [0x000000e715d00000,0x000000e715e00000]
Native frames: (J=compiled Java code, j=interpreted, Vv=VM code, C=native code)
V  [jvm.dll+0x67a04a]
V  [jvm.dll+0x7da4ed]
V  [jvm.dll+0x7dbe33]
V  [jvm.dll+0x7dc4a3]
V  [jvm.dll+0x24508f]
V  [jvm.dll+0x677089]
V  [jvm.dll+0x66bd32]
V  [jvm.dll+0x301fa6]
V  [jvm.dll+0x309546]
V  [jvm.dll+0x359d2e]
V  [jvm.dll+0x359f5f]
V  [jvm.dll+0x2d9078]
V  [jvm.dll+0x2d74ad]
V  [jvm.dll+0x2d6afc]
V  [jvm.dll+0x31a981]
V  [jvm.dll+0x7e0d9b]
V  [jvm.dll+0x7e1ad4]
V  [jvm.dll+0x7e1fed]
V  [jvm.dll+0x7e23c4]
V  [jvm.dll+0x7e2490]
V  [jvm.dll+0x78abea]
V  [jvm.dll+0x678f35]
C  [ucrtbase.dll+0x37b0]
C  [KERNEL32.DLL+0x2e8d7]
C  [ntdll.dll+0x3c34c]

VM_Operation (0x000000e7191f93d8): G1TryInitiateConcMark, mode: safepoint, requested by thread 0x0000022373ed3ba0


---------------  P R O C E S S  ---------------

Threads class SMR info:
_java_thread_list=0x0000022378db9770, length=61, elements={
0x000002234d265f00, 0x000002236b4b7ad0, 0x000002236b4bd5f0, 0x000002236b4d07b0,
0x000002236b4d3090, 0x000002236b4d3960, 0x000002236b4d72b0, 0x000002236b610090,
0x000002236b610db0, 0x000002236b6116c0, 0x000002236b7230c0, 0x000002236b7b8940,
0x0000022371989970, 0x0000022371c022e0, 0x0000022370c2c6b0, 0x0000022371de54a0,
0x0000022371de4a80, 0x0000022371de4f90, 0x0000022371de2c20, 0x0000022375914080,
0x00000223759159d0, 0x0000022375914590, 0x0000022372e70c60, 0x0000022372e720a0,
0x0000022372e6f310, 0x0000022372e725b0, 0x0000022375919690, 0x0000022376401e20,
0x0000022372e71b90, 0x0000022372e6ee00, 0x0000022372e72ac0, 0x0000022372e70750,
0x0000022372e72fd0, 0x0000022372e734e0, 0x0000022372e6fd30, 0x0000022372e75340,
0x0000022372e74e30, 0x0000022372e73f00, 0x0000022372e74920, 0x0000022377c264d0,
0x0000022372e76270, 0x0000022372e76780, 0x0000022372e739f0, 0x0000022372e75850,
0x0000022377c25f80, 0x0000022373ed4fe0, 0x0000022373ed3180, 0x0000022373ed3690,
0x0000022373ed2c70, 0x0000022373ed3ba0, 0x0000022373ed40b0, 0x0000022373ed45c0,
0x0000022373ed2760, 0x0000022373ed54f0, 0x0000022373ed5a00, 0x0000022373ed5f10,
0x0000022373ed96c0, 0x0000022373ed6e40, 0x0000022373ed7d70, 0x0000022373ed8280,
0x0000022373ed6420
}

Java Threads: ( => current thread )
  0x000002234d265f00 JavaThread "main" [_thread_blocked, id=6720, stack(0x000000e715700000,0x000000e715800000)]
  0x000002236b4b7ad0 JavaThread "Reference Handler" daemon [_thread_blocked, id=11464, stack(0x000000e715e00000,0x000000e715f00000)]
  0x000002236b4bd5f0 JavaThread "Finalizer" daemon [_thread_blocked, id=15752, stack(0x000000e715f00000,0x000000e716000000)]
  0x000002236b4d07b0 JavaThread "Signal Dispatcher" daemon [_thread_blocked, id=10608, stack(0x000000e716000000,0x000000e716100000)]
  0x000002236b4d3090 JavaThread "Attach Listener" daemon [_thread_blocked, id=15544, stack(0x000000e716100000,0x000000e716200000)]
  0x000002236b4d3960 JavaThread "Service Thread" daemon [_thread_blocked, id=1832, stack(0x000000e716200000,0x000000e716300000)]
  0x000002236b4d72b0 JavaThread "Monitor Deflation Thread" daemon [_thread_blocked, id=10200, stack(0x000000e716300000,0x000000e716400000)]
  0x000002236b610090 JavaThread "C2 CompilerThread0" daemon [_thread_blocked, id=5408, stack(0x000000e716400000,0x000000e716500000)]
  0x000002236b610db0 JavaThread "C1 CompilerThread0" daemon [_thread_blocked, id=14356, stack(0x000000e716500000,0x000000e716600000)]
  0x000002236b6116c0 JavaThread "Sweeper thread" daemon [_thread_blocked, id=10760, stack(0x000000e716600000,0x000000e716700000)]
  0x000002236b7230c0 JavaThread "Common-Cleaner" daemon [_thread_blocked, id=9300, stack(0x000000e716700000,0x000000e716800000)]
  0x000002236b7b8940 JavaThread "Notification Thread" daemon [_thread_blocked, id=10584, stack(0x000000e716800000,0x000000e716900000)]
  0x0000022371989970 JavaThread "Daemon health stats" [_thread_blocked, id=7016, stack(0x000000e717100000,0x000000e717200000)]
  0x0000022371c022e0 JavaThread "Incoming local TCP Connector on port 50814" [_thread_in_native, id=9700, stack(0x000000e717200000,0x000000e717300000)]
  0x0000022370c2c6b0 JavaThread "Daemon periodic checks" [_thread_blocked, id=14536, stack(0x000000e717300000,0x000000e717400000)]
  0x0000022371de54a0 JavaThread "Cache worker for journal cache (C:\Users\DELL\.gradle\caches\journal-1)" [_thread_blocked, id=10128, stack(0x000000e717b00000,0x000000e717c00000)]
  0x0000022371de4a80 JavaThread "File lock request listener" [_thread_in_native, id=11572, stack(0x000000e717c00000,0x000000e717d00000)]
  0x0000022371de4f90 JavaThread "Cache worker for file hash cache (C:\Users\DELL\.gradle\caches\8.11.1\fileHashes)" [_thread_blocked, id=10452, stack(0x000000e717d00000,0x000000e717e00000)]
  0x0000022371de2c20 JavaThread "Cache worker for file content cache (C:\Users\DELL\.gradle\caches\8.11.1\fileContent)" [_thread_blocked, id=11988, stack(0x000000e717e00000,0x000000e717f00000)]
  0x0000022375914080 JavaThread "File watcher server" daemon [_thread_blocked, id=13728, stack(0x000000e718500000,0x000000e718600000)]
  0x00000223759159d0 JavaThread "File watcher consumer" daemon [_thread_blocked, id=10656, stack(0x000000e718600000,0x000000e718700000)]
  0x0000022375914590 JavaThread "Memory manager" [_thread_blocked, id=15432, stack(0x000000e718f00000,0x000000e719000000)]
  0x0000022372e70c60 JavaThread "Cache worker for Java compile cache (C:\Users\DELL\.gradle\caches\8.11.1\javaCompile)" [_thread_blocked, id=4044, stack(0x000000e71e900000,0x000000e71ea00000)]
  0x0000022372e720a0 JavaThread "ForkJoinPool.commonPool-worker-13" daemon [_thread_blocked, id=9212, stack(0x000000e71a700000,0x000000e71a800000)]
  0x0000022372e6f310 JavaThread "ForkJoinPool.commonPool-worker-16" daemon [_thread_blocked, id=844, stack(0x000000e71aa00000,0x000000e71ab00000)]
  0x0000022372e725b0 JavaThread "ForkJoinPool.commonPool-worker-18" daemon [_thread_blocked, id=3140, stack(0x000000e71ac00000,0x000000e71ad00000)]
  0x0000022375919690 JavaThread "ForkJoinPool.commonPool-worker-19" daemon [_thread_blocked, id=11688, stack(0x000000e71a600000,0x000000e71a700000)]
  0x0000022376401e20 JavaThread "ForkJoinPool.commonPool-worker-21" daemon [_thread_blocked, id=16296, stack(0x000000e71ab00000,0x000000e71ac00000)]
  0x0000022372e71b90 JavaThread "ForkJoinPool.commonPool-worker-22" daemon [_thread_blocked, id=16204, stack(0x000000e71a900000,0x000000e71aa00000)]
  0x0000022372e6ee00 JavaThread "Daemon Thread 6" [_thread_blocked, id=1372, stack(0x000000e715400000,0x000000e715500000)]
  0x0000022372e72ac0 JavaThread "Handler for socket connection from /127.0.0.1:50814 to /127.0.0.1:51738" [_thread_in_native, id=3864, stack(0x000000e715500000,0x000000e715600000)]
  0x0000022372e70750 JavaThread "Cancel handler" [_thread_blocked, id=5092, stack(0x000000e715600000,0x000000e715700000)]
  0x0000022372e72fd0 JavaThread "Daemon worker Thread 6" [_thread_blocked, id=8124, stack(0x000000e716a00000,0x000000e716b00000)]
  0x0000022372e734e0 JavaThread "Asynchronous log dispatcher for DefaultDaemonConnection: socket connection from /127.0.0.1:50814 to /127.0.0.1:51738" [_thread_blocked, id=1172, stack(0x000000e716b00000,0x000000e716c00000)]
  0x0000022372e6fd30 JavaThread "Stdin handler" [_thread_blocked, id=11864, stack(0x000000e717400000,0x000000e717500000)]
  0x0000022372e75340 JavaThread "Daemon client event forwarder" [_thread_blocked, id=7844, stack(0x000000e717500000,0x000000e717600000)]
  0x0000022372e74e30 JavaThread "Cache worker for file hash cache (D:\baitap\NAM_4\FaceSach\.gradle\8.11.1\fileHashes)" [_thread_blocked, id=14348, stack(0x000000e717600000,0x000000e717700000)]
  0x0000022372e73f00 JavaThread "Cache worker for checksums cache (D:\baitap\NAM_4\FaceSach\.gradle\8.11.1\checksums)" [_thread_blocked, id=11584, stack(0x000000e717700000,0x000000e717800000)]
  0x0000022372e74920 JavaThread "Cache worker for Build Output Cleanup Cache (D:\baitap\NAM_4\FaceSach\.gradle\buildOutputCleanup)" [_thread_blocked, id=12420, stack(0x000000e717800000,0x000000e717900000)]
  0x0000022377c264d0 JavaThread "C2 CompilerThread1" daemon [_thread_in_native, id=12140, stack(0x000000e717900000,0x000000e717a00000)]
  0x0000022372e76270 JavaThread "Cache worker for cache directory md-rule (C:\Users\DELL\.gradle\caches\8.11.1\md-rule)" [_thread_blocked, id=324, stack(0x000000e717a00000,0x000000e717b00000)]
  0x0000022372e76780 JavaThread "Cache worker for cache directory md-supplier (C:\Users\DELL\.gradle\caches\8.11.1\md-supplier)" [_thread_blocked, id=2976, stack(0x000000e717f00000,0x000000e718000000)]
  0x0000022372e739f0 JavaThread "build event listener" [_thread_blocked, id=2992, stack(0x000000e718000000,0x000000e718100000)]
  0x0000022372e75850 JavaThread "Build operations" [_thread_blocked, id=172, stack(0x000000e718400000,0x000000e718500000)]
  0x0000022377c25f80 JavaThread "C2 CompilerThread2" daemon [_thread_blocked, id=348, stack(0x000000e718b00000,0x000000e718c00000)]
  0x0000022373ed4fe0 JavaThread "included builds" [_thread_blocked, id=336, stack(0x000000e718c00000,0x000000e718d00000)]
  0x0000022373ed3180 JavaThread "Execution worker" [_thread_blocked, id=12528, stack(0x000000e718d00000,0x000000e718e00000)]
  0x0000022373ed3690 JavaThread "Execution worker Thread 2" [_thread_blocked, id=12536, stack(0x000000e718e00000,0x000000e718f00000)]
  0x0000022373ed2c70 JavaThread "Execution worker Thread 3" [_thread_blocked, id=6564, stack(0x000000e719000000,0x000000e719100000)]
  0x0000022373ed3ba0 JavaThread "Execution worker Thread 4" [_thread_blocked, id=332, stack(0x000000e719100000,0x000000e719200000)]
  0x0000022373ed40b0 JavaThread "Execution worker Thread 5" [_thread_blocked, id=6252, stack(0x000000e719200000,0x000000e719300000)]
  0x0000022373ed45c0 JavaThread "Execution worker Thread 6" [_thread_blocked, id=10604, stack(0x000000e719300000,0x000000e719400000)]
  0x0000022373ed2760 JavaThread "Execution worker Thread 7" [_thread_blocked, id=7892, stack(0x000000e719400000,0x000000e719500000)]
  0x0000022373ed54f0 JavaThread "Cache worker for execution history cache (D:\baitap\NAM_4\FaceSach\.gradle\8.11.1\executionHistory)" [_thread_blocked, id=7564, stack(0x000000e719500000,0x000000e719600000)]
  0x0000022373ed5a00 JavaThread "Build operations Thread 2" [_thread_blocked, id=6340, stack(0x000000e719600000,0x000000e719700000)]
  0x0000022373ed5f10 JavaThread "Build operations Thread 3" [_thread_blocked, id=16132, stack(0x000000e719700000,0x000000e719800000)]
  0x0000022373ed96c0 JavaThread "Build operations Thread 4" [_thread_blocked, id=14444, stack(0x000000e719800000,0x000000e719900000)]
  0x0000022373ed6e40 JavaThread "Build operations Thread 5" [_thread_blocked, id=13292, stack(0x000000e719900000,0x000000e719a00000)]
  0x0000022373ed7d70 JavaThread "Build operations Thread 6" [_thread_blocked, id=13440, stack(0x000000e719a00000,0x000000e719b00000)]
  0x0000022373ed8280 JavaThread "Build operations Thread 7" [_thread_blocked, id=14816, stack(0x000000e719b00000,0x000000e719c00000)]
  0x0000022373ed6420 JavaThread "Build operations Thread 8" [_thread_blocked, id=15980, stack(0x000000e719c00000,0x000000e719d00000)]

Other Threads:
=>0x000002236b4b74a0 VMThread "VM Thread" [stack: 0x000000e715d00000,0x000000e715e00000] [id=5276]
  0x000002234d2f0020 WatcherThread [stack: 0x000000e716900000,0x000000e716a00000] [id=15780]
  0x000002234d2c4f70 GCTaskThread "GC Thread#0" [stack: 0x000000e715800000,0x000000e715900000] [id=10712]
  0x00000223703cf820 GCTaskThread "GC Thread#1" [stack: 0x000000e716c00000,0x000000e716d00000] [id=6796]
  0x00000223703cfae0 GCTaskThread "GC Thread#2" [stack: 0x000000e716d00000,0x000000e716e00000] [id=11276]
  0x00000223701a0870 GCTaskThread "GC Thread#3" [stack: 0x000000e716e00000,0x000000e716f00000] [id=7788]
  0x00000223701a0b30 GCTaskThread "GC Thread#4" [stack: 0x000000e716f00000,0x000000e717000000] [id=16084]
  0x00000223701a0df0 GCTaskThread "GC Thread#5" [stack: 0x000000e717000000,0x000000e717100000] [id=7288]
  0x000002237321e440 GCTaskThread "GC Thread#6" [stack: 0x000000e718100000,0x000000e718200000] [id=11188]
  0x000002237279ec70 GCTaskThread "GC Thread#7" [stack: 0x000000e718200000,0x000000e718300000] [id=14508]
  0x000002234d2d5dd0 ConcurrentGCThread "G1 Main Marker" [stack: 0x000000e715900000,0x000000e715a00000] [id=10356]
  0x000002234d2d73c0 ConcurrentGCThread "G1 Conc#0" [stack: 0x000000e715a00000,0x000000e715b00000] [id=2876]
  0x0000022375b8a3a0 ConcurrentGCThread "G1 Conc#1" [stack: 0x000000e718300000,0x000000e718400000] [id=14428]
  0x000002234d32e820 ConcurrentGCThread "G1 Refine#0" [stack: 0x000000e715b00000,0x000000e715c00000] [id=4656]
  0x0000022375bd5320 ConcurrentGCThread "G1 Refine#1" [stack: 0x000000e718700000,0x000000e718800000] [id=9368]
  0x0000022375bd5610 ConcurrentGCThread "G1 Refine#2" [stack: 0x000000e718800000,0x000000e718900000] [id=4740]
  0x0000022375bd5bf0 ConcurrentGCThread "G1 Refine#3" [stack: 0x000000e718900000,0x000000e718a00000] [id=14208]
  0x0000022375bd5ee0 ConcurrentGCThread "G1 Refine#4" [stack: 0x000000e718a00000,0x000000e718b00000] [id=11680]
  0x000002236b36b2c0 ConcurrentGCThread "G1 Service" [stack: 0x000000e715c00000,0x000000e715d00000] [id=7092]

Threads with active compile tasks:
C2 CompilerThread0  1150121 20017   !   4       sun.nio.fs.WindowsNativeDispatcher::CreateFile (41 bytes)
C2 CompilerThread1  1150121 19928   !   4       java.io.ObjectOutputStream::writeSerialData (223 bytes)
C2 CompilerThread2  1150121 20010 %     4       org.gradle.api.internal.tasks.compile.incremental.deps.ClassSetAnalysisData::getChangedClassesSince @ 59 (219 bytes)

VM state: at safepoint (normal execution)

VM Mutex/Monitor currently owned by a thread:  ([mutex/lock_event])
[0x000002234b03aeb0] Threads_lock - owner thread: 0x000002236b4b74a0
[0x000002234d264490] Heap_lock - owner thread: 0x0000022373ed3ba0

Heap address: 0x0000000080000000, size: 2048 MB, Compressed Oops mode: 32-bit

CDS archive(s) mapped at: [0x0000022300000000-0x0000022300bd0000-0x0000022300bd0000), size 12386304, SharedBaseAddress: 0x0000022300000000, ArchiveRelocationMode: 1.
Compressed class space mapped at: 0x0000022301000000-0x0000022341000000, reserved size: 1073741824
Narrow klass base: 0x0000022300000000, Narrow klass shift: 0, Narrow klass range: 0x100000000

GC Precious Log:
 CPUs: 8 total, 8 available
 Memory: 16106M
 Large Page Support: Disabled
 NUMA Support: Disabled
 Compressed Oops: Enabled (32-bit)
 Heap Region Size: 1M
 Heap Min Capacity: 8M
 Heap Initial Capacity: 252M
 Heap Max Capacity: 2G
 Pre-touch: Disabled
 Parallel Workers: 8
 Concurrent Workers: 2
 Concurrent Refinement Workers: 8
 Periodic GC: Disabled

Heap:
 garbage-first heap   total 299008K, used 116385K [0x0000000080000000, 0x0000000100000000)
  region size 1024K, 8 young (8192K), 8 survivors (8192K)
 Metaspace       used 106181K, committed 107328K, reserved 1179648K
  class space    used 14566K, committed 15168K, reserved 1048576K

Heap Regions: E=young(eden), S=young(survivor), O=old, HS=humongous(starts), HC=humongous(continues), CS=collection set, F=free, OA=open archive, CA=closed archive, TAMS=top-at-mark-start (previous, next)
|   0|0x0000000080000000, 0x0000000080100000, 0x0000000080100000|100%| O|  |TAMS 0x0000000080100000, 0x0000000080100000| Untracked 
|   1|0x0000000080100000, 0x0000000080200000, 0x0000000080200000|100%|HS|  |TAMS 0x0000000080200000, 0x0000000080200000| Complete 
|   2|0x0000000080200000, 0x0000000080300000, 0x0000000080300000|100%|HC|  |TAMS 0x0000000080300000, 0x0000000080300000| Complete 
|   3|0x0000000080300000, 0x0000000080400000, 0x0000000080400000|100%|HC|  |TAMS 0x0000000080400000, 0x0000000080400000| Complete 
|   4|0x0000000080400000, 0x0000000080500000, 0x0000000080500000|100%| O|  |TAMS 0x0000000080500000, 0x0000000080500000| Untracked 
|   5|0x0000000080500000, 0x0000000080600000, 0x0000000080600000|100%| O|  |TAMS 0x0000000080600000, 0x0000000080600000| Untracked 
|   6|0x0000000080600000, 0x0000000080700000, 0x0000000080700000|100%| O|  |TAMS 0x0000000080700000, 0x0000000080700000| Untracked 
|   7|0x0000000080700000, 0x0000000080800000, 0x0000000080800000|100%|HS|  |TAMS 0x0000000080800000, 0x0000000080800000| Complete 
|   8|0x0000000080800000, 0x0000000080900000, 0x0000000080900000|100%|HS|  |TAMS 0x0000000080900000, 0x0000000080900000| Complete 
|   9|0x0000000080900000, 0x0000000080a00000, 0x0000000080a00000|100%| O|  |TAMS 0x0000000080a00000, 0x0000000080a00000| Untracked 
|  10|0x0000000080a00000, 0x0000000080b00000, 0x0000000080b00000|100%| O|  |TAMS 0x0000000080b00000, 0x0000000080b00000| Untracked 
|  11|0x0000000080b00000, 0x0000000080c00000, 0x0000000080c00000|100%| O|  |TAMS 0x0000000080c00000, 0x0000000080c00000| Untracked 
|  12|0x0000000080c00000, 0x0000000080d00000, 0x0000000080d00000|100%| O|  |TAMS 0x0000000080d00000, 0x0000000080d00000| Untracked 
|  13|0x0000000080d00000, 0x0000000080e00000, 0x0000000080e00000|100%|HS|  |TAMS 0x0000000080e00000, 0x0000000080e00000| Complete 
|  14|0x0000000080e00000, 0x0000000080f00000, 0x0000000080f00000|100%| O|  |TAMS 0x0000000080f00000, 0x0000000080f00000| Untracked 
|  15|0x0000000080f00000, 0x0000000081000000, 0x0000000081000000|100%| O|  |TAMS 0x0000000081000000, 0x0000000081000000| Untracked 
|  16|0x0000000081000000, 0x0000000081100000, 0x0000000081100000|100%| O|  |TAMS 0x0000000081100000, 0x0000000081100000| Untracked 
|  17|0x0000000081100000, 0x0000000081200000, 0x0000000081200000|100%| O|  |TAMS 0x0000000081200000, 0x0000000081200000| Untracked 
|  18|0x0000000081200000, 0x0000000081300000, 0x0000000081300000|100%| O|  |TAMS 0x0000000081300000, 0x0000000081300000| Untracked 
|  19|0x0000000081300000, 0x0000000081400000, 0x0000000081400000|100%| O|  |TAMS 0x0000000081400000, 0x0000000081400000| Untracked 
|  20|0x0000000081400000, 0x0000000081500000, 0x0000000081500000|100%| O|  |TAMS 0x0000000081500000, 0x0000000081500000| Untracked 
|  21|0x0000000081500000, 0x0000000081600000, 0x0000000081600000|100%| O|  |TAMS 0x0000000081600000, 0x0000000081600000| Untracked 
|  22|0x0000000081600000, 0x0000000081700000, 0x0000000081700000|100%| O|  |TAMS 0x0000000081700000, 0x0000000081700000| Untracked 
|  23|0x0000000081700000, 0x0000000081800000, 0x0000000081800000|100%| O|  |TAMS 0x0000000081800000, 0x0000000081800000| Untracked 
|  24|0x0000000081800000, 0x0000000081900000, 0x0000000081900000|100%| O|  |TAMS 0x0000000081900000, 0x0000000081900000| Untracked 
|  25|0x0000000081900000, 0x0000000081a00000, 0x0000000081a00000|100%| O|  |TAMS 0x0000000081a00000, 0x0000000081a00000| Untracked 
|  26|0x0000000081a00000, 0x0000000081b00000, 0x0000000081b00000|100%|HS|  |TAMS 0x0000000081b00000, 0x0000000081b00000| Complete 
|  27|0x0000000081b00000, 0x0000000081c00000, 0x0000000081c00000|100%|HS|  |TAMS 0x0000000081c00000, 0x0000000081c00000| Complete 
|  28|0x0000000081c00000, 0x0000000081c00000, 0x0000000081d00000|  0%| F|  |TAMS 0x0000000081c00000, 0x0000000081c00000| Untracked 
|  29|0x0000000081d00000, 0x0000000081e00000, 0x0000000081e00000|100%| O|  |TAMS 0x0000000081e00000, 0x0000000081e00000| Untracked 
|  30|0x0000000081e00000, 0x0000000081f00000, 0x0000000081f00000|100%| O|  |TAMS 0x0000000081f00000, 0x0000000081f00000| Untracked 
|  31|0x0000000081f00000, 0x0000000082000000, 0x0000000082000000|100%| O|  |TAMS 0x0000000082000000, 0x0000000082000000| Untracked 
|  32|0x0000000082000000, 0x0000000082100000, 0x0000000082100000|100%| O|  |TAMS 0x0000000082100000, 0x0000000082100000| Untracked 
|  33|0x0000000082100000, 0x0000000082200000, 0x0000000082200000|100%| O|  |TAMS 0x0000000082200000, 0x0000000082200000| Untracked 
|  34|0x0000000082200000, 0x0000000082300000, 0x0000000082300000|100%| O|  |TAMS 0x0000000082300000, 0x0000000082300000| Untracked 
|  35|0x0000000082300000, 0x0000000082400000, 0x0000000082400000|100%| O|  |TAMS 0x0000000082400000, 0x0000000082400000| Untracked 
|  36|0x0000000082400000, 0x0000000082500000, 0x0000000082500000|100%| O|  |TAMS 0x0000000082500000, 0x0000000082500000| Untracked 
|  37|0x0000000082500000, 0x0000000082600000, 0x0000000082600000|100%| O|  |TAMS 0x0000000082600000, 0x0000000082600000| Untracked 
|  38|0x0000000082600000, 0x0000000082700000, 0x0000000082700000|100%| O|  |TAMS 0x0000000082700000, 0x0000000082700000| Untracked 
|  39|0x0000000082700000, 0x0000000082800000, 0x0000000082800000|100%| O|  |TAMS 0x0000000082800000, 0x0000000082800000| Untracked 
|  40|0x0000000082800000, 0x0000000082900000, 0x0000000082900000|100%| O|  |TAMS 0x0000000082900000, 0x0000000082900000| Untracked 
|  41|0x0000000082900000, 0x0000000082a00000, 0x0000000082a00000|100%| O|  |TAMS 0x0000000082a00000, 0x0000000082a00000| Untracked 
|  42|0x0000000082a00000, 0x0000000082b00000, 0x0000000082b00000|100%| O|  |TAMS 0x0000000082b00000, 0x0000000082b00000| Untracked 
|  43|0x0000000082b00000, 0x0000000082c00000, 0x0000000082c00000|100%|HS|  |TAMS 0x0000000082c00000, 0x0000000082c00000| Complete 
|  44|0x0000000082c00000, 0x0000000082d00000, 0x0000000082d00000|100%|HS|  |TAMS 0x0000000082d00000, 0x0000000082d00000| Complete 
|  45|0x0000000082d00000, 0x0000000082e00000, 0x0000000082e00000|100%| O|  |TAMS 0x0000000082e00000, 0x0000000082e00000| Untracked 
|  46|0x0000000082e00000, 0x0000000082f00000, 0x0000000082f00000|100%| O|  |TAMS 0x0000000082f00000, 0x0000000082f00000| Untracked 
|  47|0x0000000082f00000, 0x0000000083000000, 0x0000000083000000|100%| O|  |TAMS 0x0000000083000000, 0x0000000083000000| Untracked 
|  48|0x0000000083000000, 0x0000000083100000, 0x0000000083100000|100%| O|  |TAMS 0x0000000083100000, 0x0000000083100000| Untracked 
|  49|0x0000000083100000, 0x0000000083200000, 0x0000000083200000|100%| O|  |TAMS 0x0000000083200000, 0x0000000083200000| Untracked 
|  50|0x0000000083200000, 0x0000000083200000, 0x0000000083300000|  0%| F|  |TAMS 0x0000000083200000, 0x0000000083200000| Untracked 
|  51|0x0000000083300000, 0x0000000083400000, 0x0000000083400000|100%| O|  |TAMS 0x0000000083400000, 0x0000000083400000| Untracked 
|  52|0x0000000083400000, 0x0000000083400000, 0x0000000083500000|  0%| F|  |TAMS 0x0000000083400000, 0x0000000083400000| Untracked 
|  53|0x0000000083500000, 0x0000000083600000, 0x0000000083600000|100%| O|  |TAMS 0x0000000083600000, 0x0000000083600000| Untracked 
|  54|0x0000000083600000, 0x0000000083700000, 0x0000000083700000|100%| O|  |TAMS 0x0000000083700000, 0x0000000083700000| Untracked 
|  55|0x0000000083700000, 0x0000000083800000, 0x0000000083800000|100%| O|  |TAMS 0x0000000083800000, 0x0000000083800000| Untracked 
|  56|0x0000000083800000, 0x0000000083900000, 0x0000000083900000|100%| O|  |TAMS 0x0000000083900000, 0x0000000083900000| Untracked 
|  57|0x0000000083900000, 0x0000000083a00000, 0x0000000083a00000|100%| O|  |TAMS 0x0000000083a00000, 0x0000000083a00000| Untracked 
|  58|0x0000000083a00000, 0x0000000083a00000, 0x0000000083b00000|  0%| F|  |TAMS 0x0000000083a00000, 0x0000000083a00000| Untracked 
|  59|0x0000000083b00000, 0x0000000083c00000, 0x0000000083c00000|100%| O|  |TAMS 0x0000000083c00000, 0x0000000083c00000| Untracked 
|  60|0x0000000083c00000, 0x0000000083d00000, 0x0000000083d00000|100%| O|  |TAMS 0x0000000083d00000, 0x0000000083d00000| Untracked 
|  61|0x0000000083d00000, 0x0000000083e00000, 0x0000000083e00000|100%| O|  |TAMS 0x0000000083e00000, 0x0000000083e00000| Untracked 
|  62|0x0000000083e00000, 0x0000000083f00000, 0x0000000083f00000|100%| O|  |TAMS 0x0000000083f00000, 0x0000000083f00000| Untracked 
|  63|0x0000000083f00000, 0x0000000084000000, 0x0000000084000000|100%| O|  |TAMS 0x0000000084000000, 0x0000000084000000| Untracked 
|  64|0x0000000084000000, 0x0000000084100000, 0x0000000084100000|100%| O|  |TAMS 0x0000000084100000, 0x0000000084100000| Untracked 
|  65|0x0000000084100000, 0x0000000084200000, 0x0000000084200000|100%| O|  |TAMS 0x0000000084100000, 0x0000000084200000| Untracked 
|  66|0x0000000084200000, 0x0000000084200000, 0x0000000084300000|  0%| F|  |TAMS 0x0000000084200000, 0x0000000084200000| Untracked 
|  67|0x0000000084300000, 0x0000000084400000, 0x0000000084400000|100%| O|  |TAMS 0x0000000084300000, 0x0000000084400000| Untracked 
|  68|0x0000000084400000, 0x0000000084500000, 0x0000000084500000|100%| O|  |TAMS 0x0000000084400000, 0x0000000084500000| Untracked 
|  69|0x0000000084500000, 0x0000000084600000, 0x0000000084600000|100%| O|  |TAMS 0x0000000084600000, 0x0000000084600000| Untracked 
|  70|0x0000000084600000, 0x0000000084700000, 0x0000000084700000|100%| O|  |TAMS 0x0000000084620a00, 0x0000000084700000| Untracked 
|  71|0x0000000084700000, 0x0000000084700000, 0x0000000084800000|  0%| F|  |TAMS 0x0000000084700000, 0x0000000084700000| Untracked 
|  72|0x0000000084800000, 0x0000000084800000, 0x0000000084900000|  0%| F|  |TAMS 0x0000000084800000, 0x0000000084800000| Untracked 
|  73|0x0000000084900000, 0x0000000084a00000, 0x0000000084a00000|100%| O|  |TAMS 0x0000000084a00000, 0x0000000084a00000| Untracked 
|  74|0x0000000084a00000, 0x0000000084b00000, 0x0000000084b00000|100%| O|  |TAMS 0x0000000084b00000, 0x0000000084b00000| Untracked 
|  75|0x0000000084b00000, 0x0000000084c00000, 0x0000000084c00000|100%| O|  |TAMS 0x0000000084c00000, 0x0000000084c00000| Untracked 
|  76|0x0000000084c00000, 0x0000000084d00000, 0x0000000084d00000|100%| O|  |TAMS 0x0000000084d00000, 0x0000000084d00000| Untracked 
|  77|0x0000000084d00000, 0x0000000084e00000, 0x0000000084e00000|100%| O|  |TAMS 0x0000000084d00000, 0x0000000084e00000| Untracked 
|  78|0x0000000084e00000, 0x0000000084f00000, 0x0000000084f00000|100%| O|  |TAMS 0x0000000084e00000, 0x0000000084f00000| Untracked 
|  79|0x0000000084f00000, 0x0000000085000000, 0x0000000085000000|100%| O|  |TAMS 0x0000000084f00000, 0x0000000085000000| Untracked 
|  80|0x0000000085000000, 0x0000000085100000, 0x0000000085100000|100%| O|  |TAMS 0x0000000085100000, 0x0000000085100000| Untracked 
|  81|0x0000000085100000, 0x0000000085200000, 0x0000000085200000|100%| O|  |TAMS 0x0000000085200000, 0x0000000085200000| Untracked 
|  82|0x0000000085200000, 0x0000000085300000, 0x0000000085300000|100%| O|  |TAMS 0x0000000085300000, 0x0000000085300000| Untracked 
|  83|0x0000000085300000, 0x0000000085400000, 0x0000000085400000|100%| O|  |TAMS 0x0000000085300000, 0x0000000085400000| Untracked 
|  84|0x0000000085400000, 0x0000000085500000, 0x0000000085500000|100%| O|  |TAMS 0x0000000085400000, 0x0000000085500000| Untracked 
|  85|0x0000000085500000, 0x000000008558aa00, 0x0000000085600000| 54%| O|  |TAMS 0x0000000085500000, 0x000000008558aa00| Untracked 
|  86|0x0000000085600000, 0x0000000085600000, 0x0000000085700000|  0%| F|  |TAMS 0x0000000085600000, 0x0000000085600000| Untracked 
|  87|0x0000000085700000, 0x0000000085700000, 0x0000000085800000|  0%| F|  |TAMS 0x0000000085700000, 0x0000000085700000| Untracked 
|  88|0x0000000085800000, 0x0000000085800000, 0x0000000085900000|  0%| F|  |TAMS 0x0000000085800000, 0x0000000085800000| Untracked 
|  89|0x0000000085900000, 0x0000000085a00000, 0x0000000085a00000|100%| O|  |TAMS 0x0000000085a00000, 0x0000000085a00000| Untracked 
|  90|0x0000000085a00000, 0x0000000085a00000, 0x0000000085b00000|  0%| F|  |TAMS 0x0000000085a00000, 0x0000000085a00000| Untracked 
|  91|0x0000000085b00000, 0x0000000085b00000, 0x0000000085c00000|  0%| F|  |TAMS 0x0000000085b00000, 0x0000000085b00000| Untracked 
|  92|0x0000000085c00000, 0x0000000085c00000, 0x0000000085d00000|  0%| F|  |TAMS 0x0000000085c00000, 0x0000000085c00000| Untracked 
|  93|0x0000000085d00000, 0x0000000085d00000, 0x0000000085e00000|  0%| F|  |TAMS 0x0000000085d00000, 0x0000000085d00000| Untracked 
|  94|0x0000000085e00000, 0x0000000085e00000, 0x0000000085f00000|  0%| F|  |TAMS 0x0000000085e00000, 0x0000000085e00000| Untracked 
|  95|0x0000000085f00000, 0x0000000086000000, 0x0000000086000000|100%| O|  |TAMS 0x0000000086000000, 0x0000000086000000| Untracked 
|  96|0x0000000086000000, 0x0000000086000000, 0x0000000086100000|  0%| F|  |TAMS 0x0000000086000000, 0x0000000086000000| Untracked 
|  97|0x0000000086100000, 0x0000000086100000, 0x0000000086200000|  0%| F|  |TAMS 0x0000000086100000, 0x0000000086100000| Untracked 
|  98|0x0000000086200000, 0x0000000086300000, 0x0000000086300000|100%| O|  |TAMS 0x0000000086300000, 0x0000000086300000| Untracked 
|  99|0x0000000086300000, 0x0000000086400000, 0x0000000086400000|100%| O|  |TAMS 0x0000000086400000, 0x0000000086400000| Untracked 
| 100|0x0000000086400000, 0x0000000086500000, 0x0000000086500000|100%| O|  |TAMS 0x0000000086500000, 0x0000000086500000| Untracked 
| 101|0x0000000086500000, 0x0000000086600000, 0x0000000086600000|100%| O|  |TAMS 0x0000000086600000, 0x0000000086600000| Untracked 
| 102|0x0000000086600000, 0x0000000086700000, 0x0000000086700000|100%| O|  |TAMS 0x0000000086700000, 0x0000000086700000| Untracked 
| 103|0x0000000086700000, 0x0000000086800000, 0x0000000086800000|100%| O|  |TAMS 0x0000000086800000, 0x0000000086800000| Untracked 
| 104|0x0000000086800000, 0x0000000086900000, 0x0000000086900000|100%| O|  |TAMS 0x0000000086900000, 0x0000000086900000| Untracked 
| 105|0x0000000086900000, 0x0000000086a00000, 0x0000000086a00000|100%| O|  |TAMS 0x0000000086a00000, 0x0000000086a00000| Untracked 
| 106|0x0000000086a00000, 0x0000000086b00000, 0x0000000086b00000|100%| O|  |TAMS 0x0000000086b00000, 0x0000000086b00000| Untracked 
| 107|0x0000000086b00000, 0x0000000086c00000, 0x0000000086c00000|100%| O|  |TAMS 0x0000000086c00000, 0x0000000086c00000| Untracked 
| 108|0x0000000086c00000, 0x0000000086d00000, 0x0000000086d00000|100%| O|  |TAMS 0x0000000086d00000, 0x0000000086d00000| Untracked 
| 109|0x0000000086d00000, 0x0000000086e00000, 0x0000000086e00000|100%| O|  |TAMS 0x0000000086e00000, 0x0000000086e00000| Untracked 
| 110|0x0000000086e00000, 0x0000000086f00000, 0x0000000086f00000|100%| O|  |TAMS 0x0000000086f00000, 0x0000000086f00000| Untracked 
| 111|0x0000000086f00000, 0x0000000087000000, 0x0000000087000000|100%| O|  |TAMS 0x0000000087000000, 0x0000000087000000| Untracked 
| 112|0x0000000087000000, 0x0000000087100000, 0x0000000087100000|100%| O|  |TAMS 0x0000000087100000, 0x0000000087100000| Untracked 
| 113|0x0000000087100000, 0x0000000087100000, 0x0000000087200000|  0%| F|  |TAMS 0x0000000087100000, 0x0000000087100000| Untracked 
| 114|0x0000000087200000, 0x0000000087200000, 0x0000000087300000|  0%| F|  |TAMS 0x0000000087200000, 0x0000000087200000| Untracked 
| 115|0x0000000087300000, 0x0000000087300000, 0x0000000087400000|  0%| F|  |TAMS 0x0000000087300000, 0x0000000087300000| Untracked 
| 116|0x0000000087400000, 0x0000000087500000, 0x0000000087500000|100%| O|  |TAMS 0x0000000087500000, 0x0000000087500000| Untracked 
| 117|0x0000000087500000, 0x0000000087600000, 0x0000000087600000|100%| O|  |TAMS 0x0000000087600000, 0x0000000087600000| Untracked 
| 118|0x0000000087600000, 0x0000000087700000, 0x0000000087700000|100%| O|  |TAMS 0x0000000087700000, 0x0000000087700000| Untracked 
| 119|0x0000000087700000, 0x0000000087800000, 0x0000000087800000|100%| O|  |TAMS 0x0000000087800000, 0x0000000087800000| Untracked 
| 120|0x0000000087800000, 0x0000000087900000, 0x0000000087900000|100%|HS|  |TAMS 0x0000000087900000, 0x0000000087900000| Complete 
| 121|0x0000000087900000, 0x0000000087900000, 0x0000000087a00000|  0%| F|  |TAMS 0x0000000087900000, 0x0000000087900000| Untracked 
| 122|0x0000000087a00000, 0x0000000087a00000, 0x0000000087b00000|  0%| F|  |TAMS 0x0000000087a00000, 0x0000000087a00000| Untracked 
| 123|0x0000000087b00000, 0x0000000087b00000, 0x0000000087c00000|  0%| F|  |TAMS 0x0000000087b00000, 0x0000000087b00000| Untracked 
| 124|0x0000000087c00000, 0x0000000087c00000, 0x0000000087d00000|  0%| F|  |TAMS 0x0000000087c00000, 0x0000000087c00000| Untracked 
| 125|0x0000000087d00000, 0x0000000087d00000, 0x0000000087e00000|  0%| F|  |TAMS 0x0000000087d00000, 0x0000000087d00000| Untracked 
| 126|0x0000000087e00000, 0x0000000087e00000, 0x0000000087f00000|  0%| F|  |TAMS 0x0000000087e00000, 0x0000000087e00000| Untracked 
| 127|0x0000000087f00000, 0x0000000087f00000, 0x0000000088000000|  0%| F|  |TAMS 0x0000000087f00000, 0x0000000087f00000| Untracked 
| 128|0x0000000088000000, 0x0000000088000000, 0x0000000088100000|  0%| F|  |TAMS 0x0000000088000000, 0x0000000088000000| Untracked 
| 129|0x0000000088100000, 0x0000000088100000, 0x0000000088200000|  0%| F|  |TAMS 0x0000000088100000, 0x0000000088100000| Untracked 
| 130|0x0000000088200000, 0x0000000088200000, 0x0000000088300000|  0%| F|  |TAMS 0x0000000088200000, 0x0000000088200000| Untracked 
| 131|0x0000000088300000, 0x0000000088300000, 0x0000000088400000|  0%| F|  |TAMS 0x0000000088300000, 0x0000000088300000| Untracked 
| 132|0x0000000088400000, 0x0000000088500000, 0x0000000088500000|100%| O|  |TAMS 0x0000000088500000, 0x0000000088500000| Untracked 
| 133|0x0000000088500000, 0x0000000088600000, 0x0000000088600000|100%| O|  |TAMS 0x0000000088600000, 0x0000000088600000| Untracked 
| 134|0x0000000088600000, 0x0000000088700000, 0x0000000088700000|100%| O|  |TAMS 0x0000000088700000, 0x0000000088700000| Untracked 
| 135|0x0000000088700000, 0x0000000088800000, 0x0000000088800000|100%| O|  |TAMS 0x0000000088800000, 0x0000000088800000| Untracked 
| 136|0x0000000088800000, 0x0000000088900000, 0x0000000088900000|100%| O|  |TAMS 0x0000000088900000, 0x0000000088900000| Untracked 
| 137|0x0000000088900000, 0x0000000088a00000, 0x0000000088a00000|100%| O|  |TAMS 0x0000000088a00000, 0x0000000088a00000| Untracked 
| 138|0x0000000088a00000, 0x0000000088a00000, 0x0000000088b00000|  0%| F|  |TAMS 0x0000000088a00000, 0x0000000088a00000| Untracked 
| 139|0x0000000088b00000, 0x0000000088b00000, 0x0000000088c00000|  0%| F|  |TAMS 0x0000000088b00000, 0x0000000088b00000| Untracked 
| 140|0x0000000088c00000, 0x0000000088c00000, 0x0000000088d00000|  0%| F|  |TAMS 0x0000000088c00000, 0x0000000088c00000| Untracked 
| 141|0x0000000088d00000, 0x0000000088d00000, 0x0000000088e00000|  0%| F|  |TAMS 0x0000000088d00000, 0x0000000088d00000| Untracked 
| 142|0x0000000088e00000, 0x0000000088e00000, 0x0000000088f00000|  0%| F|  |TAMS 0x0000000088e00000, 0x0000000088e00000| Untracked 
| 143|0x0000000088f00000, 0x0000000088f00000, 0x0000000089000000|  0%| F|  |TAMS 0x0000000088f00000, 0x0000000088f00000| Untracked 
| 144|0x0000000089000000, 0x0000000089000000, 0x0000000089100000|  0%| F|  |TAMS 0x0000000089000000, 0x0000000089000000| Untracked 
| 145|0x0000000089100000, 0x0000000089100000, 0x0000000089200000|  0%| F|  |TAMS 0x0000000089100000, 0x0000000089100000| Untracked 
| 146|0x0000000089200000, 0x0000000089200000, 0x0000000089300000|  0%| F|  |TAMS 0x0000000089200000, 0x0000000089200000| Untracked 
| 147|0x0000000089300000, 0x0000000089300000, 0x0000000089400000|  0%| F|  |TAMS 0x0000000089300000, 0x0000000089300000| Untracked 
| 148|0x0000000089400000, 0x0000000089400000, 0x0000000089500000|  0%| F|  |TAMS 0x0000000089400000, 0x0000000089400000| Untracked 
| 149|0x0000000089500000, 0x0000000089500000, 0x0000000089600000|  0%| F|  |TAMS 0x0000000089500000, 0x0000000089500000| Untracked 
| 150|0x0000000089600000, 0x0000000089600000, 0x0000000089700000|  0%| F|  |TAMS 0x0000000089600000, 0x0000000089600000| Untracked 
| 151|0x0000000089700000, 0x0000000089700000, 0x0000000089800000|  0%| F|  |TAMS 0x0000000089700000, 0x0000000089700000| Untracked 
| 152|0x0000000089800000, 0x0000000089800000, 0x0000000089900000|  0%| F|  |TAMS 0x0000000089800000, 0x0000000089800000| Untracked 
| 153|0x0000000089900000, 0x0000000089900000, 0x0000000089a00000|  0%| F|  |TAMS 0x0000000089900000, 0x0000000089900000| Untracked 
| 154|0x0000000089a00000, 0x0000000089a00000, 0x0000000089b00000|  0%| F|  |TAMS 0x0000000089a00000, 0x0000000089a00000| Untracked 
| 155|0x0000000089b00000, 0x0000000089b00000, 0x0000000089c00000|  0%| F|  |TAMS 0x0000000089b00000, 0x0000000089b00000| Untracked 
| 156|0x0000000089c00000, 0x0000000089c00000, 0x0000000089d00000|  0%| F|  |TAMS 0x0000000089c00000, 0x0000000089c00000| Untracked 
| 157|0x0000000089d00000, 0x0000000089d00000, 0x0000000089e00000|  0%| F|  |TAMS 0x0000000089d00000, 0x0000000089d00000| Untracked 
| 158|0x0000000089e00000, 0x0000000089e00000, 0x0000000089f00000|  0%| F|  |TAMS 0x0000000089e00000, 0x0000000089e00000| Untracked 
| 159|0x0000000089f00000, 0x0000000089f00000, 0x000000008a000000|  0%| F|  |TAMS 0x0000000089f00000, 0x0000000089f00000| Untracked 
| 160|0x000000008a000000, 0x000000008a000000, 0x000000008a100000|  0%| F|  |TAMS 0x000000008a000000, 0x000000008a000000| Untracked 
| 161|0x000000008a100000, 0x000000008a100000, 0x000000008a200000|  0%| F|  |TAMS 0x000000008a100000, 0x000000008a100000| Untracked 
| 162|0x000000008a200000, 0x000000008a200000, 0x000000008a300000|  0%| F|  |TAMS 0x000000008a200000, 0x000000008a200000| Untracked 
| 163|0x000000008a300000, 0x000000008a300000, 0x000000008a400000|  0%| F|  |TAMS 0x000000008a300000, 0x000000008a300000| Untracked 
| 164|0x000000008a400000, 0x000000008a400000, 0x000000008a500000|  0%| F|  |TAMS 0x000000008a400000, 0x000000008a400000| Untracked 
| 165|0x000000008a500000, 0x000000008a500000, 0x000000008a600000|  0%| F|  |TAMS 0x000000008a500000, 0x000000008a500000| Untracked 
| 166|0x000000008a600000, 0x000000008a600000, 0x000000008a700000|  0%| F|  |TAMS 0x000000008a600000, 0x000000008a600000| Untracked 
| 167|0x000000008a700000, 0x000000008a700000, 0x000000008a800000|  0%| F|  |TAMS 0x000000008a700000, 0x000000008a700000| Untracked 
| 168|0x000000008a800000, 0x000000008a800000, 0x000000008a900000|  0%| F|  |TAMS 0x000000008a800000, 0x000000008a800000| Untracked 
| 169|0x000000008a900000, 0x000000008a900000, 0x000000008aa00000|  0%| F|  |TAMS 0x000000008a900000, 0x000000008a900000| Untracked 
| 170|0x000000008aa00000, 0x000000008aa00000, 0x000000008ab00000|  0%| F|  |TAMS 0x000000008aa00000, 0x000000008aa00000| Untracked 
| 171|0x000000008ab00000, 0x000000008ab00000, 0x000000008ac00000|  0%| F|  |TAMS 0x000000008ab00000, 0x000000008ab00000| Untracked 
| 172|0x000000008ac00000, 0x000000008ac00000, 0x000000008ad00000|  0%| F|  |TAMS 0x000000008ac00000, 0x000000008ac00000| Untracked 
| 173|0x000000008ad00000, 0x000000008ad00000, 0x000000008ae00000|  0%| F|  |TAMS 0x000000008ad00000, 0x000000008ad00000| Untracked 
| 174|0x000000008ae00000, 0x000000008ae00000, 0x000000008af00000|  0%| F|  |TAMS 0x000000008ae00000, 0x000000008ae00000| Untracked 
| 175|0x000000008af00000, 0x000000008af00000, 0x000000008b000000|  0%| F|  |TAMS 0x000000008af00000, 0x000000008af00000| Untracked 
| 176|0x000000008b000000, 0x000000008b000000, 0x000000008b100000|  0%| F|  |TAMS 0x000000008b000000, 0x000000008b000000| Untracked 
| 177|0x000000008b100000, 0x000000008b100000, 0x000000008b200000|  0%| F|  |TAMS 0x000000008b100000, 0x000000008b100000| Untracked 
| 178|0x000000008b200000, 0x000000008b200000, 0x000000008b300000|  0%| F|  |TAMS 0x000000008b200000, 0x000000008b200000| Untracked 
| 179|0x000000008b300000, 0x000000008b300000, 0x000000008b400000|  0%| F|  |TAMS 0x000000008b300000, 0x000000008b300000| Untracked 
| 180|0x000000008b400000, 0x000000008b400000, 0x000000008b500000|  0%| F|  |TAMS 0x000000008b400000, 0x000000008b400000| Untracked 
| 181|0x000000008b500000, 0x000000008b500000, 0x000000008b600000|  0%| F|  |TAMS 0x000000008b500000, 0x000000008b500000| Untracked 
| 182|0x000000008b600000, 0x000000008b600000, 0x000000008b700000|  0%| F|  |TAMS 0x000000008b600000, 0x000000008b600000| Untracked 
| 183|0x000000008b700000, 0x000000008b700000, 0x000000008b800000|  0%| F|  |TAMS 0x000000008b700000, 0x000000008b700000| Untracked 
| 184|0x000000008b800000, 0x000000008b800000, 0x000000008b900000|  0%| F|  |TAMS 0x000000008b800000, 0x000000008b800000| Untracked 
| 185|0x000000008b900000, 0x000000008b900000, 0x000000008ba00000|  0%| F|  |TAMS 0x000000008b900000, 0x000000008b900000| Untracked 
| 186|0x000000008ba00000, 0x000000008ba00000, 0x000000008bb00000|  0%| F|  |TAMS 0x000000008ba00000, 0x000000008ba00000| Untracked 
| 187|0x000000008bb00000, 0x000000008bb00000, 0x000000008bc00000|  0%| F|  |TAMS 0x000000008bb00000, 0x000000008bb00000| Untracked 
| 188|0x000000008bc00000, 0x000000008bc00000, 0x000000008bd00000|  0%| F|  |TAMS 0x000000008bc00000, 0x000000008bc00000| Untracked 
| 189|0x000000008bd00000, 0x000000008bd00000, 0x000000008be00000|  0%| F|  |TAMS 0x000000008bd00000, 0x000000008bd00000| Untracked 
| 190|0x000000008be00000, 0x000000008be00000, 0x000000008bf00000|  0%| F|  |TAMS 0x000000008be00000, 0x000000008be00000| Untracked 
| 191|0x000000008bf00000, 0x000000008bf00000, 0x000000008c000000|  0%| F|  |TAMS 0x000000008bf00000, 0x000000008bf00000| Untracked 
| 192|0x000000008c000000, 0x000000008c000000, 0x000000008c100000|  0%| F|  |TAMS 0x000000008c000000, 0x000000008c000000| Untracked 
| 193|0x000000008c100000, 0x000000008c100000, 0x000000008c200000|  0%| F|  |TAMS 0x000000008c100000, 0x000000008c100000| Untracked 
| 194|0x000000008c200000, 0x000000008c200000, 0x000000008c300000|  0%| F|  |TAMS 0x000000008c200000, 0x000000008c200000| Untracked 
| 195|0x000000008c300000, 0x000000008c300000, 0x000000008c400000|  0%| F|  |TAMS 0x000000008c300000, 0x000000008c300000| Untracked 
| 196|0x000000008c400000, 0x000000008c400000, 0x000000008c500000|  0%| F|  |TAMS 0x000000008c400000, 0x000000008c400000| Untracked 
| 197|0x000000008c500000, 0x000000008c500000, 0x000000008c600000|  0%| F|  |TAMS 0x000000008c500000, 0x000000008c500000| Untracked 
| 198|0x000000008c600000, 0x000000008c600000, 0x000000008c700000|  0%| F|  |TAMS 0x000000008c600000, 0x000000008c600000| Untracked 
| 199|0x000000008c700000, 0x000000008c700000, 0x000000008c800000|  0%| F|  |TAMS 0x000000008c700000, 0x000000008c700000| Untracked 
| 200|0x000000008c800000, 0x000000008c800000, 0x000000008c900000|  0%| F|  |TAMS 0x000000008c800000, 0x000000008c800000| Untracked 
| 201|0x000000008c900000, 0x000000008c900000, 0x000000008ca00000|  0%| F|  |TAMS 0x000000008c900000, 0x000000008c900000| Untracked 
| 202|0x000000008ca00000, 0x000000008ca00000, 0x000000008cb00000|  0%| F|  |TAMS 0x000000008ca00000, 0x000000008ca00000| Untracked 
| 203|0x000000008cb00000, 0x000000008cb00000, 0x000000008cc00000|  0%| F|  |TAMS 0x000000008cb00000, 0x000000008cb00000| Untracked 
| 204|0x000000008cc00000, 0x000000008cc00000, 0x000000008cd00000|  0%| F|  |TAMS 0x000000008cc00000, 0x000000008cc00000| Untracked 
| 205|0x000000008cd00000, 0x000000008cd00000, 0x000000008ce00000|  0%| F|  |TAMS 0x000000008cd00000, 0x000000008cd00000| Untracked 
| 206|0x000000008ce00000, 0x000000008ce00000, 0x000000008cf00000|  0%| F|  |TAMS 0x000000008ce00000, 0x000000008ce00000| Untracked 
| 207|0x000000008cf00000, 0x000000008cf00000, 0x000000008d000000|  0%| F|  |TAMS 0x000000008cf00000, 0x000000008cf00000| Untracked 
| 208|0x000000008d000000, 0x000000008d000000, 0x000000008d100000|  0%| F|  |TAMS 0x000000008d000000, 0x000000008d000000| Untracked 
| 209|0x000000008d100000, 0x000000008d100000, 0x000000008d200000|  0%| F|  |TAMS 0x000000008d100000, 0x000000008d100000| Untracked 
| 210|0x000000008d200000, 0x000000008d200000, 0x000000008d300000|  0%| F|  |TAMS 0x000000008d200000, 0x000000008d200000| Untracked 
| 211|0x000000008d300000, 0x000000008d300000, 0x000000008d400000|  0%| F|  |TAMS 0x000000008d300000, 0x000000008d300000| Untracked 
| 212|0x000000008d400000, 0x000000008d400000, 0x000000008d500000|  0%| F|  |TAMS 0x000000008d400000, 0x000000008d400000| Untracked 
| 213|0x000000008d500000, 0x000000008d500000, 0x000000008d600000|  0%| F|  |TAMS 0x000000008d500000, 0x000000008d500000| Untracked 
| 214|0x000000008d600000, 0x000000008d600000, 0x000000008d700000|  0%| F|  |TAMS 0x000000008d600000, 0x000000008d600000| Untracked 
| 215|0x000000008d700000, 0x000000008d700000, 0x000000008d800000|  0%| F|  |TAMS 0x000000008d700000, 0x000000008d700000| Untracked 
| 216|0x000000008d800000, 0x000000008d800000, 0x000000008d900000|  0%| F|  |TAMS 0x000000008d800000, 0x000000008d800000| Untracked 
| 217|0x000000008d900000, 0x000000008d900000, 0x000000008da00000|  0%| F|  |TAMS 0x000000008d900000, 0x000000008d900000| Untracked 
| 218|0x000000008da00000, 0x000000008da00000, 0x000000008db00000|  0%| F|  |TAMS 0x000000008da00000, 0x000000008da00000| Untracked 
| 219|0x000000008db00000, 0x000000008db00000, 0x000000008dc00000|  0%| F|  |TAMS 0x000000008db00000, 0x000000008db00000| Untracked 
| 220|0x000000008dc00000, 0x000000008dc00000, 0x000000008dd00000|  0%| F|  |TAMS 0x000000008dc00000, 0x000000008dc00000| Untracked 
| 221|0x000000008dd00000, 0x000000008dd00000, 0x000000008de00000|  0%| F|  |TAMS 0x000000008dd00000, 0x000000008dd00000| Untracked 
| 222|0x000000008de00000, 0x000000008de00000, 0x000000008df00000|  0%| F|  |TAMS 0x000000008de00000, 0x000000008de00000| Untracked 
| 223|0x000000008df00000, 0x000000008df00000, 0x000000008e000000|  0%| F|  |TAMS 0x000000008df00000, 0x000000008df00000| Untracked 
| 224|0x000000008e000000, 0x000000008e000000, 0x000000008e100000|  0%| F|  |TAMS 0x000000008e000000, 0x000000008e000000| Untracked 
| 225|0x000000008e100000, 0x000000008e100000, 0x000000008e200000|  0%| F|  |TAMS 0x000000008e100000, 0x000000008e100000| Untracked 
| 226|0x000000008e200000, 0x000000008e200000, 0x000000008e300000|  0%| F|  |TAMS 0x000000008e200000, 0x000000008e200000| Untracked 
| 227|0x000000008e300000, 0x000000008e300000, 0x000000008e400000|  0%| F|  |TAMS 0x000000008e300000, 0x000000008e300000| Untracked 
| 228|0x000000008e400000, 0x000000008e400000, 0x000000008e500000|  0%| F|  |TAMS 0x000000008e400000, 0x000000008e400000| Untracked 
| 229|0x000000008e500000, 0x000000008e500000, 0x000000008e600000|  0%| F|  |TAMS 0x000000008e500000, 0x000000008e500000| Untracked 
| 230|0x000000008e600000, 0x000000008e600000, 0x000000008e700000|  0%| F|  |TAMS 0x000000008e600000, 0x000000008e600000| Untracked 
| 231|0x000000008e700000, 0x000000008e700000, 0x000000008e800000|  0%| F|  |TAMS 0x000000008e700000, 0x000000008e700000| Untracked 
| 232|0x000000008e800000, 0x000000008e800000, 0x000000008e900000|  0%| F|  |TAMS 0x000000008e800000, 0x000000008e800000| Untracked 
| 233|0x000000008e900000, 0x000000008e900000, 0x000000008ea00000|  0%| F|  |TAMS 0x000000008e900000, 0x000000008e900000| Untracked 
| 234|0x000000008ea00000, 0x000000008ea00000, 0x000000008eb00000|  0%| F|  |TAMS 0x000000008ea00000, 0x000000008ea00000| Untracked 
| 235|0x000000008eb00000, 0x000000008eb00000, 0x000000008ec00000|  0%| F|  |TAMS 0x000000008eb00000, 0x000000008eb00000| Untracked 
| 236|0x000000008ec00000, 0x000000008ec00000, 0x000000008ed00000|  0%| F|  |TAMS 0x000000008ec00000, 0x000000008ec00000| Untracked 
| 237|0x000000008ed00000, 0x000000008ed00000, 0x000000008ee00000|  0%| F|  |TAMS 0x000000008ed00000, 0x000000008ed00000| Untracked 
| 238|0x000000008ee00000, 0x000000008ee00000, 0x000000008ef00000|  0%| F|  |TAMS 0x000000008ee00000, 0x000000008ee00000| Untracked 
| 239|0x000000008ef00000, 0x000000008ef00000, 0x000000008f000000|  0%| F|  |TAMS 0x000000008ef00000, 0x000000008ef00000| Untracked 
| 240|0x000000008f000000, 0x000000008f01da40, 0x000000008f100000| 11%| S|CS|TAMS 0x000000008f000000, 0x000000008f000000| Complete 
| 241|0x000000008f100000, 0x000000008f200000, 0x000000008f200000|100%| S|CS|TAMS 0x000000008f100000, 0x000000008f100000| Complete 
| 242|0x000000008f200000, 0x000000008f300000, 0x000000008f300000|100%| S|CS|TAMS 0x000000008f200000, 0x000000008f200000| Complete 
| 243|0x000000008f300000, 0x000000008f400000, 0x000000008f400000|100%| S|CS|TAMS 0x000000008f300000, 0x000000008f300000| Complete 
| 244|0x000000008f400000, 0x000000008f500000, 0x000000008f500000|100%| S|CS|TAMS 0x000000008f400000, 0x000000008f400000| Complete 
| 245|0x000000008f500000, 0x000000008f600000, 0x000000008f600000|100%| S|CS|TAMS 0x000000008f500000, 0x000000008f500000| Complete 
| 246|0x000000008f600000, 0x000000008f700000, 0x000000008f700000|100%| S|CS|TAMS 0x000000008f600000, 0x000000008f600000| Complete 
| 247|0x000000008f700000, 0x000000008f800000, 0x000000008f800000|100%| S|CS|TAMS 0x000000008f700000, 0x000000008f700000| Complete 
| 248|0x000000008f800000, 0x000000008f800000, 0x000000008f900000|  0%| F|  |TAMS 0x000000008f800000, 0x000000008f800000| Untracked 
| 249|0x000000008f900000, 0x000000008f900000, 0x000000008fa00000|  0%| F|  |TAMS 0x000000008f900000, 0x000000008f900000| Untracked 
| 250|0x000000008fa00000, 0x000000008fa00000, 0x000000008fb00000|  0%| F|  |TAMS 0x000000008fa00000, 0x000000008fa00000| Untracked 
| 251|0x000000008fb00000, 0x000000008fb00000, 0x000000008fc00000|  0%| F|  |TAMS 0x000000008fb00000, 0x000000008fb00000| Untracked 
| 252|0x000000008fc00000, 0x000000008fc00000, 0x000000008fd00000|  0%| F|  |TAMS 0x000000008fc00000, 0x000000008fc00000| Untracked 
| 253|0x000000008fd00000, 0x000000008fd00000, 0x000000008fe00000|  0%| F|  |TAMS 0x000000008fd00000, 0x000000008fd00000| Untracked 
| 254|0x000000008fe00000, 0x000000008fe00000, 0x000000008ff00000|  0%| F|  |TAMS 0x000000008fe00000, 0x000000008fe00000| Untracked 
| 255|0x000000008ff00000, 0x000000008ff00000, 0x0000000090000000|  0%| F|  |TAMS 0x000000008ff00000, 0x000000008ff00000| Untracked 
| 256|0x0000000090000000, 0x0000000090000000, 0x0000000090100000|  0%| F|  |TAMS 0x0000000090000000, 0x0000000090000000| Untracked 
| 257|0x0000000090100000, 0x0000000090100000, 0x0000000090200000|  0%| F|  |TAMS 0x0000000090100000, 0x0000000090100000| Untracked 
| 258|0x0000000090200000, 0x0000000090200000, 0x0000000090300000|  0%| F|  |TAMS 0x0000000090200000, 0x0000000090200000| Untracked 
| 259|0x0000000090300000, 0x0000000090300000, 0x0000000090400000|  0%| F|  |TAMS 0x0000000090300000, 0x0000000090300000| Untracked 
| 260|0x0000000090400000, 0x0000000090400000, 0x0000000090500000|  0%| F|  |TAMS 0x0000000090400000, 0x0000000090400000| Untracked 
| 261|0x0000000090500000, 0x0000000090500000, 0x0000000090600000|  0%| F|  |TAMS 0x0000000090500000, 0x0000000090500000| Untracked 
| 262|0x0000000090600000, 0x0000000090600000, 0x0000000090700000|  0%| F|  |TAMS 0x0000000090600000, 0x0000000090600000| Untracked 
| 263|0x0000000090700000, 0x0000000090700000, 0x0000000090800000|  0%| F|  |TAMS 0x0000000090700000, 0x0000000090700000| Untracked 
| 264|0x0000000090800000, 0x0000000090800000, 0x0000000090900000|  0%| F|  |TAMS 0x0000000090800000, 0x0000000090800000| Untracked 
| 265|0x0000000090900000, 0x0000000090900000, 0x0000000090a00000|  0%| F|  |TAMS 0x0000000090900000, 0x0000000090900000| Untracked 
| 266|0x0000000090a00000, 0x0000000090a00000, 0x0000000090b00000|  0%| F|  |TAMS 0x0000000090a00000, 0x0000000090a00000| Untracked 
| 267|0x0000000090b00000, 0x0000000090b00000, 0x0000000090c00000|  0%| F|  |TAMS 0x0000000090b00000, 0x0000000090b00000| Untracked 
| 268|0x0000000090c00000, 0x0000000090c00000, 0x0000000090d00000|  0%| F|  |TAMS 0x0000000090c00000, 0x0000000090c00000| Untracked 
| 269|0x0000000090d00000, 0x0000000090d00000, 0x0000000090e00000|  0%| F|  |TAMS 0x0000000090d00000, 0x0000000090d00000| Untracked 
| 270|0x0000000090e00000, 0x0000000090e00000, 0x0000000090f00000|  0%| F|  |TAMS 0x0000000090e00000, 0x0000000090e00000| Untracked 
| 271|0x0000000090f00000, 0x0000000090f00000, 0x0000000091000000|  0%| F|  |TAMS 0x0000000090f00000, 0x0000000090f00000| Untracked 
| 272|0x0000000091000000, 0x0000000091000000, 0x0000000091100000|  0%| F|  |TAMS 0x0000000091000000, 0x0000000091000000| Untracked 
| 273|0x0000000091100000, 0x0000000091100000, 0x0000000091200000|  0%| F|  |TAMS 0x0000000091100000, 0x0000000091100000| Untracked 
| 274|0x0000000091200000, 0x0000000091200000, 0x0000000091300000|  0%| F|  |TAMS 0x0000000091200000, 0x0000000091200000| Untracked 
| 275|0x0000000091300000, 0x0000000091300000, 0x0000000091400000|  0%| F|  |TAMS 0x0000000091300000, 0x0000000091300000| Untracked 
| 276|0x0000000091400000, 0x0000000091400000, 0x0000000091500000|  0%| F|  |TAMS 0x0000000091400000, 0x0000000091400000| Untracked 
| 277|0x0000000091500000, 0x0000000091500000, 0x0000000091600000|  0%| F|  |TAMS 0x0000000091500000, 0x0000000091500000| Untracked 
| 278|0x0000000091600000, 0x0000000091600000, 0x0000000091700000|  0%| F|  |TAMS 0x0000000091600000, 0x0000000091600000| Untracked 
| 279|0x0000000091700000, 0x0000000091700000, 0x0000000091800000|  0%| F|  |TAMS 0x0000000091700000, 0x0000000091700000| Untracked 
| 280|0x0000000091800000, 0x0000000091800000, 0x0000000091900000|  0%| F|  |TAMS 0x0000000091800000, 0x0000000091800000| Untracked 
| 281|0x0000000091900000, 0x0000000091900000, 0x0000000091a00000|  0%| F|  |TAMS 0x0000000091900000, 0x0000000091900000| Untracked 
| 282|0x0000000091a00000, 0x0000000091a00000, 0x0000000091b00000|  0%| F|  |TAMS 0x0000000091a00000, 0x0000000091a00000| Untracked 
| 283|0x0000000091b00000, 0x0000000091b00000, 0x0000000091c00000|  0%| F|  |TAMS 0x0000000091b00000, 0x0000000091b00000| Untracked 
| 284|0x0000000091c00000, 0x0000000091c00000, 0x0000000091d00000|  0%| F|  |TAMS 0x0000000091c00000, 0x0000000091c00000| Untracked 
| 285|0x0000000091d00000, 0x0000000091d00000, 0x0000000091e00000|  0%| F|  |TAMS 0x0000000091d00000, 0x0000000091d00000| Untracked 
| 286|0x0000000091e00000, 0x0000000091e00000, 0x0000000091f00000|  0%| F|  |TAMS 0x0000000091e00000, 0x0000000091e00000| Untracked 
| 287|0x0000000091f00000, 0x0000000091f00000, 0x0000000092000000|  0%| F|  |TAMS 0x0000000091f00000, 0x0000000091f00000| Untracked 
| 288|0x0000000092000000, 0x0000000092000000, 0x0000000092100000|  0%| F|  |TAMS 0x0000000092000000, 0x0000000092000000| Untracked 
| 289|0x0000000092100000, 0x0000000092100000, 0x0000000092200000|  0%| F|  |TAMS 0x0000000092100000, 0x0000000092100000| Untracked 
| 290|0x0000000092200000, 0x0000000092200000, 0x0000000092300000|  0%| F|  |TAMS 0x0000000092200000, 0x0000000092200000| Untracked 
| 291|0x0000000092300000, 0x0000000092300000, 0x0000000092400000|  0%| F|  |TAMS 0x0000000092300000, 0x0000000092300000| Untracked 

Card table byte_map: [0x0000022364260000,0x0000022364660000] _byte_map_base: 0x0000022363e60000

Marking Bits (Prev, Next): (CMBitMap*) 0x000002234d2c54a0, (CMBitMap*) 0x000002234d2c54e0
 Prev Bits: [0x0000022364a60000, 0x0000022366a60000)
 Next Bits: [0x0000022366a60000, 0x0000022368a60000)

Polling page: 0x000002234b170000

Metaspace:

Usage:
  Non-class:     89.47 MB used.
      Class:     14.22 MB used.
       Both:    103.69 MB used.

Virtual space:
  Non-class space:      128.00 MB reserved,      90.00 MB ( 70%) committed,  2 nodes.
      Class space:        1.00 GB reserved,      14.81 MB (  1%) committed,  1 nodes.
             Both:        1.12 GB reserved,     104.81 MB (  9%) committed. 

Chunk freelists:
   Non-Class:  5.88 MB
       Class:  1.11 MB
        Both:  6.98 MB

MaxMetaspaceSize: unlimited
CompressedClassSpaceSize: 1.00 GB
Initial GC threshold: 21.00 MB
Current GC threshold: 173.38 MB
CDS: on
MetaspaceReclaimPolicy: balanced
 - commit_granule_bytes: 65536.
 - commit_granule_words: 8192.
 - virtual_space_node_default_size: 8388608.
 - enlarge_chunks_in_place: 1.
 - new_chunks_are_fully_committed: 0.
 - uncommit_free_chunks: 1.
 - use_allocation_guard: 0.
 - handle_deallocations: 1.


Internal statistics:

num_allocs_failed_limit: 6.
num_arena_births: 1956.
num_arena_deaths: 72.
num_vsnodes_births: 3.
num_vsnodes_deaths: 0.
num_space_committed: 1700.
num_space_uncommitted: 24.
num_chunks_returned_to_freelist: 341.
num_chunks_taken_from_freelist: 7105.
num_chunk_merges: 61.
num_chunk_splits: 4293.
num_chunks_enlarged: 2535.
num_inconsistent_stats: 0.

CodeHeap 'non-profiled nmethods': size=120000Kb used=11977Kb max_used=11977Kb free=108023Kb
 bounds [0x000002235c5f0000, 0x000002235d1b0000, 0x0000022363b20000]
CodeHeap 'profiled nmethods': size=120000Kb used=29750Kb max_used=29941Kb free=90249Kb
 bounds [0x0000022354b20000, 0x00000223568c0000, 0x000002235c050000]
CodeHeap 'non-nmethods': size=5760Kb used=1751Kb max_used=1830Kb free=4008Kb
 bounds [0x000002235c050000, 0x000002235c2c0000, 0x000002235c5f0000]
 total_blobs=16663 nmethods=15833 adapters=740
 compilation: enabled
              stopped_count=0, restarted_count=0
 full_count=0

Compilation events (20 events):
Event: 1150.083 Thread 0x0000022377c25f80 19955       4       jdk.internal.reflect.AccessorGenerator::add (5 bytes)
Event: 1150.083 Thread 0x000002236b610090 19869       4       org.gradle.internal.serialize.beans.services.RelevantField::<init> (17 bytes)
Event: 1150.083 Thread 0x0000022377c25f80 nmethod 19955 0x000002235d1a0810 code [0x000002235d1a0980, 0x000002235d1a09d8]
Event: 1150.084 Thread 0x000002236b610090 nmethod 19869 0x000002235d1a0b10 code [0x000002235d1a0c80, 0x000002235d1a0f38]
Event: 1150.085 Thread 0x0000022377c25f80 20010 %     4       org.gradle.api.internal.tasks.compile.incremental.deps.ClassSetAnalysisData::getChangedClassesSince @ 59 (219 bytes)
Event: 1150.085 Thread 0x000002236b610090 20011       4       java.util.HashMap$EntrySet::contains (54 bytes)
Event: 1150.085 Thread 0x000002236b610db0 20013       3       java.util.stream.ReferencePipeline::iterator (8 bytes)
Event: 1150.085 Thread 0x000002236b610db0 nmethod 20013 0x0000022355206d10 code [0x0000022355206ee0, 0x00000223552073d8]
Event: 1150.085 Thread 0x000002236b610db0 20014       3       java.util.Spliterators::iterator (14 bytes)
Event: 1150.085 Thread 0x000002236b610db0 nmethod 20014 0x00000223555f7810 code [0x00000223555f79e0, 0x00000223555f7da8]
Event: 1150.085 Thread 0x000002236b610db0 20015       3       java.util.Spliterators$1Adapter::<init> (15 bytes)
Event: 1150.086 Thread 0x000002236b610db0 nmethod 20015 0x00000223555f7410 code [0x00000223555f75a0, 0x00000223555f7778]
Event: 1150.087 Thread 0x000002236b610db0 20016       1       org.gradle.internal.file.impl.DefaultDeleter$FileDeletionResult::access$000 (5 bytes)
Event: 1150.087 Thread 0x000002236b610db0 nmethod 20016 0x000002235d1a1010 code [0x000002235d1a11a0, 0x000002235d1a1258]
Event: 1150.091 Thread 0x000002236b610090 nmethod 20011 0x000002235d1a1310 code [0x000002235d1a14e0, 0x000002235d1a19d8]
Event: 1150.091 Thread 0x000002236b610090 20012       4       java.util.HashMap$Node::equals (57 bytes)
Event: 1150.092 Thread 0x000002236b610090 nmethod 20012 0x000002235d1a1e90 code [0x000002235d1a2020, 0x000002235d1a2238]
Event: 1150.093 Thread 0x000002236b610090 20017   !   4       sun.nio.fs.WindowsNativeDispatcher::CreateFile (41 bytes)
Event: 1150.097 Thread 0x000002236b610db0 20018       3       com.sun.tools.javac.util.BasicDiagnosticFormatter$BasicConfiguration::setIndentation (16 bytes)
Event: 1150.097 Thread 0x000002236b610db0 nmethod 20018 0x00000223555f6c10 code [0x00000223555f6de0, 0x00000223555f7228]

GC Heap History (20 events):
Event: 722.734 GC heap after
{Heap after GC invocations=43 (full 0):
 garbage-first heap   total 299008K, used 105524K [0x0000000080000000, 0x0000000100000000)
  region size 1024K, 2 young (2048K), 2 survivors (2048K)
 Metaspace       used 104105K, committed 105152K, reserved 1179648K
  class space    used 14491K, committed 15040K, reserved 1048576K
}
Event: 722.924 GC heap before
{Heap before GC invocations=43 (full 0):
 garbage-first heap   total 299008K, used 144436K [0x0000000080000000, 0x0000000100000000)
  region size 1024K, 41 young (41984K), 2 survivors (2048K)
 Metaspace       used 104227K, committed 105280K, reserved 1179648K
  class space    used 14494K, committed 15040K, reserved 1048576K
}
Event: 722.932 GC heap after
{Heap after GC invocations=44 (full 0):
 garbage-first heap   total 299008K, used 111387K [0x0000000080000000, 0x0000000100000000)
  region size 1024K, 8 young (8192K), 8 survivors (8192K)
 Metaspace       used 104227K, committed 105280K, reserved 1179648K
  class space    used 14494K, committed 15040K, reserved 1048576K
}
Event: 737.857 GC heap before
{Heap before GC invocations=45 (full 0):
 garbage-first heap   total 299008K, used 275227K [0x0000000080000000, 0x0000000100000000)
  region size 1024K, 117 young (119808K), 8 survivors (8192K)
 Metaspace       used 104727K, committed 105728K, reserved 1179648K
  class space    used 14499K, committed 15040K, reserved 1048576K
}
Event: 737.865 GC heap after
{Heap after GC invocations=46 (full 0):
 garbage-first heap   total 299008K, used 115301K [0x0000000080000000, 0x0000000100000000)
  region size 1024K, 11 young (11264K), 11 survivors (11264K)
 Metaspace       used 104727K, committed 105728K, reserved 1179648K
  class space    used 14499K, committed 15040K, reserved 1048576K
}
Event: 737.877 GC heap before
{Heap before GC invocations=46 (full 0):
 garbage-first heap   total 299008K, used 118373K [0x0000000080000000, 0x0000000100000000)
  region size 1024K, 14 young (14336K), 11 survivors (11264K)
 Metaspace       used 104728K, committed 105728K, reserved 1179648K
  class space    used 14499K, committed 15040K, reserved 1048576K
}
Event: 737.886 GC heap after
{Heap after GC invocations=47 (full 0):
 garbage-first heap   total 299008K, used 108749K [0x0000000080000000, 0x0000000100000000)
  region size 1024K, 2 young (2048K), 2 survivors (2048K)
 Metaspace       used 104728K, committed 105728K, reserved 1179648K
  class space    used 14499K, committed 15040K, reserved 1048576K
}
Event: 931.720 GC heap before
{Heap before GC invocations=47 (full 0):
 garbage-first heap   total 299008K, used 220365K [0x0000000080000000, 0x0000000100000000)
  region size 1024K, 113 young (115712K), 2 survivors (2048K)
 Metaspace       used 105093K, committed 106176K, reserved 1179648K
  class space    used 14523K, committed 15104K, reserved 1048576K
}
Event: 931.731 GC heap after
{Heap after GC invocations=48 (full 0):
 garbage-first heap   total 299008K, used 119741K [0x0000000080000000, 0x0000000100000000)
  region size 1024K, 13 young (13312K), 13 survivors (13312K)
 Metaspace       used 105093K, committed 106176K, reserved 1179648K
  class space    used 14523K, committed 15104K, reserved 1048576K
}
Event: 1031.905 GC heap before
{Heap before GC invocations=49 (full 0):
 garbage-first heap   total 299008K, used 273527K [0x0000000080000000, 0x0000000100000000)
  region size 1024K, 114 young (116736K), 13 survivors (13312K)
 Metaspace       used 105480K, committed 106560K, reserved 1179648K
  class space    used 14526K, committed 15104K, reserved 1048576K
}
Event: 1031.908 GC heap after
{Heap after GC invocations=50 (full 0):
 garbage-first heap   total 299008K, used 113046K [0x0000000080000000, 0x0000000100000000)
  region size 1024K, 4 young (4096K), 4 survivors (4096K)
 Metaspace       used 105480K, committed 106560K, reserved 1179648K
  class space    used 14526K, committed 15104K, reserved 1048576K
}
Event: 1031.966 GC heap before
{Heap before GC invocations=50 (full 0):
 garbage-first heap   total 299008K, used 123286K [0x0000000080000000, 0x0000000100000000)
  region size 1024K, 14 young (14336K), 4 survivors (4096K)
 Metaspace       used 105501K, committed 106560K, reserved 1179648K
  class space    used 14526K, committed 15104K, reserved 1048576K
}
Event: 1031.969 GC heap after
{Heap after GC invocations=51 (full 0):
 garbage-first heap   total 299008K, used 106115K [0x0000000080000000, 0x0000000100000000)
  region size 1024K, 2 young (2048K), 2 survivors (2048K)
 Metaspace       used 105501K, committed 106560K, reserved 1179648K
  class space    used 14526K, committed 15104K, reserved 1048576K
}
Event: 1032.137 GC heap before
{Heap before GC invocations=51 (full 0):
 garbage-first heap   total 299008K, used 153219K [0x0000000080000000, 0x0000000100000000)
  region size 1024K, 50 young (51200K), 2 survivors (2048K)
 Metaspace       used 105632K, committed 106688K, reserved 1179648K
  class space    used 14526K, committed 15104K, reserved 1048576K
}
Event: 1032.144 GC heap after
{Heap after GC invocations=52 (full 0):
 garbage-first heap   total 299008K, used 112211K [0x0000000080000000, 0x0000000100000000)
  region size 1024K, 8 young (8192K), 8 survivors (8192K)
 Metaspace       used 105632K, committed 106688K, reserved 1179648K
  class space    used 14526K, committed 15104K, reserved 1048576K
}
Event: 1149.949 GC heap before
{Heap before GC invocations=53 (full 0):
 garbage-first heap   total 299008K, used 277075K [0x0000000080000000, 0x0000000100000000)
  region size 1024K, 117 young (119808K), 8 survivors (8192K)
 Metaspace       used 106018K, committed 107136K, reserved 1179648K
  class space    used 14540K, committed 15104K, reserved 1048576K
}
Event: 1149.957 GC heap after
{Heap after GC invocations=54 (full 0):
 garbage-first heap   total 299008K, used 117890K [0x0000000080000000, 0x0000000100000000)
  region size 1024K, 11 young (11264K), 11 survivors (11264K)
 Metaspace       used 106018K, committed 107136K, reserved 1179648K
  class space    used 14540K, committed 15104K, reserved 1048576K
}
Event: 1149.965 GC heap before
{Heap before GC invocations=54 (full 0):
 garbage-first heap   total 299008K, used 120962K [0x0000000080000000, 0x0000000100000000)
  region size 1024K, 14 young (14336K), 11 survivors (11264K)
 Metaspace       used 106020K, committed 107136K, reserved 1179648K
  class space    used 14540K, committed 15104K, reserved 1048576K
}
Event: 1149.973 GC heap after
{Heap after GC invocations=55 (full 0):
 garbage-first heap   total 299008K, used 110119K [0x0000000080000000, 0x0000000100000000)
  region size 1024K, 1 young (1024K), 1 survivors (1024K)
 Metaspace       used 106020K, committed 107136K, reserved 1179648K
  class space    used 14540K, committed 15104K, reserved 1048576K
}
Event: 1150.099 GC heap before
{Heap before GC invocations=55 (full 0):
 garbage-first heap   total 299008K, used 153127K [0x0000000080000000, 0x0000000100000000)
  region size 1024K, 44 young (45056K), 1 survivors (1024K)
 Metaspace       used 106181K, committed 107328K, reserved 1179648K
  class space    used 14566K, committed 15168K, reserved 1048576K
}

Deoptimization events (20 events):
Event: 1149.906 Thread 0x0000022372e72fd0 Uncommon trap: trap_request=0xfffffff4 fr.pc=0x000002235ce399f0 relative=0x00000000000003b0
Event: 1149.906 Thread 0x0000022372e72fd0 Uncommon trap: reason=null_check action=make_not_entrant pc=0x000002235ce399f0 method=org.gradle.internal.serialize.beans.services.BeanSchemaKt.unsupportedFieldTypeFor(Ljava/lang/reflect/Field;)Lkotlin/reflect/KClass; @ 58 c2
Event: 1149.906 Thread 0x0000022372e72fd0 DEOPT PACKING pc=0x000002235ce399f0 sp=0x000000e716afb9d0
Event: 1149.906 Thread 0x0000022372e72fd0 DEOPT UNPACKING pc=0x000002235c0a5ba3 sp=0x000000e716afb878 mode 2
Event: 1149.906 Thread 0x0000022372e72fd0 Uncommon trap: trap_request=0xfffffff4 fr.pc=0x000002235c60d658 relative=0x0000000000000398
Event: 1149.906 Thread 0x0000022372e72fd0 Uncommon trap: reason=null_check action=make_not_entrant pc=0x000002235c60d658 method=org.gradle.internal.serialize.beans.services.BeanSchemaKt.unsupportedFieldTypeFor(Ljava/lang/reflect/Field;)Lkotlin/reflect/KClass; @ 58 c2
Event: 1149.906 Thread 0x0000022372e72fd0 DEOPT PACKING pc=0x000002235c60d658 sp=0x000000e716afb940
Event: 1149.906 Thread 0x0000022372e72fd0 DEOPT UNPACKING pc=0x000002235c0a5ba3 sp=0x000000e716afb860 mode 2
Event: 1149.906 Thread 0x0000022372e72fd0 Uncommon trap: trap_request=0xfffffff4 fr.pc=0x000002235cd092ac relative=0x000000000000030c
Event: 1149.906 Thread 0x0000022372e72fd0 Uncommon trap: reason=null_check action=make_not_entrant pc=0x000002235cd092ac method=org.gradle.internal.serialize.beans.services.BeanSchemaKt.unsupportedFieldTypeFor(Ljava/lang/reflect/Field;)Lkotlin/reflect/KClass; @ 58 c2
Event: 1149.906 Thread 0x0000022372e72fd0 DEOPT PACKING pc=0x000002235cd092ac sp=0x000000e716afb8f0
Event: 1149.906 Thread 0x0000022372e72fd0 DEOPT UNPACKING pc=0x000002235c0a5ba3 sp=0x000000e716afb868 mode 2
Event: 1150.040 Thread 0x0000022373ed3ba0 DEOPT PACKING pc=0x0000022354d54ee9 sp=0x000000e7191fbf00
Event: 1150.040 Thread 0x0000022373ed3ba0 DEOPT UNPACKING pc=0x000002235c0a66e3 sp=0x000000e7191fb3d0 mode 0
Event: 1150.040 Thread 0x0000022373ed3ba0 DEOPT PACKING pc=0x0000022354d54ee9 sp=0x000000e7191fbf00
Event: 1150.040 Thread 0x0000022373ed3ba0 DEOPT UNPACKING pc=0x000002235c0a66e3 sp=0x000000e7191fb3d0 mode 0
Event: 1150.042 Thread 0x0000022373ed3ba0 Uncommon trap: trap_request=0xffffff54 fr.pc=0x000002235d192a5c relative=0x00000000000009bc
Event: 1150.042 Thread 0x0000022373ed3ba0 Uncommon trap: reason=speculate_null_assert action=make_not_entrant pc=0x000002235d192a5c method=org.gradle.api.internal.file.collections.UnpackingVisitor.add(Ljava/lang/Object;)V @ 358 c2
Event: 1150.042 Thread 0x0000022373ed3ba0 DEOPT PACKING pc=0x000002235d192a5c sp=0x000000e7191fcfb0
Event: 1150.042 Thread 0x0000022373ed3ba0 DEOPT UNPACKING pc=0x000002235c0a5ba3 sp=0x000000e7191fcf48 mode 2

Classes unloaded (20 events):
Event: 1032.227 Thread 0x000002236b4b74a0 Unloading class 0x0000022301ebce38 'com/bumptech/glide/annotation/compiler/RequestBuilderGenerator'
Event: 1032.227 Thread 0x000002236b4b74a0 Unloading class 0x0000022301ebcc30 'com/bumptech/glide/annotation/compiler/GlideGenerator'
Event: 1032.227 Thread 0x000002236b4b74a0 Unloading class 0x0000022301ebca28 'com/bumptech/glide/annotation/compiler/RequestManagerFactoryGenerator'
Event: 1032.227 Thread 0x000002236b4b74a0 Unloading class 0x0000022301ebc820 'com/bumptech/glide/annotation/compiler/RequestManagerGenerator'
Event: 1032.227 Thread 0x000002236b4b74a0 Unloading class 0x0000022301ebc618 'com/bumptech/glide/annotation/compiler/RequestOptionsOverrideGenerator'
Event: 1032.227 Thread 0x000002236b4b74a0 Unloading class 0x0000022301ebc410 'com/bumptech/glide/annotation/compiler/RequestOptionsGenerator'
Event: 1032.227 Thread 0x000002236b4b74a0 Unloading class 0x0000022301ebc208 'com/bumptech/glide/annotation/compiler/AppModuleGenerator'
Event: 1032.227 Thread 0x000002236b4b74a0 Unloading class 0x0000022301ebc000 'com/bumptech/glide/annotation/compiler/AppModuleProcessor'
Event: 1032.227 Thread 0x000002236b4b74a0 Unloading class 0x0000022301b94c08 'com/bumptech/glide/annotation/compiler/LibraryModuleProcessor'
Event: 1032.227 Thread 0x000002236b4b74a0 Unloading class 0x0000022301b94a00 'com/bumptech/glide/annotation/compiler/IndexerGenerator'
Event: 1032.227 Thread 0x000002236b4b74a0 Unloading class 0x0000022301b94800 'com/bumptech/glide/repackaged/com/squareup/javapoet/Util'
Event: 1032.227 Thread 0x000002236b4b74a0 Unloading class 0x0000022301bc4c80 'com/bumptech/glide/repackaged/com/squareup/javapoet/TypeVariableName'
Event: 1032.227 Thread 0x000002236b4b74a0 Unloading class 0x0000022301bc4a40 'com/bumptech/glide/repackaged/com/squareup/javapoet/ParameterizedTypeName'
Event: 1032.227 Thread 0x000002236b4b74a0 Unloading class 0x0000022301bc4800 'com/bumptech/glide/repackaged/com/squareup/javapoet/ArrayTypeName'
Event: 1032.227 Thread 0x000002236b4b74a0 Unloading class 0x0000022301cdcc38 'com/bumptech/glide/repackaged/com/squareup/javapoet/ClassName'
Event: 1032.227 Thread 0x000002236b4b74a0 Unloading class 0x0000022301cdc9f8 'com/bumptech/glide/repackaged/com/squareup/javapoet/TypeName'
Event: 1032.227 Thread 0x000002236b4b74a0 Unloading class 0x0000022301cdc800 'com/bumptech/glide/repackaged/com/google/common/base/Function'
Event: 1032.227 Thread 0x000002236b4b74a0 Unloading class 0x0000022301cddc88 'com/bumptech/glide/repackaged/com/google/common/base/Predicate'
Event: 1032.227 Thread 0x000002236b4b74a0 Unloading class 0x0000022301cdda80 'com/bumptech/glide/annotation/compiler/ProcessorUtil'
Event: 1032.227 Thread 0x000002236b4b74a0 Unloading class 0x0000022301cdd800 'com/bumptech/glide/annotation/compiler/GlideAnnotationProcessor'

Classes redefined (0 events):
No events

Internal exceptions (20 events):
Event: 1032.794 Thread 0x0000022376404190 Exception <a 'sun/nio/fs/WindowsException'{0x000000008c8cdfe0}> (0x000000008c8cdfe0) 
thrown [s\open\src\hotspot\share\prims\jni.cpp, line 516]
Event: 1032.804 Thread 0x0000022376404190 Exception <a 'sun/nio/fs/WindowsException'{0x000000008c5f74d8}> (0x000000008c5f74d8) 
thrown [s\open\src\hotspot\share\prims\jni.cpp, line 516]
Event: 1032.882 Thread 0x0000022372e6ee00 Exception <a 'sun/nio/fs/WindowsException'{0x000000008c0924e0}> (0x000000008c0924e0) 
thrown [s\open\src\hotspot\share\prims\jni.cpp, line 516]
Event: 1032.882 Thread 0x0000022372e6ee00 Exception <a 'sun/nio/fs/WindowsException'{0x000000008c092f68}> (0x000000008c092f68) 
thrown [s\open\src\hotspot\share\prims\jni.cpp, line 516]
Event: 1032.882 Thread 0x0000022372e6ee00 Exception <a 'sun/nio/fs/WindowsException'{0x000000008c093a38}> (0x000000008c093a38) 
thrown [s\open\src\hotspot\share\prims\jni.cpp, line 516]
Event: 1032.882 Thread 0x0000022372e6ee00 Exception <a 'sun/nio/fs/WindowsException'{0x000000008c09c0f8}> (0x000000008c09c0f8) 
thrown [s\open\src\hotspot\share\prims\jni.cpp, line 516]
Event: 1032.882 Thread 0x0000022372e6ee00 Exception <a 'sun/nio/fs/WindowsException'{0x000000008c0a05b8}> (0x000000008c0a05b8) 
thrown [s\open\src\hotspot\share\prims\jni.cpp, line 516]
Event: 1149.995 Thread 0x0000022373ed3180 Exception <a 'sun/nio/fs/WindowsException'{0x0000000091cc9010}> (0x0000000091cc9010) 
thrown [s\open\src\hotspot\share\prims\jni.cpp, line 516]
Event: 1150.008 Thread 0x0000022373ed3180 Exception <a 'sun/nio/fs/WindowsException'{0x00000000916e10e8}> (0x00000000916e10e8) 
thrown [s\open\src\hotspot\share\prims\jni.cpp, line 516]
Event: 1150.036 Thread 0x0000022373ed3ba0 Exception <a 'sun/nio/fs/WindowsException'{0x000000009074ccb0}> (0x000000009074ccb0) 
thrown [s\open\src\hotspot\share\prims\jni.cpp, line 516]
Event: 1150.036 Thread 0x0000022373ed3ba0 Exception <a 'sun/nio/fs/WindowsException'{0x000000009074d208}> (0x000000009074d208) 
thrown [s\open\src\hotspot\share\prims\jni.cpp, line 516]
Event: 1150.037 Thread 0x0000022373ed3ba0 Exception <a 'sun/nio/fs/WindowsException'{0x0000000090756850}> (0x0000000090756850) 
thrown [s\open\src\hotspot\share\prims\jni.cpp, line 516]
Event: 1150.037 Thread 0x0000022373ed3ba0 Exception <a 'sun/nio/fs/WindowsException'{0x0000000090757670}> (0x0000000090757670) 
thrown [s\open\src\hotspot\share\prims\jni.cpp, line 516]
Event: 1150.038 Thread 0x0000022373ed3ba0 Exception <a 'sun/nio/fs/WindowsException'{0x00000000907584e0}> (0x00000000907584e0) 
thrown [s\open\src\hotspot\share\prims\jni.cpp, line 516]
Event: 1150.038 Thread 0x0000022373ed3ba0 Exception <a 'sun/nio/fs/WindowsException'{0x0000000090759350}> (0x0000000090759350) 
thrown [s\open\src\hotspot\share\prims\jni.cpp, line 516]
Event: 1150.090 Thread 0x0000022373ed3ba0 Exception <a 'sun/nio/fs/WindowsException'{0x000000008f84bb78}> (0x000000008f84bb78) 
thrown [s\open\src\hotspot\share\prims\jni.cpp, line 516]
Event: 1150.091 Thread 0x0000022373ed3ba0 Exception <a 'sun/nio/fs/WindowsException'{0x000000008f84c7d0}> (0x000000008f84c7d0) 
thrown [s\open\src\hotspot\share\prims\jni.cpp, line 516]
Event: 1150.092 Thread 0x0000022373ed3ba0 Exception <a 'sun/nio/fs/WindowsException'{0x000000008f84d528}> (0x000000008f84d528) 
thrown [s\open\src\hotspot\share\prims\jni.cpp, line 516]
Event: 1150.092 Thread 0x0000022373ed3ba0 Exception <a 'sun/nio/fs/WindowsException'{0x000000008f8519b8}> (0x000000008f8519b8) 
thrown [s\open\src\hotspot\share\prims\jni.cpp, line 516]
Event: 1150.093 Thread 0x0000022373ed3ba0 Exception <a 'sun/nio/fs/WindowsException'{0x000000008f8525e0}> (0x000000008f8525e0) 
thrown [s\open\src\hotspot\share\prims\jni.cpp, line 516]

VM Operations (20 events):
Event: 1032.614 Executing VM operation: ICBufferFull done
Event: 1033.629 Executing VM operation: Cleanup
Event: 1033.629 Executing VM operation: Cleanup done
Event: 1061.877 Executing VM operation: Cleanup
Event: 1061.877 Executing VM operation: Cleanup done
Event: 1082.359 Executing VM operation: HandshakeAllThreads
Event: 1082.359 Executing VM operation: HandshakeAllThreads done
Event: 1093.470 Executing VM operation: Cleanup
Event: 1093.470 Executing VM operation: Cleanup done
Event: 1111.604 Executing VM operation: Cleanup
Event: 1111.605 Executing VM operation: Cleanup done
Event: 1117.644 Executing VM operation: Cleanup
Event: 1117.645 Executing VM operation: Cleanup done
Event: 1149.913 Executing VM operation: Cleanup
Event: 1149.913 Executing VM operation: Cleanup done
Event: 1149.949 Executing VM operation: G1CollectForAllocation
Event: 1149.957 Executing VM operation: G1CollectForAllocation done
Event: 1149.965 Executing VM operation: G1CollectForAllocation
Event: 1149.973 Executing VM operation: G1CollectForAllocation done
Event: 1150.099 Executing VM operation: G1TryInitiateConcMark

Events (20 events):
Event: 1149.933 Thread 0x0000022372e739f0 Thread exited: 0x0000022372e739f0
Event: 1149.934 Thread 0x0000022372e739f0 Thread added: 0x0000022372e739f0
Event: 1149.935 Thread 0x0000022372e75850 Thread added: 0x0000022372e75850
Event: 1149.949 Thread 0x0000022377c25f80 Thread added: 0x0000022377c25f80
Event: 1149.988 Thread 0x0000022373ed4fe0 Thread added: 0x0000022373ed4fe0
Event: 1149.988 Thread 0x0000022373ed3180 Thread added: 0x0000022373ed3180
Event: 1149.988 Thread 0x0000022373ed3690 Thread added: 0x0000022373ed3690
Event: 1149.988 Thread 0x0000022373ed2c70 Thread added: 0x0000022373ed2c70
Event: 1149.988 Thread 0x0000022373ed3ba0 Thread added: 0x0000022373ed3ba0
Event: 1149.988 Thread 0x0000022373ed40b0 Thread added: 0x0000022373ed40b0
Event: 1149.988 Thread 0x0000022373ed45c0 Thread added: 0x0000022373ed45c0
Event: 1149.989 Thread 0x0000022373ed2760 Thread added: 0x0000022373ed2760
Event: 1149.989 Thread 0x0000022373ed54f0 Thread added: 0x0000022373ed54f0
Event: 1150.068 Thread 0x0000022373ed5a00 Thread added: 0x0000022373ed5a00
Event: 1150.068 Thread 0x0000022373ed5f10 Thread added: 0x0000022373ed5f10
Event: 1150.068 Thread 0x0000022373ed96c0 Thread added: 0x0000022373ed96c0
Event: 1150.068 Thread 0x0000022373ed6e40 Thread added: 0x0000022373ed6e40
Event: 1150.069 Thread 0x0000022373ed7d70 Thread added: 0x0000022373ed7d70
Event: 1150.069 Thread 0x0000022373ed8280 Thread added: 0x0000022373ed8280
Event: 1150.069 Thread 0x0000022373ed6420 Thread added: 0x0000022373ed6420


Dynamic libraries:
0x00007ff63bf50000 - 0x00007ff63bf60000 	C:\Program Files\Java\jdk-17\bin\java.exe
0x00007ff8962a0000 - 0x00007ff896508000 	C:\WINDOWS\SYSTEM32\ntdll.dll
0x00007ff8952a0000 - 0x00007ff895369000 	C:\WINDOWS\System32\KERNEL32.DLL
0x00007ff893a10000 - 0x00007ff893dfd000 	C:\WINDOWS\System32\KERNELBASE.dll
0x00007ff893e00000 - 0x00007ff893f4b000 	C:\WINDOWS\System32\ucrtbase.dll
0x00007ff8748a0000 - 0x00007ff8748b9000 	C:\Program Files\Java\jdk-17\bin\jli.dll
0x00007ff873e30000 - 0x00007ff873e4b000 	C:\Program Files\Java\jdk-17\bin\VCRUNTIME140.dll
0x00007ff895f40000 - 0x00007ff895ff4000 	C:\WINDOWS\System32\ADVAPI32.dll
0x00007ff894ca0000 - 0x00007ff894d49000 	C:\WINDOWS\System32\msvcrt.dll
0x00007ff894bf0000 - 0x00007ff894c96000 	C:\WINDOWS\System32\sechost.dll
0x00007ff8954e0000 - 0x00007ff8955f8000 	C:\WINDOWS\System32\RPCRT4.dll
0x00007ff894a20000 - 0x00007ff894bec000 	C:\WINDOWS\System32\USER32.dll
0x00007ff893f50000 - 0x00007ff893f77000 	C:\WINDOWS\System32\win32u.dll
0x00007ff874dd0000 - 0x00007ff87506a000 	C:\WINDOWS\WinSxS\amd64_microsoft.windows.common-controls_6595b64144ccf1df_6.0.26100.4484_none_3e0e6d4ce32ef3b3\COMCTL32.dll
0x00007ff8941d0000 - 0x00007ff8941fb000 	C:\WINDOWS\System32\GDI32.dll
0x00007ff8936f0000 - 0x00007ff893827000 	C:\WINDOWS\System32\gdi32full.dll
0x00007ff8938d0000 - 0x00007ff893973000 	C:\WINDOWS\System32\msvcp_win.dll
0x00007ff8814c0000 - 0x00007ff8814cb000 	C:\WINDOWS\SYSTEM32\VERSION.dll
0x00007ff896000000 - 0x00007ff89602f000 	C:\WINDOWS\System32\IMM32.DLL
0x00007ff881ed0000 - 0x00007ff881edc000 	C:\Program Files\Java\jdk-17\bin\vcruntime140_1.dll
0x00007ff870bc0000 - 0x00007ff870c4e000 	C:\Program Files\Java\jdk-17\bin\msvcp140.dll
0x00007ff812cb0000 - 0x00007ff813890000 	C:\Program Files\Java\jdk-17\bin\server\jvm.dll
0x00007ff896040000 - 0x00007ff896048000 	C:\WINDOWS\System32\PSAPI.DLL
0x00007ff861e20000 - 0x00007ff861e2a000 	C:\WINDOWS\SYSTEM32\WSOCK32.dll
0x00007ff888930000 - 0x00007ff888965000 	C:\WINDOWS\SYSTEM32\WINMM.dll
0x00007ff894200000 - 0x00007ff894274000 	C:\WINDOWS\System32\WS2_32.dll
0x00007ff8921a0000 - 0x00007ff8921bb000 	C:\WINDOWS\SYSTEM32\kernel.appcore.dll
0x00007ff874ab0000 - 0x00007ff874aba000 	C:\Program Files\Java\jdk-17\bin\jimage.dll
0x00007ff890500000 - 0x00007ff890741000 	C:\WINDOWS\SYSTEM32\DBGHELP.DLL
0x00007ff8959c0000 - 0x00007ff895d46000 	C:\WINDOWS\System32\combase.dll
0x00007ff896050000 - 0x00007ff896130000 	C:\WINDOWS\System32\OLEAUT32.dll
0x00007ff86d3d0000 - 0x00007ff86d413000 	C:\WINDOWS\SYSTEM32\dbgcore.DLL
0x00007ff893830000 - 0x00007ff8938c9000 	C:\WINDOWS\System32\bcryptPrimitives.dll
0x00007ff874890000 - 0x00007ff87489e000 	C:\Program Files\Java\jdk-17\bin\instrument.dll
0x00007ff873e00000 - 0x00007ff873e25000 	C:\Program Files\Java\jdk-17\bin\java.dll
0x00007ff845370000 - 0x00007ff845447000 	C:\Program Files\Java\jdk-17\bin\jsvml.dll
0x00007ff8942d0000 - 0x00007ff894a1a000 	C:\WINDOWS\System32\SHELL32.dll
0x00007ff8933f0000 - 0x00007ff893564000 	C:\WINDOWS\System32\wintypes.dll
0x00007ff891060000 - 0x00007ff8918bb000 	C:\WINDOWS\SYSTEM32\windows.storage.dll
0x00007ff8940d0000 - 0x00007ff8941c5000 	C:\WINDOWS\System32\SHCORE.dll
0x00007ff895ed0000 - 0x00007ff895f3a000 	C:\WINDOWS\System32\shlwapi.dll
0x00007ff893300000 - 0x00007ff89332f000 	C:\WINDOWS\SYSTEM32\profapi.dll
0x00007ff873840000 - 0x00007ff873858000 	C:\Program Files\Java\jdk-17\bin\zip.dll
0x00007ff873820000 - 0x00007ff873839000 	C:\Program Files\Java\jdk-17\bin\net.dll
0x00007ff882710000 - 0x00007ff88282e000 	C:\WINDOWS\SYSTEM32\WINHTTP.dll
0x00007ff892720000 - 0x00007ff89278a000 	C:\WINDOWS\system32\mswsock.dll
0x00007ff85f180000 - 0x00007ff85f196000 	C:\Program Files\Java\jdk-17\bin\nio.dll
0x00007ff873df0000 - 0x00007ff873e00000 	C:\Program Files\Java\jdk-17\bin\verify.dll
0x00007ff84cf00000 - 0x00007ff84cf27000 	C:\Users\DELL\.gradle\native\c067742578af261105cb4f569cf0c3c89f3d7b1fecec35dd04571415982c5e48\windows-amd64\native-platform.dll
0x00007ff812b60000 - 0x00007ff812ca4000 	C:\Users\DELL\.gradle\native\100fb08df4bc3b14c8652ba06237920a3bd2aa13389f12d3474272988ae205f9\windows-amd64\native-platform-file-events.dll
0x00007ff872310000 - 0x00007ff87231a000 	C:\Program Files\Java\jdk-17\bin\management.dll
0x00007ff85f170000 - 0x00007ff85f17b000 	C:\Program Files\Java\jdk-17\bin\management_ext.dll
0x00007ff8929d0000 - 0x00007ff8929eb000 	C:\WINDOWS\SYSTEM32\CRYPTSP.dll
0x00007ff892100000 - 0x00007ff89213a000 	C:\WINDOWS\system32\rsaenh.dll
0x00007ff8927c0000 - 0x00007ff8927eb000 	C:\WINDOWS\SYSTEM32\USERENV.dll
0x00007ff8932d0000 - 0x00007ff8932f6000 	C:\WINDOWS\SYSTEM32\bcrypt.dll
0x00007ff8929f0000 - 0x00007ff8929fc000 	C:\WINDOWS\SYSTEM32\CRYPTBASE.dll
0x00007ff891c20000 - 0x00007ff891c53000 	C:\WINDOWS\SYSTEM32\IPHLPAPI.DLL
0x00007ff895290000 - 0x00007ff89529a000 	C:\WINDOWS\System32\NSI.dll
0x00007ff883a10000 - 0x00007ff883a2f000 	C:\WINDOWS\SYSTEM32\dhcpcsvc6.DLL
0x00007ff8838f0000 - 0x00007ff883915000 	C:\WINDOWS\SYSTEM32\dhcpcsvc.DLL
0x00007ff891cc0000 - 0x00007ff891de6000 	C:\WINDOWS\SYSTEM32\DNSAPI.dll
0x00007ff85f160000 - 0x00007ff85f16e000 	C:\Program Files\Java\jdk-17\bin\sunmscapi.dll
0x00007ff893570000 - 0x00007ff8936e7000 	C:\WINDOWS\System32\CRYPT32.dll
0x00007ff892bf0000 - 0x00007ff892c20000 	C:\WINDOWS\SYSTEM32\ncrypt.dll
0x00007ff892ba0000 - 0x00007ff892bdf000 	C:\WINDOWS\SYSTEM32\NTASN1.dll
0x00007ff8705b0000 - 0x00007ff8705b8000 	C:\WINDOWS\system32\wshunix.dll
0x00007ff8922d0000 - 0x00007ff892306000 	C:\WINDOWS\SYSTEM32\ntmarta.dll

dbghelp: loaded successfully - version: 4.0.5 - missing functions: none
symbol engine: initialized successfully - sym options: 0x614 - pdb path: .;C:\Program Files\Java\jdk-17\bin;C:\WINDOWS\SYSTEM32;C:\WINDOWS\WinSxS\amd64_microsoft.windows.common-controls_6595b64144ccf1df_6.0.26100.4484_none_3e0e6d4ce32ef3b3;C:\Program Files\Java\jdk-17\bin\server;C:\Users\DELL\.gradle\native\c067742578af261105cb4f569cf0c3c89f3d7b1fecec35dd04571415982c5e48\windows-amd64;C:\Users\DELL\.gradle\native\100fb08df4bc3b14c8652ba06237920a3bd2aa13389f12d3474272988ae205f9\windows-amd64

VM Arguments:
jvm_args: --add-opens=java.base/java.lang=ALL-UNNAMED --add-opens=java.base/java.lang.invoke=ALL-UNNAMED --add-opens=java.base/java.util=ALL-UNNAMED --add-opens=java.prefs/java.util.prefs=ALL-UNNAMED --add-exports=jdk.compiler/com.sun.tools.javac.api=ALL-UNNAMED --add-exports=jdk.compiler/com.sun.tools.javac.util=ALL-UNNAMED --add-opens=java.base/java.util=ALL-UNNAMED --add-opens=java.prefs/java.util.prefs=ALL-UNNAMED --add-opens=java.base/java.nio.charset=ALL-UNNAMED --add-opens=java.base/java.net=ALL-UNNAMED --add-opens=java.base/java.util.concurrent.atomic=ALL-UNNAMED --add-opens=java.xml/javax.xml.namespace=ALL-UNNAMED -Xmx2048m -Dfile.encoding=UTF-8 -Duser.country=US -Duser.language=en -Duser.variant -javaagent:C:\Users\DELL\.gradle\wrapper\dists\gradle-8.11.1-bin\bpt9gzteqjrbo1mjrsomdt32c\gradle-8.11.1\lib\agents\gradle-instrumentation-agent-8.11.1.jar 
java_command: org.gradle.launcher.daemon.bootstrap.GradleDaemon 8.11.1
java_class_path (initial): C:\Users\DELL\.gradle\wrapper\dists\gradle-8.11.1-bin\bpt9gzteqjrbo1mjrsomdt32c\gradle-8.11.1\lib\gradle-daemon-main-8.11.1.jar
Launcher Type: SUN_STANDARD

[Global flags]
     intx CICompilerCount                          = 4                                         {product} {ergonomic}
     uint ConcGCThreads                            = 2                                         {product} {ergonomic}
     uint G1ConcRefinementThreads                  = 8                                         {product} {ergonomic}
   size_t G1HeapRegionSize                         = 1048576                                   {product} {ergonomic}
    uintx GCDrainStackTargetSize                   = 64                                        {product} {ergonomic}
   size_t InitialHeapSize                          = 264241152                                 {product} {ergonomic}
   size_t MarkStackSize                            = 4194304                                   {product} {ergonomic}
   size_t MaxHeapSize                              = 2147483648                                {product} {command line}
   size_t MaxNewSize                               = 1287651328                                {product} {ergonomic}
   size_t MinHeapDeltaBytes                        = 1048576                                   {product} {ergonomic}
   size_t MinHeapSize                              = 8388608                                   {product} {ergonomic}
    uintx NonNMethodCodeHeapSize                   = 5839372                                {pd product} {ergonomic}
    uintx NonProfiledCodeHeapSize                  = 122909434                              {pd product} {ergonomic}
    uintx ProfiledCodeHeapSize                     = 122909434                              {pd product} {ergonomic}
    uintx ReservedCodeCacheSize                    = 251658240                              {pd product} {ergonomic}
     bool SegmentedCodeCache                       = true                                      {product} {ergonomic}
   size_t SoftMaxHeapSize                          = 2147483648                             {manageable} {ergonomic}
     bool UseCompressedClassPointers               = true                           {product lp64_product} {ergonomic}
     bool UseCompressedOops                        = true                           {product lp64_product} {ergonomic}
     bool UseG1GC                                  = true                                      {product} {ergonomic}
     bool UseLargePagesIndividualAllocation        = false                                  {pd product} {ergonomic}

Logging:
Log output configuration:
 #0: stdout all=warning uptime,level,tags
 #1: stderr all=off uptime,level,tags

Environment Variables:
JAVA_HOME=C:\Program Files\Java\jdk-17
PATH=C:\Path\to\jdk-23\bin;C:\Program Files\Common Files\Oracle\Java\javapath;C:\Windows\system32;C:\Windows;C:\Windows\System32\Wbem;C:\Windows\System32\WindowsPowerShell\v1.0\;C:\Windows\System32\OpenSSH\;C:\Program Files (x86)\NVIDIA Corporation\PhysX\Common;C:\Program Files\Microsoft SQL Server\Client SDK\ODBC\170\Tools\Binn\;C:\Program Files (x86)\Microsoft SQL Server\150\Tools\Binn\;C:\Program Files\Microsoft SQL Server\150\Tools\Binn\;C:\Program Files\Microsoft SQL Server\150\DTS\Binn\;C:\Program Files\dotnet\;C:\WINDOWS\system32;C:\WINDOWS;C:\WINDOWS\System32\Wbem;C:\WINDOWS\System32\WindowsPowerShell\v1.0\;C:\WINDOWS\System32\OpenSSH\;C:\Users\DELL\OneDrive - VLG\Desktop\VietPN;C:\Program Files\nodejs\;C:\Users\DELL\.config\herd\bin\nvm;C:\Program Files\nodejs;C:\Program Files\ComposerPHP;C:\composer;C:\Program Files\Git\cmd;C:\WINDOWS\system32;C:\WINDOWS;C:\WINDOWS\System32\Wbem;C:\WINDOWS\System32\WindowsPowerShell\v1.0\;C:\WINDOWS\System32\OpenSSH\;D:\Quang\;C:\Program Files\Java\jdk-23\bin;C:\Users\DELL\AppData\Roaming\npm;;C:\Program Files\NVIDIA Corporation\NVIDIA App\NvDLISR;C:\Program Files\Cloudflare\Cloudflare WARP\;D:\Quang\java_jdk23\openjdk-23.0.2_windows-x64_bin\jdk-23.0.2\bin;C:\Program Files\Java\jdk-23.0.2;C:\Windows\system32;C:\Windows;C:\Windows\System32\Wbem;C:\Windows\System32\WindowsPowerShell\v1.0\;C:\Windows\System32\OpenSSH\;C:\Program Files (x86)\NVIDIA Corporation\PhysX\Common;C:\Program Files\Microsoft SQL Server\Client SDK\ODBC\170\Tools\Binn\;C:\Program Files (x86)\Microsoft SQL Server\150\Tools\Binn\;C:\Program Files\Microsoft SQL Server\150\Tools\Binn\;C:\Program Files\Microsoft SQL Server\150\DTS\Binn\;C:\Program Files\dotnet\;C:\WINDOWS\system32;C:\WINDOWS;C:\WINDOWS\System32\Wbem;C:\WINDOWS\System32\WindowsPowerShell\v1.0\;C:\WINDOWS\System32\OpenSSH\;C:\Users\DELL\OneDrive - VLG\Desktop\VietPN;C:\Program Files\nodejs\;C:\Users\DELL\.config\herd\bin\nvm;C:\Program Files\nodejs;C:\Program Files\ComposerPHP;C:\composer;C:\Progr
USERNAME=DELL
OS=Windows_NT
PROCESSOR_IDENTIFIER=Intel64 Family 6 Model 140 Stepping 1, GenuineIntel



---------------  S Y S T E M  ---------------

OS:
 Windows 11 , 64 bit Build 26100 (10.0.26100.4484)
OS uptime: 0 days 0:28 hours

CPU: total 8 (initial active 8) (4 cores per cpu, 2 threads per core) family 6 model 140 stepping 1 microcode 0xbc, cx8, cmov, fxsr, ht, mmx, 3dnowpref, sse, sse2, sse3, ssse3, sse4.1, sse4.2, popcnt, lzcnt, tsc, tscinvbit, avx, avx2, aes, erms, clmul, bmi1, bmi2, adx, avx512f, avx512dq, avx512cd, avx512bw, avx512vl, sha, fma, vzeroupper, avx512_vpopcntdq, avx512_vpclmulqdq, avx512_vaes, avx512_vnni, clflush, clflushopt, clwb, avx512_vbmi2, avx512_vbmi

Memory: 4k page, system-wide physical 16106M (3441M free)
TotalPageFile size 18036M (AvailPageFile size 245M)
current process WorkingSet (physical memory assigned to process): 606M, peak: 633M
current process commit charge ("private bytes"): 641M, peak: 1163M

vm_info: Java HotSpot(TM) 64-Bit Server VM (17.0.12+8-LTS-286) for windows-amd64 JRE (17.0.12+8-LTS-286), built on Jun  5 2024 06:46:59 by "mach5one" with MS VC++ 17.6 (VS2022)

END.
