#
# There is insufficient memory for the Java Runtime Environment to continue.
# Native memory allocation (mmap) failed to map 434110464 bytes for G1 virtual space
# Possible reasons:
#   The system is out of physical RAM or swap space
#   The process is running with CompressedOops enabled, and the Java Heap may be blocking the growth of the native heap
# Possible solutions:
#   Reduce memory load on the system
#   Increase physical memory or swap space
#   Check if swap backing store is full
#   Decrease Java heap size (-Xmx/-Xms)
#   Decrease number of Java threads
#   Decrease Java thread stack sizes (-Xss)
#   Set larger code cache with -XX:ReservedCodeCacheSize=
#   JVM is running with Unscaled Compressed Oops mode in which the Java heap is
#     placed in the first 4GB address space. The Java Heap base address is the
#     maximum limit for the native heap growth. Please use -XX:HeapBaseMinAddress
#     to set the Java Heap base and to place the Java Heap above 4GB virtual address.
# This output file may be truncated or incomplete.
#
#  Out of Memory Error (os_windows.cpp:3548), pid=10156, tid=14012
#
# JRE version: Java(TM) SE Runtime Environment (17.0.12+8) (build 17.0.12+8-LTS-286)
# Java VM: Java HotSpot(TM) 64-Bit Server VM (17.0.12+8-LTS-286, mixed mode, sharing, tiered, compressed oops, compressed class ptrs, g1 gc, windows-amd64)
# No core dump will be written. Minidumps are not enabled by default on client versions of Windows
#

---------------  S U M M A R Y ------------

Command Line: --add-opens=java.base/java.lang=ALL-UNNAMED --add-opens=java.base/java.lang.invoke=ALL-UNNAMED --add-opens=java.base/java.util=ALL-UNNAMED --add-opens=java.prefs/java.util.prefs=ALL-UNNAMED --add-exports=jdk.compiler/com.sun.tools.javac.api=ALL-UNNAMED --add-exports=jdk.compiler/com.sun.tools.javac.util=ALL-UNNAMED --add-opens=java.base/java.util=ALL-UNNAMED --add-opens=java.prefs/java.util.prefs=ALL-UNNAMED --add-opens=java.base/java.nio.charset=ALL-UNNAMED --add-opens=java.base/java.net=ALL-UNNAMED --add-opens=java.base/java.util.concurrent.atomic=ALL-UNNAMED --add-opens=java.xml/javax.xml.namespace=ALL-UNNAMED -Xmx2048m -Dfile.encoding=UTF-8 -Duser.country=US -Duser.language=en -Duser.variant -javaagent:C:\Users\DELL\.gradle\wrapper\dists\gradle-8.11.1-bin\bpt9gzteqjrbo1mjrsomdt32c\gradle-8.11.1\lib\agents\gradle-instrumentation-agent-8.11.1.jar org.gradle.launcher.daemon.bootstrap.GradleDaemon 8.11.1

Host: 11th Gen Intel(R) Core(TM) i7-1165G7 @ 2.80GHz, 8 cores, 15G,  Windows 11 , 64 bit Build 26100 (10.0.26100.4484)
Time: Fri Jul  4 08:17:15 2025 SE Asia Standard Time elapsed time: 459.673951 seconds (0d 0h 7m 39s)

---------------  T H R E A D  ---------------

Current thread (0x000002047fb6d080):  VMThread "VM Thread" [stack: 0x0000006699a00000,0x0000006699b00000] [id=14012]

Stack: [0x0000006699a00000,0x0000006699b00000]
Native frames: (J=compiled Java code, j=interpreted, Vv=VM code, C=native code)
V  [jvm.dll+0x67a04a]
V  [jvm.dll+0x7da4ed]
V  [jvm.dll+0x7dbe33]
V  [jvm.dll+0x7dc4a3]
V  [jvm.dll+0x24508f]
V  [jvm.dll+0x677089]
V  [jvm.dll+0x66bd32]
V  [jvm.dll+0x301fa6]
V  [jvm.dll+0x309546]
V  [jvm.dll+0x359d2e]
V  [jvm.dll+0x359f5f]
V  [jvm.dll+0x2d9078]
V  [jvm.dll+0x2d74ad]
V  [jvm.dll+0x2d6afc]
V  [jvm.dll+0x31a981]
V  [jvm.dll+0x7e0d9b]
V  [jvm.dll+0x7e1ad4]
V  [jvm.dll+0x7e1fed]
V  [jvm.dll+0x7e23c4]
V  [jvm.dll+0x7e2490]
V  [jvm.dll+0x78abea]
V  [jvm.dll+0x678f35]
C  [ucrtbase.dll+0x37b0]
C  [KERNEL32.DLL+0x2e8d7]
C  [ntdll.dll+0x3c34c]

VM_Operation (0x000000669d0f8708): G1TryInitiateConcMark, mode: safepoint, requested by thread 0x0000020450470f00


---------------  P R O C E S S  ---------------

Threads class SMR info:
_java_thread_list=0x00000204503d15f0, length=62, elements={
0x0000020467a8b300, 0x000002047fb7a5e0, 0x000002047fb7cfc0, 0x000002047fb8b0f0,
0x000002047fb8ddd0, 0x000002047fb8e6a0, 0x000002047fb8ef70, 0x000002047fb8fc20,
0x000002047fb93ae0, 0x000002047fb9a440, 0x000002047fc60130, 0x000002047fe7d1f0,
0x000002044b78d000, 0x000002047fec17f0, 0x000002044ca7b630, 0x000002044b6749d0,
0x000002044b674ee0, 0x000002044d7cd250, 0x000002044d7ceba0, 0x000002044d7d0a00,
0x000002044d7cfad0, 0x000002044d7d1930, 0x000002044fb305b0, 0x000002044fb30ac0,
0x000002044fb314e0, 0x000002044fb31f00, 0x000002044fb32410, 0x000002044fb32920,
0x000002044fb32e30, 0x000002044fb300a0, 0x000002044fb360d0, 0x000002044fb34270,
0x000002044fb34780, 0x000002044fb34c90, 0x000002044fb33340, 0x000002044fb351a0,
0x000002044fb356b0, 0x000002044fb365e0, 0x000002044fb36af0, 0x000002044fb33850,
0x000002044fb37510, 0x000002044fb33d60, 0x000002044fb37a20, 0x000002045046e680,
0x0000020450470f00, 0x0000020450471410, 0x0000020450471920, 0x000002045046f5b0,
0x000002045046e170, 0x0000020450472850, 0x0000020450473780, 0x0000020450472d60,
0x000002044d5e9130, 0x000002044d5ea120, 0x000002045046ffd0, 0x00000204504750d0,
0x0000020450472340, 0x00000204504755e0, 0x0000020450473c90, 0x0000020450473270,
0x00000204504746b0, 0x00000204504741a0
}

Java Threads: ( => current thread )
  0x0000020467a8b300 JavaThread "main" [_thread_blocked, id=2452, stack(0x0000006699400000,0x0000006699500000)]
  0x000002047fb7a5e0 JavaThread "Reference Handler" daemon [_thread_blocked, id=14324, stack(0x0000006699b00000,0x0000006699c00000)]
  0x000002047fb7cfc0 JavaThread "Finalizer" daemon [_thread_blocked, id=7620, stack(0x0000006699c00000,0x0000006699d00000)]
  0x000002047fb8b0f0 JavaThread "Signal Dispatcher" daemon [_thread_blocked, id=488, stack(0x0000006699d00000,0x0000006699e00000)]
  0x000002047fb8ddd0 JavaThread "Attach Listener" daemon [_thread_blocked, id=492, stack(0x0000006699e00000,0x0000006699f00000)]
  0x000002047fb8e6a0 JavaThread "Service Thread" daemon [_thread_blocked, id=4620, stack(0x0000006699f00000,0x000000669a000000)]
  0x000002047fb8ef70 JavaThread "Monitor Deflation Thread" daemon [_thread_blocked, id=12348, stack(0x000000669a000000,0x000000669a100000)]
  0x000002047fb8fc20 JavaThread "C2 CompilerThread0" daemon [_thread_blocked, id=14308, stack(0x000000669a100000,0x000000669a200000)]
  0x000002047fb93ae0 JavaThread "C1 CompilerThread0" daemon [_thread_blocked, id=6612, stack(0x000000669a200000,0x000000669a300000)]
  0x000002047fb9a440 JavaThread "Sweeper thread" daemon [_thread_blocked, id=7500, stack(0x000000669a300000,0x000000669a400000)]
  0x000002047fc60130 JavaThread "Common-Cleaner" daemon [_thread_blocked, id=6880, stack(0x000000669a400000,0x000000669a500000)]
  0x000002047fe7d1f0 JavaThread "Notification Thread" daemon [_thread_blocked, id=6968, stack(0x000000669a500000,0x000000669a600000)]
  0x000002044b78d000 JavaThread "Daemon health stats" [_thread_blocked, id=14188, stack(0x000000669ae00000,0x000000669af00000)]
  0x000002047fec17f0 JavaThread "Incoming local TCP Connector on port 49853" [_thread_in_native, id=14400, stack(0x000000669a700000,0x000000669a800000)]
  0x000002044ca7b630 JavaThread "Daemon periodic checks" [_thread_blocked, id=12272, stack(0x000000669a800000,0x000000669a900000)]
  0x000002044b6749d0 JavaThread "Cache worker for journal cache (C:\Users\DELL\.gradle\caches\journal-1)" [_thread_blocked, id=11684, stack(0x000000669b600000,0x000000669b700000)]
  0x000002044b674ee0 JavaThread "File lock request listener" [_thread_in_native, id=10396, stack(0x000000669b700000,0x000000669b800000)]
  0x000002044d7cd250 JavaThread "Cache worker for file hash cache (C:\Users\DELL\.gradle\caches\8.11.1\fileHashes)" [_thread_blocked, id=844, stack(0x000000669b900000,0x000000669ba00000)]
  0x000002044d7ceba0 JavaThread "Cache worker for file content cache (C:\Users\DELL\.gradle\caches\8.11.1\fileContent)" [_thread_blocked, id=15496, stack(0x000000669ba00000,0x000000669bb00000)]
  0x000002044d7d0a00 JavaThread "File watcher server" daemon [_thread_blocked, id=15632, stack(0x000000669c200000,0x000000669c300000)]
  0x000002044d7cfad0 JavaThread "File watcher consumer" daemon [_thread_blocked, id=15636, stack(0x000000669c300000,0x000000669c400000)]
  0x000002044d7d1930 JavaThread "Memory manager" [_thread_blocked, id=15768, stack(0x000000669ca00000,0x000000669cb00000)]
  0x000002044fb305b0 JavaThread "Cache worker for Java compile cache (C:\Users\DELL\.gradle\caches\8.11.1\javaCompile)" [_thread_blocked, id=16376, stack(0x000000669b800000,0x000000669b900000)]
  0x000002044fb30ac0 JavaThread "Daemon Thread 2" [_thread_blocked, id=6516, stack(0x0000006699100000,0x0000006699200000)]
  0x000002044fb314e0 JavaThread "Handler for socket connection from /127.0.0.1:49853 to /127.0.0.1:50807" [_thread_in_native, id=15120, stack(0x0000006699200000,0x0000006699300000)]
  0x000002044fb31f00 JavaThread "Cancel handler" [_thread_blocked, id=11100, stack(0x0000006699300000,0x0000006699400000)]
  0x000002044fb32410 JavaThread "Daemon worker Thread 2" [_thread_blocked, id=14960, stack(0x000000669af00000,0x000000669b000000)]
  0x000002044fb32920 JavaThread "Asynchronous log dispatcher for DefaultDaemonConnection: socket connection from /127.0.0.1:49853 to /127.0.0.1:50807" [_thread_blocked, id=8632, stack(0x000000669b000000,0x000000669b100000)]
  0x000002044fb32e30 JavaThread "Stdin handler" [_thread_blocked, id=2080, stack(0x000000669b100000,0x000000669b200000)]
  0x000002044fb300a0 JavaThread "Daemon client event forwarder" [_thread_blocked, id=8068, stack(0x000000669b200000,0x000000669b300000)]
  0x000002044fb360d0 JavaThread "Cache worker for file hash cache (D:\baitap\NAM_4\FaceSach\.gradle\8.11.1\fileHashes)" [_thread_blocked, id=8244, stack(0x000000669b300000,0x000000669b400000)]
  0x000002044fb34270 JavaThread "Cache worker for checksums cache (D:\baitap\NAM_4\FaceSach\.gradle\8.11.1\checksums)" [_thread_blocked, id=14372, stack(0x000000669b400000,0x000000669b500000)]
  0x000002044fb34780 JavaThread "Cache worker for Build Output Cleanup Cache (D:\baitap\NAM_4\FaceSach\.gradle\buildOutputCleanup)" [_thread_blocked, id=5804, stack(0x000000669b500000,0x000000669b600000)]
  0x000002044fb34c90 JavaThread "Cache worker for cache directory md-rule (C:\Users\DELL\.gradle\caches\8.11.1\md-rule)" [_thread_blocked, id=4044, stack(0x000000669bd00000,0x000000669be00000)]
  0x000002044fb33340 JavaThread "Cache worker for cache directory md-supplier (C:\Users\DELL\.gradle\caches\8.11.1\md-supplier)" [_thread_blocked, id=3588, stack(0x000000669c100000,0x000000669c200000)]
  0x000002044fb351a0 JavaThread "build event listener" [_thread_blocked, id=1244, stack(0x000000669c700000,0x000000669c800000)]
  0x000002044fb356b0 JavaThread "Build operations" [_thread_blocked, id=2308, stack(0x000000669c600000,0x000000669c700000)]
  0x000002044fb365e0 JavaThread "included builds" [_thread_blocked, id=4852, stack(0x000000669c800000,0x000000669c900000)]
  0x000002044fb36af0 JavaThread "Execution worker" [_thread_blocked, id=2572, stack(0x000000669c900000,0x000000669ca00000)]
  0x000002044fb33850 JavaThread "Execution worker Thread 2" [_thread_blocked, id=11284, stack(0x000000669cb00000,0x000000669cc00000)]
  0x000002044fb37510 JavaThread "Execution worker Thread 3" [_thread_blocked, id=1628, stack(0x000000669cc00000,0x000000669cd00000)]
  0x000002044fb33d60 JavaThread "Execution worker Thread 4" [_thread_blocked, id=3040, stack(0x000000669cd00000,0x000000669ce00000)]
  0x000002044fb37a20 JavaThread "Execution worker Thread 5" [_thread_blocked, id=3248, stack(0x000000669ce00000,0x000000669cf00000)]
  0x000002045046e680 JavaThread "Execution worker Thread 6" [_thread_blocked, id=9620, stack(0x000000669cf00000,0x000000669d000000)]
  0x0000020450470f00 JavaThread "Execution worker Thread 7" [_thread_blocked, id=12648, stack(0x000000669d000000,0x000000669d100000)]
  0x0000020450471410 JavaThread "Cache worker for execution history cache (D:\baitap\NAM_4\FaceSach\.gradle\8.11.1\executionHistory)" [_thread_blocked, id=12004, stack(0x000000669d100000,0x000000669d200000)]
  0x0000020450471920 JavaThread "WorkerExecutor Queue" [_thread_blocked, id=2808, stack(0x000000669d300000,0x000000669d400000)]
  0x000002045046f5b0 JavaThread "WorkerExecutor Queue Thread 2" [_thread_blocked, id=7060, stack(0x000000669d900000,0x000000669da00000)]
  0x000002045046e170 JavaThread "WorkerExecutor Queue Thread 3" [_thread_blocked, id=12164, stack(0x000000669da00000,0x000000669db00000)]
  0x0000020450472850 JavaThread "pool-4-thread-1" [_thread_blocked, id=3020, stack(0x000000669db00000,0x000000669dc00000)]
  0x0000020450473780 JavaThread "stderr" [_thread_in_native, id=16364, stack(0x000000669dc00000,0x000000669dd00000)]
  0x0000020450472d60 JavaThread "stdout" [_thread_in_native, id=10036, stack(0x000000669dd00000,0x000000669de00000)]
  0x000002044d5e9130 JavaThread "C2 CompilerThread1" daemon [_thread_blocked, id=13436, stack(0x000000669bb00000,0x000000669bc00000)]
  0x000002044d5ea120 JavaThread "C2 CompilerThread2" daemon [_thread_blocked, id=11440, stack(0x000000669bc00000,0x000000669bd00000)]
  0x000002045046ffd0 JavaThread "Unconstrained build operations" [_thread_blocked, id=9332, stack(0x000000669de00000,0x000000669df00000)]
  0x00000204504750d0 JavaThread "Build operations Thread 2" [_thread_blocked, id=6124, stack(0x000000669df00000,0x000000669e000000)]
  0x0000020450472340 JavaThread "Build operations Thread 3" [_thread_blocked, id=10592, stack(0x000000669e000000,0x000000669e100000)]
  0x00000204504755e0 JavaThread "Build operations Thread 4" [_thread_blocked, id=10256, stack(0x000000669e100000,0x000000669e200000)]
  0x0000020450473c90 JavaThread "Build operations Thread 5" [_thread_blocked, id=2208, stack(0x000000669e200000,0x000000669e300000)]
  0x0000020450473270 JavaThread "Build operations Thread 6" [_thread_blocked, id=7792, stack(0x000000669e300000,0x000000669e400000)]
  0x00000204504746b0 JavaThread "Build operations Thread 7" [_thread_blocked, id=16280, stack(0x000000669e400000,0x000000669e500000)]
  0x00000204504741a0 JavaThread "Build operations Thread 8" [_thread_blocked, id=6388, stack(0x000000669e500000,0x000000669e600000)]

Other Threads:
=>0x000002047fb6d080 VMThread "VM Thread" [stack: 0x0000006699a00000,0x0000006699b00000] [id=14012]
  0x0000020467b0a0b0 WatcherThread [stack: 0x000000669a600000,0x000000669a700000] [id=13320]
  0x00000204658ae790 GCTaskThread "GC Thread#0" [stack: 0x0000006699500000,0x0000006699600000] [id=9988]
  0x000002044b6f97d0 GCTaskThread "GC Thread#1" [stack: 0x000000669a900000,0x000000669aa00000] [id=11668]
  0x000002044b5ed970 GCTaskThread "GC Thread#2" [stack: 0x000000669aa00000,0x000000669ab00000] [id=11964]
  0x000002044b5edc30 GCTaskThread "GC Thread#3" [stack: 0x000000669ab00000,0x000000669ac00000] [id=10504]
  0x000002044b7b7eb0 GCTaskThread "GC Thread#4" [stack: 0x000000669ac00000,0x000000669ad00000] [id=14636]
  0x000002044b3fb890 GCTaskThread "GC Thread#5" [stack: 0x000000669ad00000,0x000000669ae00000] [id=2288]
  0x000002044d8a9d00 GCTaskThread "GC Thread#6" [stack: 0x000000669be00000,0x000000669bf00000] [id=15584]
  0x000002044ceb7300 GCTaskThread "GC Thread#7" [stack: 0x000000669bf00000,0x000000669c000000] [id=15588]
  0x0000020467af6220 ConcurrentGCThread "G1 Main Marker" [stack: 0x0000006699600000,0x0000006699700000] [id=10052]
  0x0000020467af7810 ConcurrentGCThread "G1 Conc#0" [stack: 0x0000006699700000,0x0000006699800000] [id=10288]
  0x000002044debfcd0 ConcurrentGCThread "G1 Conc#1" [stack: 0x000000669c000000,0x000000669c100000] [id=15592]
  0x000002047faa7f60 ConcurrentGCThread "G1 Refine#0" [stack: 0x0000006699800000,0x0000006699900000] [id=9116]
  0x000002044e9490d0 ConcurrentGCThread "G1 Refine#1" [stack: 0x000000669c400000,0x000000669c500000] [id=15652]
  0x000002044f54efc0 ConcurrentGCThread "G1 Refine#2" [stack: 0x000000669c500000,0x000000669c600000] [id=15656]
  0x000002044fd87880 ConcurrentGCThread "G1 Refine#3" [stack: 0x000000669d400000,0x000000669d500000] [id=1880]
  0x000002044fd86100 ConcurrentGCThread "G1 Refine#4" [stack: 0x000000669d500000,0x000000669d600000] [id=3548]
  0x000002044fd88150 ConcurrentGCThread "G1 Refine#5" [stack: 0x000000669d600000,0x000000669d700000] [id=10208]
  0x000002044fd88440 ConcurrentGCThread "G1 Refine#6" [stack: 0x000000669d700000,0x000000669d800000] [id=3352]
  0x000002044fd892f0 ConcurrentGCThread "G1 Refine#7" [stack: 0x000000669d800000,0x000000669d900000] [id=2556]
  0x000002047faa8640 ConcurrentGCThread "G1 Service" [stack: 0x0000006699900000,0x0000006699a00000] [id=9496]

Threads with active compile tasks:
C2 CompilerThread0   459690 15973       4       org.gradle.internal.serialize.HierarchicalNameSerializer::readName (51 bytes)
C2 CompilerThread1   459690 15977       4       org.gradle.internal.serialize.HierarchicalNameSerializer::readFirstOccurrenceOfName (60 bytes)
C2 CompilerThread2   459690 15978       4       org.gradle.internal.serialize.HierarchicalNameSerializer::read (20 bytes)

VM state: at safepoint (normal execution)

VM Mutex/Monitor currently owned by a thread:  ([mutex/lock_event])
[0x00000204657f06e0] Threads_lock - owner thread: 0x000002047fb6d080
[0x0000020467a887d0] Heap_lock - owner thread: 0x0000020450470f00

Heap address: 0x0000000080000000, size: 2048 MB, Compressed Oops mode: 32-bit

CDS archive(s) mapped at: [0x0000020406000000-0x0000020406bd0000-0x0000020406bd0000), size 12386304, SharedBaseAddress: 0x0000020406000000, ArchiveRelocationMode: 1.
Compressed class space mapped at: 0x0000020407000000-0x0000020447000000, reserved size: 1073741824
Narrow klass base: 0x0000020406000000, Narrow klass shift: 0, Narrow klass range: 0x100000000

GC Precious Log:
 CPUs: 8 total, 8 available
 Memory: 16106M
 Large Page Support: Disabled
 NUMA Support: Disabled
 Compressed Oops: Enabled (32-bit)
 Heap Region Size: 1M
 Heap Min Capacity: 8M
 Heap Initial Capacity: 252M
 Heap Max Capacity: 2G
 Pre-touch: Disabled
 Parallel Workers: 8
 Concurrent Workers: 2
 Concurrent Refinement Workers: 8
 Periodic GC: Disabled

Heap:
 garbage-first heap   total 314368K, used 158203K [0x0000000080000000, 0x0000000100000000)
  region size 1024K, 7 young (7168K), 7 survivors (7168K)
 Metaspace       used 104666K, committed 105536K, reserved 1179648K
  class space    used 14400K, committed 14848K, reserved 1048576K

Heap Regions: E=young(eden), S=young(survivor), O=old, HS=humongous(starts), HC=humongous(continues), CS=collection set, F=free, OA=open archive, CA=closed archive, TAMS=top-at-mark-start (previous, next)
|   0|0x0000000080000000, 0x0000000080100000, 0x0000000080100000|100%| O|  |TAMS 0x0000000080100000, 0x0000000080100000| Untracked 
|   1|0x0000000080100000, 0x0000000080200000, 0x0000000080200000|100%|HS|  |TAMS 0x0000000080200000, 0x0000000080200000| Complete 
|   2|0x0000000080200000, 0x0000000080300000, 0x0000000080300000|100%|HC|  |TAMS 0x0000000080300000, 0x0000000080300000| Complete 
|   3|0x0000000080300000, 0x0000000080400000, 0x0000000080400000|100%|HC|  |TAMS 0x0000000080400000, 0x0000000080400000| Complete 
|   4|0x0000000080400000, 0x0000000080500000, 0x0000000080500000|100%| O|  |TAMS 0x0000000080500000, 0x0000000080500000| Untracked 
|   5|0x0000000080500000, 0x0000000080600000, 0x0000000080600000|100%| O|  |TAMS 0x0000000080600000, 0x0000000080600000| Untracked 
|   6|0x0000000080600000, 0x0000000080700000, 0x0000000080700000|100%| O|  |TAMS 0x0000000080700000, 0x0000000080700000| Untracked 
|   7|0x0000000080700000, 0x0000000080800000, 0x0000000080800000|100%|HS|  |TAMS 0x0000000080800000, 0x0000000080800000| Complete 
|   8|0x0000000080800000, 0x0000000080900000, 0x0000000080900000|100%|HS|  |TAMS 0x0000000080900000, 0x0000000080900000| Complete 
|   9|0x0000000080900000, 0x0000000080a00000, 0x0000000080a00000|100%| O|  |TAMS 0x0000000080a00000, 0x0000000080a00000| Untracked 
|  10|0x0000000080a00000, 0x0000000080b00000, 0x0000000080b00000|100%| O|  |TAMS 0x0000000080b00000, 0x0000000080b00000| Untracked 
|  11|0x0000000080b00000, 0x0000000080c00000, 0x0000000080c00000|100%| O|  |TAMS 0x0000000080c00000, 0x0000000080c00000| Untracked 
|  12|0x0000000080c00000, 0x0000000080cfb600, 0x0000000080d00000| 98%| O|  |TAMS 0x0000000080cfb600, 0x0000000080cfb600| Untracked 
|  13|0x0000000080d00000, 0x0000000080e00000, 0x0000000080e00000|100%|HS|  |TAMS 0x0000000080e00000, 0x0000000080e00000| Complete 
|  14|0x0000000080e00000, 0x0000000080f00000, 0x0000000080f00000|100%| O|  |TAMS 0x0000000080f00000, 0x0000000080f00000| Untracked 
|  15|0x0000000080f00000, 0x0000000081000000, 0x0000000081000000|100%| O|  |TAMS 0x0000000081000000, 0x0000000081000000| Untracked 
|  16|0x0000000081000000, 0x0000000081100000, 0x0000000081100000|100%| O|  |TAMS 0x0000000081100000, 0x0000000081100000| Untracked 
|  17|0x0000000081100000, 0x0000000081200000, 0x0000000081200000|100%| O|  |TAMS 0x0000000081200000, 0x0000000081200000| Untracked 
|  18|0x0000000081200000, 0x0000000081300000, 0x0000000081300000|100%| O|  |TAMS 0x0000000081300000, 0x0000000081300000| Untracked 
|  19|0x0000000081300000, 0x0000000081400000, 0x0000000081400000|100%| O|  |TAMS 0x0000000081400000, 0x0000000081400000| Untracked 
|  20|0x0000000081400000, 0x0000000081500000, 0x0000000081500000|100%| O|  |TAMS 0x0000000081500000, 0x0000000081500000| Untracked 
|  21|0x0000000081500000, 0x0000000081600000, 0x0000000081600000|100%| O|  |TAMS 0x0000000081600000, 0x0000000081600000| Untracked 
|  22|0x0000000081600000, 0x0000000081700000, 0x0000000081700000|100%| O|  |TAMS 0x0000000081700000, 0x0000000081700000| Untracked 
|  23|0x0000000081700000, 0x0000000081800000, 0x0000000081800000|100%| O|  |TAMS 0x0000000081800000, 0x0000000081800000| Untracked 
|  24|0x0000000081800000, 0x0000000081900000, 0x0000000081900000|100%| O|  |TAMS 0x0000000081900000, 0x0000000081900000| Untracked 
|  25|0x0000000081900000, 0x0000000081a00000, 0x0000000081a00000|100%| O|  |TAMS 0x0000000081a00000, 0x0000000081a00000| Untracked 
|  26|0x0000000081a00000, 0x0000000081b00000, 0x0000000081b00000|100%|HS|  |TAMS 0x0000000081b00000, 0x0000000081b00000| Complete 
|  27|0x0000000081b00000, 0x0000000081c00000, 0x0000000081c00000|100%|HS|  |TAMS 0x0000000081c00000, 0x0000000081c00000| Complete 
|  28|0x0000000081c00000, 0x0000000081d00000, 0x0000000081d00000|100%| O|  |TAMS 0x0000000081d00000, 0x0000000081d00000| Untracked 
|  29|0x0000000081d00000, 0x0000000081e00000, 0x0000000081e00000|100%| O|  |TAMS 0x0000000081e00000, 0x0000000081e00000| Untracked 
|  30|0x0000000081e00000, 0x0000000081f00000, 0x0000000081f00000|100%| O|  |TAMS 0x0000000081f00000, 0x0000000081f00000| Untracked 
|  31|0x0000000081f00000, 0x0000000082000000, 0x0000000082000000|100%| O|  |TAMS 0x0000000082000000, 0x0000000082000000| Untracked 
|  32|0x0000000082000000, 0x0000000082100000, 0x0000000082100000|100%| O|  |TAMS 0x0000000082100000, 0x0000000082100000| Untracked 
|  33|0x0000000082100000, 0x0000000082200000, 0x0000000082200000|100%| O|  |TAMS 0x0000000082200000, 0x0000000082200000| Untracked 
|  34|0x0000000082200000, 0x0000000082300000, 0x0000000082300000|100%| O|  |TAMS 0x0000000082300000, 0x0000000082300000| Untracked 
|  35|0x0000000082300000, 0x0000000082400000, 0x0000000082400000|100%| O|  |TAMS 0x0000000082300000, 0x0000000082400000| Untracked 
|  36|0x0000000082400000, 0x0000000082500000, 0x0000000082500000|100%| O|  |TAMS 0x0000000082500000, 0x0000000082500000| Untracked 
|  37|0x0000000082500000, 0x0000000082600000, 0x0000000082600000|100%|HS|  |TAMS 0x0000000082600000, 0x0000000082600000| Complete 
|  38|0x0000000082600000, 0x0000000082700000, 0x0000000082700000|100%| O|  |TAMS 0x0000000082700000, 0x0000000082700000| Untracked 
|  39|0x0000000082700000, 0x0000000082800000, 0x0000000082800000|100%| O|  |TAMS 0x0000000082800000, 0x0000000082800000| Untracked 
|  40|0x0000000082800000, 0x0000000082900000, 0x0000000082900000|100%| O|  |TAMS 0x0000000082900000, 0x0000000082900000| Untracked 
|  41|0x0000000082900000, 0x0000000082a00000, 0x0000000082a00000|100%| O|  |TAMS 0x0000000082a00000, 0x0000000082a00000| Untracked 
|  42|0x0000000082a00000, 0x0000000082b00000, 0x0000000082b00000|100%| O|  |TAMS 0x0000000082b00000, 0x0000000082b00000| Untracked 
|  43|0x0000000082b00000, 0x0000000082c00000, 0x0000000082c00000|100%|HS|  |TAMS 0x0000000082c00000, 0x0000000082c00000| Complete 
|  44|0x0000000082c00000, 0x0000000082d00000, 0x0000000082d00000|100%| O|  |TAMS 0x0000000082d00000, 0x0000000082d00000| Untracked 
|  45|0x0000000082d00000, 0x0000000082e00000, 0x0000000082e00000|100%| O|  |TAMS 0x0000000082e00000, 0x0000000082e00000| Untracked 
|  46|0x0000000082e00000, 0x0000000082f00000, 0x0000000082f00000|100%| O|  |TAMS 0x0000000082f00000, 0x0000000082f00000| Untracked 
|  47|0x0000000082f00000, 0x0000000083000000, 0x0000000083000000|100%| O|  |TAMS 0x0000000083000000, 0x0000000083000000| Untracked 
|  48|0x0000000083000000, 0x0000000083100000, 0x0000000083100000|100%| O|  |TAMS 0x0000000083100000, 0x0000000083100000| Untracked 
|  49|0x0000000083100000, 0x0000000083200000, 0x0000000083200000|100%| O|  |TAMS 0x0000000083100000, 0x0000000083200000| Untracked 
|  50|0x0000000083200000, 0x0000000083300000, 0x0000000083300000|100%| O|  |TAMS 0x0000000083300000, 0x0000000083300000| Untracked 
|  51|0x0000000083300000, 0x0000000083400000, 0x0000000083400000|100%| O|  |TAMS 0x0000000083400000, 0x0000000083400000| Untracked 
|  52|0x0000000083400000, 0x0000000083500000, 0x0000000083500000|100%| O|  |TAMS 0x0000000083500000, 0x0000000083500000| Untracked 
|  53|0x0000000083500000, 0x0000000083600000, 0x0000000083600000|100%| O|  |TAMS 0x0000000083600000, 0x0000000083600000| Untracked 
|  54|0x0000000083600000, 0x0000000083700000, 0x0000000083700000|100%| O|  |TAMS 0x0000000083700000, 0x0000000083700000| Untracked 
|  55|0x0000000083700000, 0x0000000083800000, 0x0000000083800000|100%| O|  |TAMS 0x0000000083800000, 0x0000000083800000| Untracked 
|  56|0x0000000083800000, 0x0000000083900000, 0x0000000083900000|100%| O|  |TAMS 0x0000000083800000, 0x0000000083900000| Untracked 
|  57|0x0000000083900000, 0x0000000083a00000, 0x0000000083a00000|100%| O|  |TAMS 0x0000000083a00000, 0x0000000083a00000| Untracked 
|  58|0x0000000083a00000, 0x0000000083b00000, 0x0000000083b00000|100%| O|  |TAMS 0x0000000083b00000, 0x0000000083b00000| Untracked 
|  59|0x0000000083b00000, 0x0000000083c00000, 0x0000000083c00000|100%| O|  |TAMS 0x0000000083c00000, 0x0000000083c00000| Untracked 
|  60|0x0000000083c00000, 0x0000000083d00000, 0x0000000083d00000|100%| O|  |TAMS 0x0000000083d00000, 0x0000000083d00000| Untracked 
|  61|0x0000000083d00000, 0x0000000083e00000, 0x0000000083e00000|100%| O|  |TAMS 0x0000000083e00000, 0x0000000083e00000| Untracked 
|  62|0x0000000083e00000, 0x0000000083f00000, 0x0000000083f00000|100%| O|  |TAMS 0x0000000083f00000, 0x0000000083f00000| Untracked 
|  63|0x0000000083f00000, 0x0000000084000000, 0x0000000084000000|100%| O|  |TAMS 0x0000000084000000, 0x0000000084000000| Untracked 
|  64|0x0000000084000000, 0x0000000084100000, 0x0000000084100000|100%| O|  |TAMS 0x0000000084100000, 0x0000000084100000| Untracked 
|  65|0x0000000084100000, 0x0000000084200000, 0x0000000084200000|100%| O|  |TAMS 0x0000000084200000, 0x0000000084200000| Untracked 
|  66|0x0000000084200000, 0x0000000084300000, 0x0000000084300000|100%| O|  |TAMS 0x0000000084300000, 0x0000000084300000| Untracked 
|  67|0x0000000084300000, 0x0000000084400000, 0x0000000084400000|100%| O|  |TAMS 0x0000000084400000, 0x0000000084400000| Untracked 
|  68|0x0000000084400000, 0x0000000084500000, 0x0000000084500000|100%| O|  |TAMS 0x0000000084500000, 0x0000000084500000| Untracked 
|  69|0x0000000084500000, 0x0000000084600000, 0x0000000084600000|100%| O|  |TAMS 0x0000000084600000, 0x0000000084600000| Untracked 
|  70|0x0000000084600000, 0x0000000084700000, 0x0000000084700000|100%| O|  |TAMS 0x0000000084700000, 0x0000000084700000| Untracked 
|  71|0x0000000084700000, 0x0000000084800000, 0x0000000084800000|100%| O|  |TAMS 0x0000000084800000, 0x0000000084800000| Untracked 
|  72|0x0000000084800000, 0x0000000084900000, 0x0000000084900000|100%| O|  |TAMS 0x0000000084900000, 0x0000000084900000| Untracked 
|  73|0x0000000084900000, 0x0000000084a00000, 0x0000000084a00000|100%| O|  |TAMS 0x0000000084a00000, 0x0000000084a00000| Untracked 
|  74|0x0000000084a00000, 0x0000000084b00000, 0x0000000084b00000|100%| O|  |TAMS 0x0000000084b00000, 0x0000000084b00000| Untracked 
|  75|0x0000000084b00000, 0x0000000084b00000, 0x0000000084c00000|  0%| F|  |TAMS 0x0000000084b00000, 0x0000000084b00000| Untracked 
|  76|0x0000000084c00000, 0x0000000084d00000, 0x0000000084d00000|100%| O|  |TAMS 0x0000000084c00000, 0x0000000084d00000| Untracked 
|  77|0x0000000084d00000, 0x0000000084e00000, 0x0000000084e00000|100%| O|  |TAMS 0x0000000084e00000, 0x0000000084e00000| Untracked 
|  78|0x0000000084e00000, 0x0000000084e00000, 0x0000000084f00000|  0%| F|  |TAMS 0x0000000084e00000, 0x0000000084e00000| Untracked 
|  79|0x0000000084f00000, 0x0000000085000000, 0x0000000085000000|100%| O|  |TAMS 0x0000000084f00000, 0x0000000085000000| Untracked 
|  80|0x0000000085000000, 0x0000000085100000, 0x0000000085100000|100%| O|  |TAMS 0x0000000085100000, 0x0000000085100000| Untracked 
|  81|0x0000000085100000, 0x0000000085200000, 0x0000000085200000|100%| O|  |TAMS 0x0000000085200000, 0x0000000085200000| Untracked 
|  82|0x0000000085200000, 0x0000000085300000, 0x0000000085300000|100%| O|  |TAMS 0x0000000085300000, 0x0000000085300000| Untracked 
|  83|0x0000000085300000, 0x0000000085400000, 0x0000000085400000|100%| O|  |TAMS 0x0000000085400000, 0x0000000085400000| Untracked 
|  84|0x0000000085400000, 0x0000000085500000, 0x0000000085500000|100%| O|  |TAMS 0x0000000085500000, 0x0000000085500000| Untracked 
|  85|0x0000000085500000, 0x0000000085600000, 0x0000000085600000|100%| O|  |TAMS 0x0000000085600000, 0x0000000085600000| Untracked 
|  86|0x0000000085600000, 0x0000000085700000, 0x0000000085700000|100%| O|  |TAMS 0x0000000085700000, 0x0000000085700000| Untracked 
|  87|0x0000000085700000, 0x0000000085800000, 0x0000000085800000|100%| O|  |TAMS 0x0000000085800000, 0x0000000085800000| Untracked 
|  88|0x0000000085800000, 0x0000000085900000, 0x0000000085900000|100%| O|  |TAMS 0x0000000085900000, 0x0000000085900000| Untracked 
|  89|0x0000000085900000, 0x0000000085a00000, 0x0000000085a00000|100%| O|  |TAMS 0x0000000085a00000, 0x0000000085a00000| Untracked 
|  90|0x0000000085a00000, 0x0000000085b00000, 0x0000000085b00000|100%| O|  |TAMS 0x0000000085b00000, 0x0000000085b00000| Untracked 
|  91|0x0000000085b00000, 0x0000000085c00000, 0x0000000085c00000|100%| O|  |TAMS 0x0000000085c00000, 0x0000000085c00000| Untracked 
|  92|0x0000000085c00000, 0x0000000085d00000, 0x0000000085d00000|100%| O|  |TAMS 0x0000000085d00000, 0x0000000085d00000| Untracked 
|  93|0x0000000085d00000, 0x0000000085e00000, 0x0000000085e00000|100%|HS|  |TAMS 0x0000000085e00000, 0x0000000085e00000| Complete 
|  94|0x0000000085e00000, 0x0000000085f00000, 0x0000000085f00000|100%| O|  |TAMS 0x0000000085f00000, 0x0000000085f00000| Untracked 
|  95|0x0000000085f00000, 0x0000000086000000, 0x0000000086000000|100%| O|  |TAMS 0x0000000086000000, 0x0000000086000000| Untracked 
|  96|0x0000000086000000, 0x0000000086100000, 0x0000000086100000|100%| O|  |TAMS 0x0000000086100000, 0x0000000086100000| Untracked 
|  97|0x0000000086100000, 0x0000000086200000, 0x0000000086200000|100%| O|  |TAMS 0x0000000086200000, 0x0000000086200000| Untracked 
|  98|0x0000000086200000, 0x0000000086300000, 0x0000000086300000|100%| O|  |TAMS 0x0000000086300000, 0x0000000086300000| Untracked 
|  99|0x0000000086300000, 0x0000000086400000, 0x0000000086400000|100%| O|  |TAMS 0x0000000086400000, 0x0000000086400000| Untracked 
| 100|0x0000000086400000, 0x0000000086500000, 0x0000000086500000|100%| O|  |TAMS 0x0000000086500000, 0x0000000086500000| Untracked 
| 101|0x0000000086500000, 0x0000000086600000, 0x0000000086600000|100%| O|  |TAMS 0x0000000086600000, 0x0000000086600000| Untracked 
| 102|0x0000000086600000, 0x0000000086700000, 0x0000000086700000|100%| O|  |TAMS 0x0000000086700000, 0x0000000086700000| Untracked 
| 103|0x0000000086700000, 0x0000000086800000, 0x0000000086800000|100%| O|  |TAMS 0x0000000086800000, 0x0000000086800000| Untracked 
| 104|0x0000000086800000, 0x0000000086900000, 0x0000000086900000|100%| O|  |TAMS 0x0000000086900000, 0x0000000086900000| Untracked 
| 105|0x0000000086900000, 0x0000000086a00000, 0x0000000086a00000|100%| O|  |TAMS 0x0000000086a00000, 0x0000000086a00000| Untracked 
| 106|0x0000000086a00000, 0x0000000086b00000, 0x0000000086b00000|100%| O|  |TAMS 0x0000000086b00000, 0x0000000086b00000| Untracked 
| 107|0x0000000086b00000, 0x0000000086c00000, 0x0000000086c00000|100%| O|  |TAMS 0x0000000086c00000, 0x0000000086c00000| Untracked 
| 108|0x0000000086c00000, 0x0000000086d00000, 0x0000000086d00000|100%| O|  |TAMS 0x0000000086d00000, 0x0000000086d00000| Untracked 
| 109|0x0000000086d00000, 0x0000000086e00000, 0x0000000086e00000|100%| O|  |TAMS 0x0000000086e00000, 0x0000000086e00000| Untracked 
| 110|0x0000000086e00000, 0x0000000086f00000, 0x0000000086f00000|100%| O|  |TAMS 0x0000000086f00000, 0x0000000086f00000| Untracked 
| 111|0x0000000086f00000, 0x0000000087000000, 0x0000000087000000|100%| O|  |TAMS 0x0000000087000000, 0x0000000087000000| Untracked 
| 112|0x0000000087000000, 0x0000000087100000, 0x0000000087100000|100%| O|  |TAMS 0x0000000087100000, 0x0000000087100000| Untracked 
| 113|0x0000000087100000, 0x0000000087200000, 0x0000000087200000|100%| O|  |TAMS 0x0000000087200000, 0x0000000087200000| Untracked 
| 114|0x0000000087200000, 0x0000000087300000, 0x0000000087300000|100%| O|  |TAMS 0x0000000087300000, 0x0000000087300000| Untracked 
| 115|0x0000000087300000, 0x0000000087400000, 0x0000000087400000|100%| O|  |TAMS 0x0000000087400000, 0x0000000087400000| Untracked 
| 116|0x0000000087400000, 0x0000000087500000, 0x0000000087500000|100%| O|  |TAMS 0x0000000087500000, 0x0000000087500000| Untracked 
| 117|0x0000000087500000, 0x0000000087600000, 0x0000000087600000|100%| O|  |TAMS 0x0000000087600000, 0x0000000087600000| Untracked 
| 118|0x0000000087600000, 0x0000000087700000, 0x0000000087700000|100%| O|  |TAMS 0x0000000087600000, 0x0000000087700000| Untracked 
| 119|0x0000000087700000, 0x0000000087800000, 0x0000000087800000|100%| O|  |TAMS 0x0000000087700000, 0x0000000087800000| Untracked 
| 120|0x0000000087800000, 0x0000000087841800, 0x0000000087900000| 25%| O|  |TAMS 0x0000000087800000, 0x0000000087841800| Untracked 
| 121|0x0000000087900000, 0x0000000087900000, 0x0000000087a00000|  0%| F|  |TAMS 0x0000000087900000, 0x0000000087900000| Untracked 
| 122|0x0000000087a00000, 0x0000000087a00000, 0x0000000087b00000|  0%| F|  |TAMS 0x0000000087a00000, 0x0000000087a00000| Untracked 
| 123|0x0000000087b00000, 0x0000000087b00000, 0x0000000087c00000|  0%| F|  |TAMS 0x0000000087b00000, 0x0000000087b00000| Untracked 
| 124|0x0000000087c00000, 0x0000000087c00000, 0x0000000087d00000|  0%| F|  |TAMS 0x0000000087c00000, 0x0000000087c00000| Untracked 
| 125|0x0000000087d00000, 0x0000000087d00000, 0x0000000087e00000|  0%| F|  |TAMS 0x0000000087d00000, 0x0000000087d00000| Untracked 
| 126|0x0000000087e00000, 0x0000000087e00000, 0x0000000087f00000|  0%| F|  |TAMS 0x0000000087e00000, 0x0000000087e00000| Untracked 
| 127|0x0000000087f00000, 0x0000000087f00000, 0x0000000088000000|  0%| F|  |TAMS 0x0000000087f00000, 0x0000000087f00000| Untracked 
| 128|0x0000000088000000, 0x0000000088100000, 0x0000000088100000|100%| O|  |TAMS 0x0000000088100000, 0x0000000088100000| Untracked 
| 129|0x0000000088100000, 0x0000000088200000, 0x0000000088200000|100%| O|  |TAMS 0x0000000088200000, 0x0000000088200000| Untracked 
| 130|0x0000000088200000, 0x0000000088300000, 0x0000000088300000|100%| O|  |TAMS 0x0000000088200000, 0x0000000088300000| Untracked 
| 131|0x0000000088300000, 0x0000000088400000, 0x0000000088400000|100%| O|  |TAMS 0x0000000088300000, 0x0000000088400000| Untracked 
| 132|0x0000000088400000, 0x0000000088400000, 0x0000000088500000|  0%| F|  |TAMS 0x0000000088400000, 0x0000000088400000| Untracked 
| 133|0x0000000088500000, 0x0000000088600000, 0x0000000088600000|100%| O|  |TAMS 0x0000000088600000, 0x0000000088600000| Untracked 
| 134|0x0000000088600000, 0x0000000088700000, 0x0000000088700000|100%| O|  |TAMS 0x0000000088700000, 0x0000000088700000| Untracked 
| 135|0x0000000088700000, 0x0000000088800000, 0x0000000088800000|100%| O|  |TAMS 0x0000000088800000, 0x0000000088800000| Untracked 
| 136|0x0000000088800000, 0x0000000088900000, 0x0000000088900000|100%| O|  |TAMS 0x0000000088900000, 0x0000000088900000| Untracked 
| 137|0x0000000088900000, 0x0000000088a00000, 0x0000000088a00000|100%| O|  |TAMS 0x0000000088a00000, 0x0000000088a00000| Untracked 
| 138|0x0000000088a00000, 0x0000000088b00000, 0x0000000088b00000|100%| O|  |TAMS 0x0000000088b00000, 0x0000000088b00000| Untracked 
| 139|0x0000000088b00000, 0x0000000088c00000, 0x0000000088c00000|100%| O|  |TAMS 0x0000000088c00000, 0x0000000088c00000| Untracked 
| 140|0x0000000088c00000, 0x0000000088d00000, 0x0000000088d00000|100%| O|  |TAMS 0x0000000088d00000, 0x0000000088d00000| Untracked 
| 141|0x0000000088d00000, 0x0000000088d00000, 0x0000000088e00000|  0%| F|  |TAMS 0x0000000088d00000, 0x0000000088d00000| Untracked 
| 142|0x0000000088e00000, 0x0000000088f00000, 0x0000000088f00000|100%| O|  |TAMS 0x0000000088e80000, 0x0000000088f00000| Untracked 
| 143|0x0000000088f00000, 0x0000000088f00000, 0x0000000089000000|  0%| F|  |TAMS 0x0000000088f00000, 0x0000000088f00000| Untracked 
| 144|0x0000000089000000, 0x0000000089000000, 0x0000000089100000|  0%| F|  |TAMS 0x0000000089000000, 0x0000000089000000| Untracked 
| 145|0x0000000089100000, 0x0000000089100000, 0x0000000089200000|  0%| F|  |TAMS 0x0000000089100000, 0x0000000089100000| Untracked 
| 146|0x0000000089200000, 0x0000000089300000, 0x0000000089300000|100%| O|  |TAMS 0x0000000089300000, 0x0000000089300000| Untracked 
| 147|0x0000000089300000, 0x0000000089400000, 0x0000000089400000|100%| O|  |TAMS 0x0000000089400000, 0x0000000089400000| Untracked 
| 148|0x0000000089400000, 0x0000000089500000, 0x0000000089500000|100%| O|  |TAMS 0x0000000089500000, 0x0000000089500000| Untracked 
| 149|0x0000000089500000, 0x0000000089600000, 0x0000000089600000|100%| O|  |TAMS 0x0000000089600000, 0x0000000089600000| Untracked 
| 150|0x0000000089600000, 0x0000000089700000, 0x0000000089700000|100%| O|  |TAMS 0x0000000089700000, 0x0000000089700000| Untracked 
| 151|0x0000000089700000, 0x0000000089800000, 0x0000000089800000|100%| O|  |TAMS 0x0000000089800000, 0x0000000089800000| Untracked 
| 152|0x0000000089800000, 0x0000000089900000, 0x0000000089900000|100%| O|  |TAMS 0x0000000089900000, 0x0000000089900000| Untracked 
| 153|0x0000000089900000, 0x0000000089900000, 0x0000000089a00000|  0%| F|  |TAMS 0x0000000089900000, 0x0000000089900000| Untracked 
| 154|0x0000000089a00000, 0x0000000089b00000, 0x0000000089b00000|100%| O|  |TAMS 0x0000000089b00000, 0x0000000089b00000| Untracked 
| 155|0x0000000089b00000, 0x0000000089c00000, 0x0000000089c00000|100%| O|  |TAMS 0x0000000089c00000, 0x0000000089c00000| Untracked 
| 156|0x0000000089c00000, 0x0000000089d00000, 0x0000000089d00000|100%| O|  |TAMS 0x0000000089d00000, 0x0000000089d00000| Untracked 
| 157|0x0000000089d00000, 0x0000000089e00000, 0x0000000089e00000|100%| O|  |TAMS 0x0000000089e00000, 0x0000000089e00000| Untracked 
| 158|0x0000000089e00000, 0x0000000089f00000, 0x0000000089f00000|100%| O|  |TAMS 0x0000000089f00000, 0x0000000089f00000| Untracked 
| 159|0x0000000089f00000, 0x0000000089f00000, 0x000000008a000000|  0%| F|  |TAMS 0x0000000089f00000, 0x0000000089f00000| Untracked 
| 160|0x000000008a000000, 0x000000008a000000, 0x000000008a100000|  0%| F|  |TAMS 0x000000008a000000, 0x000000008a000000| Untracked 
| 161|0x000000008a100000, 0x000000008a100000, 0x000000008a200000|  0%| F|  |TAMS 0x000000008a100000, 0x000000008a100000| Untracked 
| 162|0x000000008a200000, 0x000000008a200000, 0x000000008a300000|  0%| F|  |TAMS 0x000000008a200000, 0x000000008a200000| Untracked 
| 163|0x000000008a300000, 0x000000008a300000, 0x000000008a400000|  0%| F|  |TAMS 0x000000008a300000, 0x000000008a300000| Untracked 
| 164|0x000000008a400000, 0x000000008a400000, 0x000000008a500000|  0%| F|  |TAMS 0x000000008a400000, 0x000000008a400000| Untracked 
| 165|0x000000008a500000, 0x000000008a500000, 0x000000008a600000|  0%| F|  |TAMS 0x000000008a500000, 0x000000008a500000| Untracked 
| 166|0x000000008a600000, 0x000000008a600000, 0x000000008a700000|  0%| F|  |TAMS 0x000000008a600000, 0x000000008a600000| Untracked 
| 167|0x000000008a700000, 0x000000008a700000, 0x000000008a800000|  0%| F|  |TAMS 0x000000008a700000, 0x000000008a700000| Untracked 
| 168|0x000000008a800000, 0x000000008a800000, 0x000000008a900000|  0%| F|  |TAMS 0x000000008a800000, 0x000000008a800000| Untracked 
| 169|0x000000008a900000, 0x000000008a900000, 0x000000008aa00000|  0%| F|  |TAMS 0x000000008a900000, 0x000000008a900000| Untracked 
| 170|0x000000008aa00000, 0x000000008aa00000, 0x000000008ab00000|  0%| F|  |TAMS 0x000000008aa00000, 0x000000008aa00000| Untracked 
| 171|0x000000008ab00000, 0x000000008ab00000, 0x000000008ac00000|  0%| F|  |TAMS 0x000000008ab00000, 0x000000008ab00000| Untracked 
| 172|0x000000008ac00000, 0x000000008ac00000, 0x000000008ad00000|  0%| F|  |TAMS 0x000000008ac00000, 0x000000008ac00000| Untracked 
| 173|0x000000008ad00000, 0x000000008ad00000, 0x000000008ae00000|  0%| F|  |TAMS 0x000000008ad00000, 0x000000008ad00000| Untracked 
| 174|0x000000008ae00000, 0x000000008ae00000, 0x000000008af00000|  0%| F|  |TAMS 0x000000008ae00000, 0x000000008ae00000| Untracked 
| 175|0x000000008af00000, 0x000000008af00000, 0x000000008b000000|  0%| F|  |TAMS 0x000000008af00000, 0x000000008af00000| Untracked 
| 176|0x000000008b000000, 0x000000008b000000, 0x000000008b100000|  0%| F|  |TAMS 0x000000008b000000, 0x000000008b000000| Untracked 
| 177|0x000000008b100000, 0x000000008b100000, 0x000000008b200000|  0%| F|  |TAMS 0x000000008b100000, 0x000000008b100000| Untracked 
| 178|0x000000008b200000, 0x000000008b200000, 0x000000008b300000|  0%| F|  |TAMS 0x000000008b200000, 0x000000008b200000| Untracked 
| 179|0x000000008b300000, 0x000000008b300000, 0x000000008b400000|  0%| F|  |TAMS 0x000000008b300000, 0x000000008b300000| Untracked 
| 180|0x000000008b400000, 0x000000008b400000, 0x000000008b500000|  0%| F|  |TAMS 0x000000008b400000, 0x000000008b400000| Untracked 
| 181|0x000000008b500000, 0x000000008b500000, 0x000000008b600000|  0%| F|  |TAMS 0x000000008b500000, 0x000000008b500000| Untracked 
| 182|0x000000008b600000, 0x000000008b600000, 0x000000008b700000|  0%| F|  |TAMS 0x000000008b600000, 0x000000008b600000| Untracked 
| 183|0x000000008b700000, 0x000000008b700000, 0x000000008b800000|  0%| F|  |TAMS 0x000000008b700000, 0x000000008b700000| Untracked 
| 184|0x000000008b800000, 0x000000008b800000, 0x000000008b900000|  0%| F|  |TAMS 0x000000008b800000, 0x000000008b800000| Untracked 
| 185|0x000000008b900000, 0x000000008b900000, 0x000000008ba00000|  0%| F|  |TAMS 0x000000008b900000, 0x000000008b900000| Untracked 
| 186|0x000000008ba00000, 0x000000008ba00000, 0x000000008bb00000|  0%| F|  |TAMS 0x000000008ba00000, 0x000000008ba00000| Untracked 
| 187|0x000000008bb00000, 0x000000008bb00000, 0x000000008bc00000|  0%| F|  |TAMS 0x000000008bb00000, 0x000000008bb00000| Untracked 
| 188|0x000000008bc00000, 0x000000008bc00000, 0x000000008bd00000|  0%| F|  |TAMS 0x000000008bc00000, 0x000000008bc00000| Untracked 
| 189|0x000000008bd00000, 0x000000008bd00000, 0x000000008be00000|  0%| F|  |TAMS 0x000000008bd00000, 0x000000008bd00000| Untracked 
| 190|0x000000008be00000, 0x000000008be00000, 0x000000008bf00000|  0%| F|  |TAMS 0x000000008be00000, 0x000000008be00000| Untracked 
| 191|0x000000008bf00000, 0x000000008bf00000, 0x000000008c000000|  0%| F|  |TAMS 0x000000008bf00000, 0x000000008bf00000| Untracked 
| 192|0x000000008c000000, 0x000000008c000000, 0x000000008c100000|  0%| F|  |TAMS 0x000000008c000000, 0x000000008c000000| Untracked 
| 193|0x000000008c100000, 0x000000008c100000, 0x000000008c200000|  0%| F|  |TAMS 0x000000008c100000, 0x000000008c100000| Untracked 
| 194|0x000000008c200000, 0x000000008c200000, 0x000000008c300000|  0%| F|  |TAMS 0x000000008c200000, 0x000000008c200000| Untracked 
| 195|0x000000008c300000, 0x000000008c300000, 0x000000008c400000|  0%| F|  |TAMS 0x000000008c300000, 0x000000008c300000| Untracked 
| 196|0x000000008c400000, 0x000000008c400000, 0x000000008c500000|  0%| F|  |TAMS 0x000000008c400000, 0x000000008c400000| Untracked 
| 197|0x000000008c500000, 0x000000008c500000, 0x000000008c600000|  0%| F|  |TAMS 0x000000008c500000, 0x000000008c500000| Untracked 
| 198|0x000000008c600000, 0x000000008c600000, 0x000000008c700000|  0%| F|  |TAMS 0x000000008c600000, 0x000000008c600000| Untracked 
| 199|0x000000008c700000, 0x000000008c700000, 0x000000008c800000|  0%| F|  |TAMS 0x000000008c700000, 0x000000008c700000| Untracked 
| 200|0x000000008c800000, 0x000000008c800000, 0x000000008c900000|  0%| F|  |TAMS 0x000000008c800000, 0x000000008c800000| Untracked 
| 201|0x000000008c900000, 0x000000008c900000, 0x000000008ca00000|  0%| F|  |TAMS 0x000000008c900000, 0x000000008c900000| Untracked 
| 202|0x000000008ca00000, 0x000000008ca00000, 0x000000008cb00000|  0%| F|  |TAMS 0x000000008ca00000, 0x000000008ca00000| Untracked 
| 203|0x000000008cb00000, 0x000000008cb00000, 0x000000008cc00000|  0%| F|  |TAMS 0x000000008cb00000, 0x000000008cb00000| Untracked 
| 204|0x000000008cc00000, 0x000000008cc00000, 0x000000008cd00000|  0%| F|  |TAMS 0x000000008cc00000, 0x000000008cc00000| Untracked 
| 205|0x000000008cd00000, 0x000000008cd00000, 0x000000008ce00000|  0%| F|  |TAMS 0x000000008cd00000, 0x000000008cd00000| Untracked 
| 206|0x000000008ce00000, 0x000000008ce00000, 0x000000008cf00000|  0%| F|  |TAMS 0x000000008ce00000, 0x000000008ce00000| Untracked 
| 207|0x000000008cf00000, 0x000000008cf00000, 0x000000008d000000|  0%| F|  |TAMS 0x000000008cf00000, 0x000000008cf00000| Untracked 
| 208|0x000000008d000000, 0x000000008d000000, 0x000000008d100000|  0%| F|  |TAMS 0x000000008d000000, 0x000000008d000000| Untracked 
| 209|0x000000008d100000, 0x000000008d100000, 0x000000008d200000|  0%| F|  |TAMS 0x000000008d100000, 0x000000008d100000| Untracked 
| 210|0x000000008d200000, 0x000000008d200000, 0x000000008d300000|  0%| F|  |TAMS 0x000000008d200000, 0x000000008d200000| Untracked 
| 211|0x000000008d300000, 0x000000008d300000, 0x000000008d400000|  0%| F|  |TAMS 0x000000008d300000, 0x000000008d300000| Untracked 
| 212|0x000000008d400000, 0x000000008d400000, 0x000000008d500000|  0%| F|  |TAMS 0x000000008d400000, 0x000000008d400000| Untracked 
| 213|0x000000008d500000, 0x000000008d500000, 0x000000008d600000|  0%| F|  |TAMS 0x000000008d500000, 0x000000008d500000| Untracked 
| 214|0x000000008d600000, 0x000000008d600000, 0x000000008d700000|  0%| F|  |TAMS 0x000000008d600000, 0x000000008d600000| Untracked 
| 215|0x000000008d700000, 0x000000008d700000, 0x000000008d800000|  0%| F|  |TAMS 0x000000008d700000, 0x000000008d700000| Untracked 
| 216|0x000000008d800000, 0x000000008d800000, 0x000000008d900000|  0%| F|  |TAMS 0x000000008d800000, 0x000000008d800000| Untracked 
| 217|0x000000008d900000, 0x000000008d900000, 0x000000008da00000|  0%| F|  |TAMS 0x000000008d900000, 0x000000008d900000| Untracked 
| 218|0x000000008da00000, 0x000000008da00000, 0x000000008db00000|  0%| F|  |TAMS 0x000000008da00000, 0x000000008da00000| Untracked 
| 219|0x000000008db00000, 0x000000008db00000, 0x000000008dc00000|  0%| F|  |TAMS 0x000000008db00000, 0x000000008db00000| Untracked 
| 220|0x000000008dc00000, 0x000000008dc00000, 0x000000008dd00000|  0%| F|  |TAMS 0x000000008dc00000, 0x000000008dc00000| Untracked 
| 221|0x000000008dd00000, 0x000000008dd00000, 0x000000008de00000|  0%| F|  |TAMS 0x000000008dd00000, 0x000000008dd00000| Untracked 
| 222|0x000000008de00000, 0x000000008de00000, 0x000000008df00000|  0%| F|  |TAMS 0x000000008de00000, 0x000000008de00000| Untracked 
| 223|0x000000008df00000, 0x000000008df00000, 0x000000008e000000|  0%| F|  |TAMS 0x000000008df00000, 0x000000008df00000| Untracked 
| 224|0x000000008e000000, 0x000000008e000000, 0x000000008e100000|  0%| F|  |TAMS 0x000000008e000000, 0x000000008e000000| Untracked 
| 225|0x000000008e100000, 0x000000008e100000, 0x000000008e200000|  0%| F|  |TAMS 0x000000008e100000, 0x000000008e100000| Untracked 
| 226|0x000000008e200000, 0x000000008e200000, 0x000000008e300000|  0%| F|  |TAMS 0x000000008e200000, 0x000000008e200000| Untracked 
| 227|0x000000008e300000, 0x000000008e300000, 0x000000008e400000|  0%| F|  |TAMS 0x000000008e300000, 0x000000008e300000| Untracked 
| 228|0x000000008e400000, 0x000000008e400000, 0x000000008e500000|  0%| F|  |TAMS 0x000000008e400000, 0x000000008e400000| Untracked 
| 229|0x000000008e500000, 0x000000008e500000, 0x000000008e600000|  0%| F|  |TAMS 0x000000008e500000, 0x000000008e500000| Untracked 
| 230|0x000000008e600000, 0x000000008e600000, 0x000000008e700000|  0%| F|  |TAMS 0x000000008e600000, 0x000000008e600000| Untracked 
| 231|0x000000008e700000, 0x000000008e700000, 0x000000008e800000|  0%| F|  |TAMS 0x000000008e700000, 0x000000008e700000| Untracked 
| 232|0x000000008e800000, 0x000000008e800000, 0x000000008e900000|  0%| F|  |TAMS 0x000000008e800000, 0x000000008e800000| Untracked 
| 233|0x000000008e900000, 0x000000008e900000, 0x000000008ea00000|  0%| F|  |TAMS 0x000000008e900000, 0x000000008e900000| Untracked 
| 234|0x000000008ea00000, 0x000000008ea00000, 0x000000008eb00000|  0%| F|  |TAMS 0x000000008ea00000, 0x000000008ea00000| Untracked 
| 235|0x000000008eb00000, 0x000000008eb00000, 0x000000008ec00000|  0%| F|  |TAMS 0x000000008eb00000, 0x000000008eb00000| Untracked 
| 236|0x000000008ec00000, 0x000000008ec00000, 0x000000008ed00000|  0%| F|  |TAMS 0x000000008ec00000, 0x000000008ec00000| Untracked 
| 237|0x000000008ed00000, 0x000000008ed00000, 0x000000008ee00000|  0%| F|  |TAMS 0x000000008ed00000, 0x000000008ed00000| Untracked 
| 238|0x000000008ee00000, 0x000000008ee00000, 0x000000008ef00000|  0%| F|  |TAMS 0x000000008ee00000, 0x000000008ee00000| Untracked 
| 239|0x000000008ef00000, 0x000000008ef00000, 0x000000008f000000|  0%| F|  |TAMS 0x000000008ef00000, 0x000000008ef00000| Untracked 
| 240|0x000000008f000000, 0x000000008f000000, 0x000000008f100000|  0%| F|  |TAMS 0x000000008f000000, 0x000000008f000000| Untracked 
| 241|0x000000008f100000, 0x000000008f100000, 0x000000008f200000|  0%| F|  |TAMS 0x000000008f100000, 0x000000008f100000| Untracked 
| 242|0x000000008f200000, 0x000000008f200000, 0x000000008f300000|  0%| F|  |TAMS 0x000000008f200000, 0x000000008f200000| Untracked 
| 243|0x000000008f300000, 0x000000008f300000, 0x000000008f400000|  0%| F|  |TAMS 0x000000008f300000, 0x000000008f300000| Untracked 
| 244|0x000000008f400000, 0x000000008f400000, 0x000000008f500000|  0%| F|  |TAMS 0x000000008f400000, 0x000000008f400000| Untracked 
| 245|0x000000008f500000, 0x000000008f500000, 0x000000008f600000|  0%| F|  |TAMS 0x000000008f500000, 0x000000008f500000| Untracked 
| 246|0x000000008f600000, 0x000000008f600000, 0x000000008f700000|  0%| F|  |TAMS 0x000000008f600000, 0x000000008f600000| Untracked 
| 247|0x000000008f700000, 0x000000008f742040, 0x000000008f800000| 25%| S|CS|TAMS 0x000000008f700000, 0x000000008f700000| Complete 
| 248|0x000000008f800000, 0x000000008f900000, 0x000000008f900000|100%| S|CS|TAMS 0x000000008f800000, 0x000000008f800000| Complete 
| 249|0x000000008f900000, 0x000000008fa00000, 0x000000008fa00000|100%| S|CS|TAMS 0x000000008f900000, 0x000000008f900000| Complete 
| 250|0x000000008fa00000, 0x000000008fb00000, 0x000000008fb00000|100%| S|CS|TAMS 0x000000008fa00000, 0x000000008fa00000| Complete 
| 251|0x000000008fb00000, 0x000000008fc00000, 0x000000008fc00000|100%| S|CS|TAMS 0x000000008fb00000, 0x000000008fb00000| Complete 
| 252|0x000000008fc00000, 0x000000008fd00000, 0x000000008fd00000|100%| S|CS|TAMS 0x000000008fc00000, 0x000000008fc00000| Complete 
| 253|0x000000008fd00000, 0x000000008fe00000, 0x000000008fe00000|100%| S|CS|TAMS 0x000000008fd00000, 0x000000008fd00000| Complete 
| 254|0x000000008fe00000, 0x000000008fe00000, 0x000000008ff00000|  0%| F|  |TAMS 0x000000008fe00000, 0x000000008fe00000| Untracked 
| 255|0x000000008ff00000, 0x000000008ff00000, 0x0000000090000000|  0%| F|  |TAMS 0x000000008ff00000, 0x000000008ff00000| Untracked 
| 256|0x0000000090000000, 0x0000000090000000, 0x0000000090100000|  0%| F|  |TAMS 0x0000000090000000, 0x0000000090000000| Untracked 
| 257|0x0000000090100000, 0x0000000090100000, 0x0000000090200000|  0%| F|  |TAMS 0x0000000090100000, 0x0000000090100000| Untracked 
| 258|0x0000000090200000, 0x0000000090200000, 0x0000000090300000|  0%| F|  |TAMS 0x0000000090200000, 0x0000000090200000| Untracked 
| 259|0x0000000090300000, 0x0000000090300000, 0x0000000090400000|  0%| F|  |TAMS 0x0000000090300000, 0x0000000090300000| Untracked 
| 260|0x0000000090400000, 0x0000000090400000, 0x0000000090500000|  0%| F|  |TAMS 0x0000000090400000, 0x0000000090400000| Untracked 
| 261|0x0000000090500000, 0x0000000090500000, 0x0000000090600000|  0%| F|  |TAMS 0x0000000090500000, 0x0000000090500000| Untracked 
| 262|0x0000000090600000, 0x0000000090600000, 0x0000000090700000|  0%| F|  |TAMS 0x0000000090600000, 0x0000000090600000| Untracked 
| 263|0x0000000090700000, 0x0000000090700000, 0x0000000090800000|  0%| F|  |TAMS 0x0000000090700000, 0x0000000090700000| Untracked 
| 264|0x0000000090800000, 0x0000000090800000, 0x0000000090900000|  0%| F|  |TAMS 0x0000000090800000, 0x0000000090800000| Untracked 
| 265|0x0000000090900000, 0x0000000090900000, 0x0000000090a00000|  0%| F|  |TAMS 0x0000000090900000, 0x0000000090900000| Untracked 
| 266|0x0000000090a00000, 0x0000000090a00000, 0x0000000090b00000|  0%| F|  |TAMS 0x0000000090a00000, 0x0000000090a00000| Untracked 
| 267|0x0000000090b00000, 0x0000000090b00000, 0x0000000090c00000|  0%| F|  |TAMS 0x0000000090b00000, 0x0000000090b00000| Untracked 
| 268|0x0000000090c00000, 0x0000000090c00000, 0x0000000090d00000|  0%| F|  |TAMS 0x0000000090c00000, 0x0000000090c00000| Untracked 
| 269|0x0000000090d00000, 0x0000000090d00000, 0x0000000090e00000|  0%| F|  |TAMS 0x0000000090d00000, 0x0000000090d00000| Untracked 
| 270|0x0000000090e00000, 0x0000000090e00000, 0x0000000090f00000|  0%| F|  |TAMS 0x0000000090e00000, 0x0000000090e00000| Untracked 
| 271|0x0000000090f00000, 0x0000000090f00000, 0x0000000091000000|  0%| F|  |TAMS 0x0000000090f00000, 0x0000000090f00000| Untracked 
| 272|0x0000000091000000, 0x0000000091000000, 0x0000000091100000|  0%| F|  |TAMS 0x0000000091000000, 0x0000000091000000| Untracked 
| 273|0x0000000091100000, 0x0000000091100000, 0x0000000091200000|  0%| F|  |TAMS 0x0000000091100000, 0x0000000091100000| Untracked 
| 274|0x0000000091200000, 0x0000000091200000, 0x0000000091300000|  0%| F|  |TAMS 0x0000000091200000, 0x0000000091200000| Untracked 
| 275|0x0000000091300000, 0x0000000091300000, 0x0000000091400000|  0%| F|  |TAMS 0x0000000091300000, 0x0000000091300000| Untracked 
| 276|0x0000000091400000, 0x0000000091400000, 0x0000000091500000|  0%| F|  |TAMS 0x0000000091400000, 0x0000000091400000| Untracked 
| 277|0x0000000091500000, 0x0000000091500000, 0x0000000091600000|  0%| F|  |TAMS 0x0000000091500000, 0x0000000091500000| Untracked 
| 278|0x0000000091600000, 0x0000000091600000, 0x0000000091700000|  0%| F|  |TAMS 0x0000000091600000, 0x0000000091600000| Untracked 
| 279|0x0000000091700000, 0x0000000091700000, 0x0000000091800000|  0%| F|  |TAMS 0x0000000091700000, 0x0000000091700000| Untracked 
| 280|0x0000000091800000, 0x0000000091800000, 0x0000000091900000|  0%| F|  |TAMS 0x0000000091800000, 0x0000000091800000| Untracked 
| 281|0x0000000091900000, 0x0000000091900000, 0x0000000091a00000|  0%| F|  |TAMS 0x0000000091900000, 0x0000000091900000| Untracked 
| 282|0x0000000091a00000, 0x0000000091a00000, 0x0000000091b00000|  0%| F|  |TAMS 0x0000000091a00000, 0x0000000091a00000| Untracked 
| 283|0x0000000091b00000, 0x0000000091b00000, 0x0000000091c00000|  0%| F|  |TAMS 0x0000000091b00000, 0x0000000091b00000| Untracked 
| 284|0x0000000091c00000, 0x0000000091c00000, 0x0000000091d00000|  0%| F|  |TAMS 0x0000000091c00000, 0x0000000091c00000| Untracked 
| 285|0x0000000091d00000, 0x0000000091d00000, 0x0000000091e00000|  0%| F|  |TAMS 0x0000000091d00000, 0x0000000091d00000| Untracked 
| 286|0x0000000091e00000, 0x0000000091e00000, 0x0000000091f00000|  0%| F|  |TAMS 0x0000000091e00000, 0x0000000091e00000| Untracked 
| 287|0x0000000091f00000, 0x0000000091f00000, 0x0000000092000000|  0%| F|  |TAMS 0x0000000091f00000, 0x0000000091f00000| Untracked 
| 288|0x0000000092000000, 0x0000000092000000, 0x0000000092100000|  0%| F|  |TAMS 0x0000000092000000, 0x0000000092000000| Untracked 
| 289|0x0000000092100000, 0x0000000092100000, 0x0000000092200000|  0%| F|  |TAMS 0x0000000092100000, 0x0000000092100000| Untracked 
| 290|0x0000000092200000, 0x0000000092200000, 0x0000000092300000|  0%| F|  |TAMS 0x0000000092200000, 0x0000000092200000| Untracked 
| 291|0x0000000092300000, 0x0000000092300000, 0x0000000092400000|  0%| F|  |TAMS 0x0000000092300000, 0x0000000092300000| Untracked 
| 292|0x0000000092400000, 0x0000000092400000, 0x0000000092500000|  0%| F|  |TAMS 0x0000000092400000, 0x0000000092400000| Untracked 
| 293|0x0000000092500000, 0x0000000092500000, 0x0000000092600000|  0%| F|  |TAMS 0x0000000092500000, 0x0000000092500000| Untracked 
| 294|0x0000000092600000, 0x0000000092600000, 0x0000000092700000|  0%| F|  |TAMS 0x0000000092600000, 0x0000000092600000| Untracked 
| 295|0x0000000092700000, 0x0000000092700000, 0x0000000092800000|  0%| F|  |TAMS 0x0000000092700000, 0x0000000092700000| Untracked 
| 296|0x0000000092800000, 0x0000000092800000, 0x0000000092900000|  0%| F|  |TAMS 0x0000000092800000, 0x0000000092800000| Untracked 
| 297|0x0000000092900000, 0x0000000092900000, 0x0000000092a00000|  0%| F|  |TAMS 0x0000000092900000, 0x0000000092900000| Untracked 
| 298|0x0000000092a00000, 0x0000000092a00000, 0x0000000092b00000|  0%| F|  |TAMS 0x0000000092a00000, 0x0000000092a00000| Untracked 
| 299|0x0000000092b00000, 0x0000000092b00000, 0x0000000092c00000|  0%| F|  |TAMS 0x0000000092b00000, 0x0000000092b00000| Untracked 
| 300|0x0000000092c00000, 0x0000000092c00000, 0x0000000092d00000|  0%| F|  |TAMS 0x0000000092c00000, 0x0000000092c00000| Untracked 
| 301|0x0000000092d00000, 0x0000000092d00000, 0x0000000092e00000|  0%| F|  |TAMS 0x0000000092d00000, 0x0000000092d00000| Untracked 
|2043|0x00000000ffb00000, 0x00000000ffc00000, 0x00000000ffc00000|100%| O|  |TAMS 0x00000000ffc00000, 0x00000000ffc00000| Untracked 
|2044|0x00000000ffc00000, 0x00000000ffd00000, 0x00000000ffd00000|100%| O|  |TAMS 0x00000000ffd00000, 0x00000000ffd00000| Untracked 
|2045|0x00000000ffd00000, 0x00000000ffe00000, 0x00000000ffe00000|100%| O|  |TAMS 0x00000000ffe00000, 0x00000000ffe00000| Untracked 
|2046|0x00000000ffe00000, 0x00000000fff00000, 0x00000000fff00000|100%| O|  |TAMS 0x00000000fff00000, 0x00000000fff00000| Untracked 
|2047|0x00000000fff00000, 0x0000000100000000, 0x0000000100000000|100%| O|  |TAMS 0x0000000100000000, 0x0000000100000000| Untracked 

Card table byte_map: [0x000002047e960000,0x000002047ed60000] _byte_map_base: 0x000002047e560000

Marking Bits (Prev, Next): (CMBitMap*) 0x0000020467ae4b60, (CMBitMap*) 0x0000020467ae4b20
 Prev Bits: [0x0000020402000000, 0x0000020404000000)
 Next Bits: [0x0000020400000000, 0x0000020402000000)

Polling page: 0x00000204658e0000

Metaspace:

Usage:
  Non-class:     88.15 MB used.
      Class:     14.06 MB used.
       Both:    102.21 MB used.

Virtual space:
  Non-class space:      128.00 MB reserved,      88.56 MB ( 69%) committed,  2 nodes.
      Class space:        1.00 GB reserved,      14.50 MB (  1%) committed,  1 nodes.
             Both:        1.12 GB reserved,     103.06 MB (  9%) committed. 

Chunk freelists:
   Non-Class:  7.39 MB
       Class:  1.44 MB
        Both:  8.83 MB

MaxMetaspaceSize: unlimited
CompressedClassSpaceSize: 1.00 GB
Initial GC threshold: 21.00 MB
Current GC threshold: 167.19 MB
CDS: on
MetaspaceReclaimPolicy: balanced
 - commit_granule_bytes: 65536.
 - commit_granule_words: 8192.
 - virtual_space_node_default_size: 8388608.
 - enlarge_chunks_in_place: 1.
 - new_chunks_are_fully_committed: 0.
 - uncommit_free_chunks: 1.
 - use_allocation_guard: 0.
 - handle_deallocations: 1.


Internal statistics:

num_allocs_failed_limit: 12.
num_arena_births: 1630.
num_arena_deaths: 12.
num_vsnodes_births: 3.
num_vsnodes_deaths: 0.
num_space_committed: 1650.
num_space_uncommitted: 2.
num_chunks_returned_to_freelist: 61.
num_chunks_taken_from_freelist: 6352.
num_chunk_merges: 20.
num_chunk_splits: 3966.
num_chunks_enlarged: 2448.
num_inconsistent_stats: 0.

CodeHeap 'non-profiled nmethods': size=120000Kb used=9395Kb max_used=9395Kb free=110605Kb
 bounds [0x0000020476e10000, 0x0000020477740000, 0x000002047e340000]
CodeHeap 'profiled nmethods': size=120000Kb used=24544Kb max_used=24544Kb free=95455Kb
 bounds [0x000002046f340000, 0x0000020470b40000, 0x0000020476870000]
CodeHeap 'non-nmethods': size=5760Kb used=1763Kb max_used=1815Kb free=3996Kb
 bounds [0x0000020476870000, 0x0000020476ae0000, 0x0000020476e10000]
 total_blobs=13840 nmethods=12997 adapters=755
 compilation: enabled
              stopped_count=0, restarted_count=0
 full_count=0

Compilation events (20 events):
Event: 459.652 Thread 0x000002047fb93ae0 16001       3       java.util.HashMap$Node::equals (57 bytes)
Event: 459.652 Thread 0x000002047fb93ae0 nmethod 16001 0x0000020470b36090 code [0x0000020470b362a0, 0x0000020470b36cb8]
Event: 459.656 Thread 0x000002047fb93ae0 16003       2       org.gradle.api.tasks.util.PatternSet::<init> (15 bytes)
Event: 459.656 Thread 0x000002047fb93ae0 nmethod 16003 0x0000020470b36e90 code [0x0000020470b37020, 0x0000020470b37178]
Event: 459.658 Thread 0x000002047fb93ae0 16004       2       java.util.ArrayDeque::peek (5 bytes)
Event: 459.658 Thread 0x000002047fb93ae0 nmethod 16004 0x0000020470b37210 code [0x0000020470b373a0, 0x0000020470b374d8]
Event: 459.660 Thread 0x000002047fb93ae0 16005   !   2       sun.nio.fs.WindowsPath::openForReadAttributeAccess (44 bytes)
Event: 459.660 Thread 0x000002047fb93ae0 nmethod 16005 0x0000020470b37610 code [0x0000020470b377c0, 0x0000020470b379b8]
Event: 459.660 Thread 0x000002047fb93ae0 16006       2       sun.nio.fs.WindowsPath::openFileForReadAttributeAccess (16 bytes)
Event: 459.661 Thread 0x000002047fb93ae0 nmethod 16006 0x0000020470b37b10 code [0x0000020470b37cc0, 0x0000020470b37e18]
Event: 459.661 Thread 0x000002047fb93ae0 16007   !   2       sun.nio.fs.WindowsFileAttributes::readAttributes (117 bytes)
Event: 459.661 Thread 0x000002047fb93ae0 nmethod 16007 0x0000020470b37f10 code [0x0000020470b38140, 0x0000020470b386c8]
Event: 459.661 Thread 0x000002047fb93ae0 16008       2       com.google.common.base.Joiner::toString (24 bytes)
Event: 459.661 Thread 0x000002047fb93ae0 nmethod 16008 0x0000020470b38c90 code [0x0000020470b38e40, 0x0000020470b390f8]
Event: 459.662 Thread 0x000002047fb93ae0 16009       3       com.sun.tools.javac.util.ListBuffer::append (66 bytes)
Event: 459.663 Thread 0x000002047fb93ae0 nmethod 16009 0x0000020470b39210 code [0x0000020470b39420, 0x0000020470b39c58]
Event: 459.663 Thread 0x000002047fb93ae0 16010       2       java.util.JumboEnumSet::add (9 bytes)
Event: 459.663 Thread 0x000002047fb93ae0 nmethod 16010 0x0000020470b39f10 code [0x0000020470b3a0a0, 0x0000020470b3a208]
Event: 459.663 Thread 0x000002047fb93ae0 16011       2       java.util.JumboEnumSet::add (72 bytes)
Event: 459.663 Thread 0x000002047fb93ae0 nmethod 16011 0x0000020470b3a310 code [0x0000020470b3a4c0, 0x0000020470b3a688]

GC Heap History (20 events):
Event: 21.277 GC heap after
{Heap after GC invocations=39 (full 0):
 garbage-first heap   total 249856K, used 105897K [0x0000000080000000, 0x0000000100000000)
  region size 1024K, 2 young (2048K), 2 survivors (2048K)
 Metaspace       used 96173K, committed 97088K, reserved 1179648K
  class space    used 13546K, committed 14016K, reserved 1048576K
}
Event: 111.952 GC heap before
{Heap before GC invocations=39 (full 0):
 garbage-first heap   total 249856K, used 200105K [0x0000000080000000, 0x0000000100000000)
  region size 1024K, 95 young (97280K), 2 survivors (2048K)
 Metaspace       used 98581K, committed 99520K, reserved 1179648K
  class space    used 13816K, committed 14336K, reserved 1048576K
}
Event: 111.956 GC heap after
{Heap after GC invocations=40 (full 0):
 garbage-first heap   total 249856K, used 106026K [0x0000000080000000, 0x0000000100000000)
  region size 1024K, 2 young (2048K), 2 survivors (2048K)
 Metaspace       used 98581K, committed 99520K, reserved 1179648K
  class space    used 13816K, committed 14336K, reserved 1048576K
}
Event: 456.278 GC heap before
{Heap before GC invocations=41 (full 0):
 garbage-first heap   total 249856K, used 205354K [0x0000000080000000, 0x0000000100000000)
  region size 1024K, 99 young (101376K), 2 survivors (2048K)
 Metaspace       used 99013K, committed 99968K, reserved 1179648K
  class space    used 13829K, committed 14336K, reserved 1048576K
}
Event: 456.286 GC heap after
{Heap after GC invocations=42 (full 0):
 garbage-first heap   total 249856K, used 108925K [0x0000000080000000, 0x0000000100000000)
  region size 1024K, 5 young (5120K), 5 survivors (5120K)
 Metaspace       used 99013K, committed 99968K, reserved 1179648K
  class space    used 13829K, committed 14336K, reserved 1048576K
}
Event: 456.313 GC heap before
{Heap before GC invocations=42 (full 0):
 garbage-first heap   total 249856K, used 116093K [0x0000000080000000, 0x0000000100000000)
  region size 1024K, 12 young (12288K), 5 survivors (5120K)
 Metaspace       used 99021K, committed 99968K, reserved 1179648K
  class space    used 13829K, committed 14336K, reserved 1048576K
}
Event: 456.320 GC heap after
{Heap after GC invocations=43 (full 0):
 garbage-first heap   total 249856K, used 106439K [0x0000000080000000, 0x0000000100000000)
  region size 1024K, 2 young (2048K), 2 survivors (2048K)
 Metaspace       used 99021K, committed 99968K, reserved 1179648K
  class space    used 13829K, committed 14336K, reserved 1048576K
}
Event: 456.398 GC heap before
{Heap before GC invocations=43 (full 0):
 garbage-first heap   total 249856K, used 113607K [0x0000000080000000, 0x0000000100000000)
  region size 1024K, 10 young (10240K), 2 survivors (2048K)
 Metaspace       used 99145K, committed 100096K, reserved 1179648K
  class space    used 13842K, committed 14336K, reserved 1048576K
}
Event: 456.401 GC heap after
{Heap after GC invocations=44 (full 0):
 garbage-first heap   total 249856K, used 106906K [0x0000000080000000, 0x0000000100000000)
  region size 1024K, 2 young (2048K), 2 survivors (2048K)
 Metaspace       used 99145K, committed 100096K, reserved 1179648K
  class space    used 13842K, committed 14336K, reserved 1048576K
}
Event: 457.265 GC heap before
{Heap before GC invocations=45 (full 0):
 garbage-first heap   total 249856K, used 210330K [0x0000000080000000, 0x0000000100000000)
  region size 1024K, 98 young (100352K), 2 survivors (2048K)
 Metaspace       used 101841K, committed 102720K, reserved 1179648K
  class space    used 14135K, committed 14592K, reserved 1048576K
}
Event: 457.285 GC heap after
{Heap after GC invocations=46 (full 0):
 garbage-first heap   total 254976K, used 147553K [0x0000000080000000, 0x0000000100000000)
  region size 1024K, 13 young (13312K), 13 survivors (13312K)
 Metaspace       used 101841K, committed 102720K, reserved 1179648K
  class space    used 14135K, committed 14592K, reserved 1048576K
}
Event: 457.298 GC heap before
{Heap before GC invocations=46 (full 0):
 garbage-first heap   total 254976K, used 148577K [0x0000000080000000, 0x0000000100000000)
  region size 1024K, 14 young (14336K), 13 survivors (13312K)
 Metaspace       used 101849K, committed 102720K, reserved 1179648K
  class space    used 14139K, committed 14592K, reserved 1048576K
}
Event: 457.308 GC heap after
{Heap after GC invocations=47 (full 0):
 garbage-first heap   total 254976K, used 147701K [0x0000000080000000, 0x0000000100000000)
  region size 1024K, 2 young (2048K), 2 survivors (2048K)
 Metaspace       used 101849K, committed 102720K, reserved 1179648K
  class space    used 14139K, committed 14592K, reserved 1048576K
}
Event: 457.330 GC heap before
{Heap before GC invocations=47 (full 0):
 garbage-first heap   total 254976K, used 150773K [0x0000000080000000, 0x0000000100000000)
  region size 1024K, 6 young (6144K), 2 survivors (2048K)
 Metaspace       used 101860K, committed 102720K, reserved 1179648K
  class space    used 14139K, committed 14592K, reserved 1048576K
}
Event: 457.333 GC heap after
{Heap after GC invocations=48 (full 0):
 garbage-first heap   total 254976K, used 149871K [0x0000000080000000, 0x0000000100000000)
  region size 1024K, 4 young (4096K), 4 survivors (4096K)
 Metaspace       used 101860K, committed 102720K, reserved 1179648K
  class space    used 14139K, committed 14592K, reserved 1048576K
}
Event: 459.294 GC heap before
{Heap before GC invocations=49 (full 0):
 garbage-first heap   total 314368K, used 217455K [0x0000000080000000, 0x0000000100000000)
  region size 1024K, 36 young (36864K), 4 survivors (4096K)
 Metaspace       used 104040K, committed 104960K, reserved 1179648K
  class space    used 14364K, committed 14848K, reserved 1048576K
}
Event: 459.298 GC heap after
{Heap after GC invocations=50 (full 0):
 garbage-first heap   total 314368K, used 152045K [0x0000000080000000, 0x0000000100000000)
  region size 1024K, 3 young (3072K), 3 survivors (3072K)
 Metaspace       used 104040K, committed 104960K, reserved 1179648K
  class space    used 14364K, committed 14848K, reserved 1048576K
}
Event: 459.355 GC heap before
{Heap before GC invocations=50 (full 0):
 garbage-first heap   total 314368K, used 164333K [0x0000000080000000, 0x0000000100000000)
  region size 1024K, 15 young (15360K), 3 survivors (3072K)
 Metaspace       used 104104K, committed 105024K, reserved 1179648K
  class space    used 14370K, committed 14848K, reserved 1048576K
}
Event: 459.360 GC heap after
{Heap after GC invocations=51 (full 0):
 garbage-first heap   total 314368K, used 153843K [0x0000000080000000, 0x0000000100000000)
  region size 1024K, 2 young (2048K), 2 survivors (2048K)
 Metaspace       used 104104K, committed 105024K, reserved 1179648K
  class space    used 14370K, committed 14848K, reserved 1048576K
}
Event: 459.667 GC heap before
{Heap before GC invocations=51 (full 0):
 garbage-first heap   total 314368K, used 198899K [0x0000000080000000, 0x0000000100000000)
  region size 1024K, 48 young (49152K), 2 survivors (2048K)
 Metaspace       used 104666K, committed 105536K, reserved 1179648K
  class space    used 14400K, committed 14848K, reserved 1048576K
}

Deoptimization events (20 events):
Event: 459.579 Thread 0x0000020450471410 Uncommon trap: reason=profile_predicate action=maybe_recompile pc=0x0000020477699e24 method=com.esotericsoftware.kryo.io.Output.writeString(Ljava/lang/CharSequence;)V @ 67 c2
Event: 459.579 Thread 0x000002044fb34780 Uncommon trap: reason=profile_predicate action=maybe_recompile pc=0x0000020477699e24 method=com.esotericsoftware.kryo.io.Output.writeString(Ljava/lang/CharSequence;)V @ 67 c2
Event: 459.579 Thread 0x0000020450471410 DEOPT PACKING pc=0x0000020477699e24 sp=0x000000669d1fe660
Event: 459.579 Thread 0x0000020450471410 DEOPT UNPACKING pc=0x00000204768c5ba3 sp=0x000000669d1fe578 mode 2
Event: 459.579 Thread 0x000002044fb34780 DEOPT PACKING pc=0x0000020477699e24 sp=0x000000669b5feca0
Event: 459.579 Thread 0x000002044fb34780 DEOPT UNPACKING pc=0x00000204768c5ba3 sp=0x000000669b5febb8 mode 2
Event: 459.579 Thread 0x000002044fb34780 Uncommon trap: trap_request=0xffffffbe fr.pc=0x0000020477699e24 relative=0x00000000000005e4
Event: 459.580 Thread 0x000002044fb34780 Uncommon trap: reason=profile_predicate action=maybe_recompile pc=0x0000020477699e24 method=com.esotericsoftware.kryo.io.Output.writeString(Ljava/lang/CharSequence;)V @ 67 c2
Event: 459.580 Thread 0x000002044fb34780 DEOPT PACKING pc=0x0000020477699e24 sp=0x000000669b5feca0
Event: 459.580 Thread 0x000002044fb34780 DEOPT UNPACKING pc=0x00000204768c5ba3 sp=0x000000669b5febb8 mode 2
Event: 459.580 Thread 0x000002044fb34780 Uncommon trap: trap_request=0xffffffbe fr.pc=0x0000020477699e24 relative=0x00000000000005e4
Event: 459.580 Thread 0x000002044fb34780 Uncommon trap: reason=profile_predicate action=maybe_recompile pc=0x0000020477699e24 method=com.esotericsoftware.kryo.io.Output.writeString(Ljava/lang/CharSequence;)V @ 67 c2
Event: 459.580 Thread 0x000002044fb34780 DEOPT PACKING pc=0x0000020477699e24 sp=0x000000669b5feca0
Event: 459.580 Thread 0x000002044fb34780 DEOPT UNPACKING pc=0x00000204768c5ba3 sp=0x000000669b5febb8 mode 2
Event: 459.582 Thread 0x0000020450471410 DEOPT PACKING pc=0x0000020470a0d735 sp=0x000000669d1fe170
Event: 459.582 Thread 0x0000020450471410 DEOPT UNPACKING pc=0x00000204768c66e3 sp=0x000000669d1fd630 mode 0
Event: 459.663 Thread 0x0000020450470f00 Uncommon trap: trap_request=0xffffff45 fr.pc=0x000002047737d438 relative=0x0000000000002ef8
Event: 459.663 Thread 0x0000020450470f00 Uncommon trap: reason=unstable_if action=reinterpret pc=0x000002047737d438 method=java.util.regex.Pattern.split(Ljava/lang/CharSequence;I)[Ljava/lang/String; @ 230 c2
Event: 459.663 Thread 0x0000020450470f00 DEOPT PACKING pc=0x000002047737d438 sp=0x000000669d0f9600
Event: 459.663 Thread 0x0000020450470f00 DEOPT UNPACKING pc=0x00000204768c5ba3 sp=0x000000669d0f9608 mode 2

Classes unloaded (20 events):
Event: 19.522 Thread 0x000002047fb6d080 Unloading class 0x0000020407a01978 'com/bumptech/glide/annotation/compiler/RequestOptionsOverrideGenerator'
Event: 19.522 Thread 0x000002047fb6d080 Unloading class 0x0000020407a01770 'com/bumptech/glide/annotation/compiler/RequestOptionsGenerator'
Event: 19.522 Thread 0x000002047fb6d080 Unloading class 0x0000020407a01568 'com/bumptech/glide/annotation/compiler/AppModuleGenerator'
Event: 19.522 Thread 0x000002047fb6d080 Unloading class 0x0000020407a01360 'com/bumptech/glide/annotation/compiler/AppModuleProcessor'
Event: 19.522 Thread 0x000002047fb6d080 Unloading class 0x0000020407a01158 'com/bumptech/glide/annotation/compiler/LibraryModuleProcessor'
Event: 19.522 Thread 0x000002047fb6d080 Unloading class 0x0000020407a00f50 'com/bumptech/glide/annotation/compiler/IndexerGenerator'
Event: 19.522 Thread 0x000002047fb6d080 Unloading class 0x0000020407a00d50 'com/bumptech/glide/repackaged/com/squareup/javapoet/Util'
Event: 19.522 Thread 0x000002047fb6d080 Unloading class 0x0000020407a00b10 'com/bumptech/glide/repackaged/com/squareup/javapoet/TypeVariableName'
Event: 19.522 Thread 0x000002047fb6d080 Unloading class 0x0000020407a008d0 'com/bumptech/glide/repackaged/com/squareup/javapoet/ParameterizedTypeName'
Event: 19.522 Thread 0x000002047fb6d080 Unloading class 0x0000020407a00690 'com/bumptech/glide/repackaged/com/squareup/javapoet/ArrayTypeName'
Event: 19.522 Thread 0x000002047fb6d080 Unloading class 0x0000020407a00438 'com/bumptech/glide/repackaged/com/squareup/javapoet/ClassName'
Event: 19.522 Thread 0x000002047fb6d080 Unloading class 0x0000020407a001f8 'com/bumptech/glide/repackaged/com/squareup/javapoet/TypeName'
Event: 19.522 Thread 0x000002047fb6d080 Unloading class 0x0000020407a00000 'com/bumptech/glide/repackaged/com/google/common/base/Function'
Event: 19.522 Thread 0x000002047fb6d080 Unloading class 0x000002040794c488 'com/bumptech/glide/repackaged/com/google/common/base/Predicate'
Event: 19.522 Thread 0x000002047fb6d080 Unloading class 0x000002040794c280 'com/bumptech/glide/annotation/compiler/ProcessorUtil'
Event: 19.522 Thread 0x000002047fb6d080 Unloading class 0x000002040794c000 'com/bumptech/glide/annotation/compiler/GlideAnnotationProcessor'
Event: 112.025 Thread 0x000002047fb6d080 Unloading class 0x0000020407b84400 'java/lang/invoke/LambdaForm$DMH+0x0000020407b84400'
Event: 112.025 Thread 0x000002047fb6d080 Unloading class 0x0000020407b64400 'java/lang/invoke/LambdaForm$DMH+0x0000020407b64400'
Event: 112.025 Thread 0x000002047fb6d080 Unloading class 0x0000020407a6cc00 'jdk/internal/reflect/GeneratedSerializationConstructorAccessor277'
Event: 112.025 Thread 0x000002047fb6d080 Unloading class 0x0000020407a6c400 'jdk/internal/reflect/GeneratedSerializationConstructorAccessor276'

Classes redefined (0 events):
No events

Internal exceptions (20 events):
Event: 457.696 Thread 0x000002045046e680 Exception <a 'sun/nio/fs/WindowsException'{0x000000009213d340}> (0x000000009213d340) 
thrown [s\open\src\hotspot\share\prims\jni.cpp, line 516]
Event: 457.698 Thread 0x000002045046e680 Exception <a 'sun/nio/fs/WindowsException'{0x0000000092146920}> (0x0000000092146920) 
thrown [s\open\src\hotspot\share\prims\jni.cpp, line 516]
Event: 457.698 Thread 0x000002045046e680 Exception <a 'sun/nio/fs/WindowsException'{0x0000000092147740}> (0x0000000092147740) 
thrown [s\open\src\hotspot\share\prims\jni.cpp, line 516]
Event: 457.698 Thread 0x000002045046e680 Exception <a 'sun/nio/fs/WindowsException'{0x00000000921485b0}> (0x00000000921485b0) 
thrown [s\open\src\hotspot\share\prims\jni.cpp, line 516]
Event: 457.698 Thread 0x000002045046e680 Exception <a 'sun/nio/fs/WindowsException'{0x0000000092149420}> (0x0000000092149420) 
thrown [s\open\src\hotspot\share\prims\jni.cpp, line 516]
Event: 457.730 Thread 0x000002045046e680 Exception <a 'java/lang/NoSuchMethodError'{0x0000000091a36680}: static Lcom/android/builder/internal/aapt/AaptOptions;.<clinit>()V> (0x0000000091a36680) 
thrown [s\open\src\hotspot\share\prims\jni.cpp, line 1112]
Event: 457.742 Thread 0x000002045046f5b0 Exception <a 'sun/nio/fs/WindowsException'{0x000000009197b898}> (0x000000009197b898) 
thrown [s\open\src\hotspot\share\prims\jni.cpp, line 516]
Event: 457.742 Thread 0x000002045046f5b0 Exception <a 'sun/nio/fs/WindowsException'{0x000000009197bd48}> (0x000000009197bd48) 
thrown [s\open\src\hotspot\share\prims\jni.cpp, line 516]
Event: 457.742 Thread 0x000002045046f5b0 Exception <a 'sun/nio/fs/WindowsException'{0x000000009197cd68}> (0x000000009197cd68) 
thrown [s\open\src\hotspot\share\prims\jni.cpp, line 516]
Event: 457.742 Thread 0x000002045046f5b0 Exception <a 'sun/nio/fs/WindowsException'{0x000000009197d1a0}> (0x000000009197d1a0) 
thrown [s\open\src\hotspot\share\prims\jni.cpp, line 516]
Event: 457.826 Thread 0x000002045046f5b0 Exception <a 'java/lang/NoSuchMethodError'{0x0000000091693260}: 'void java.lang.invoke.DirectMethodHandle$Holder.invokeStatic(java.lang.Object, long)'> (0x0000000091693260) 
thrown [s\open\src\hotspot\share\interpreter\linkResolver.cpp, line 759]
Event: 457.828 Thread 0x000002045046f5b0 Exception <a 'java/lang/NoSuchMethodError'{0x000000009169e8d8}: 'java.lang.Object java.lang.invoke.DirectMethodHandle$Holder.invokeStatic(java.lang.Object, java.lang.Object, long, java.lang.Object)'> (0x000000009169e8d8) 
thrown [s\open\src\hotspot\share\interpreter\linkResolver.cpp, line 759]
Event: 457.828 Thread 0x000002045046f5b0 Exception <a 'java/lang/NoSuchMethodError'{0x00000000916a2358}: 'java.lang.Object java.lang.invoke.DirectMethodHandle$Holder.invokeStaticInit(java.lang.Object, java.lang.Object, long, java.lang.Object)'> (0x00000000916a2358) 
thrown [s\open\src\hotspot\share\interpreter\linkResolver.cpp, line 759]
Event: 458.003 Thread 0x000002045046f5b0 Exception <a 'java/lang/NoSuchMethodError'{0x0000000091461770}: 'int java.lang.invoke.DirectMethodHandle$Holder.invokeSpecialIFC(java.lang.Object, java.lang.Object, java.lang.Object)'> (0x0000000091461770) 
thrown [s\open\src\hotspot\share\interpreter\linkResolver.cpp, line 759]
Event: 459.465 Thread 0x000002045046f5b0 Exception <a 'sun/nio/fs/WindowsException'{0x0000000091c27178}> (0x0000000091c27178) 
thrown [s\open\src\hotspot\share\prims\jni.cpp, line 516]
Event: 459.465 Thread 0x000002045046f5b0 Exception <a 'sun/nio/fs/WindowsException'{0x0000000091c275b8}> (0x0000000091c275b8) 
thrown [s\open\src\hotspot\share\prims\jni.cpp, line 516]
Event: 459.466 Thread 0x000002045046f5b0 Implicit null exception at 0x00000204776e129b to 0x00000204776e1808
Event: 459.466 Thread 0x000002045046f5b0 Implicit null exception at 0x00000204776db27b to 0x00000204776db7d0
Event: 459.656 Thread 0x0000020450470f00 Exception <a 'sun/nio/fs/WindowsException'{0x000000008fe02078}> (0x000000008fe02078) 
thrown [s\open\src\hotspot\share\prims\jni.cpp, line 516]
Event: 459.656 Thread 0x0000020450470f00 Exception <a 'sun/nio/fs/WindowsException'{0x000000008fe02cd8}> (0x000000008fe02cd8) 
thrown [s\open\src\hotspot\share\prims\jni.cpp, line 516]

VM Operations (20 events):
Event: 457.574 Executing VM operation: HandshakeAllThreads done
Event: 457.811 Executing VM operation: HandshakeAllThreads
Event: 457.811 Executing VM operation: HandshakeAllThreads done
Event: 457.830 Executing VM operation: HandshakeAllThreads
Event: 457.830 Executing VM operation: HandshakeAllThreads done
Event: 458.838 Executing VM operation: Cleanup
Event: 458.838 Executing VM operation: Cleanup done
Event: 459.293 Executing VM operation: G1CollectForAllocation
Event: 459.298 Executing VM operation: G1CollectForAllocation done
Event: 459.333 Executing VM operation: HandshakeAllThreads
Event: 459.333 Executing VM operation: HandshakeAllThreads done
Event: 459.355 Executing VM operation: G1CollectForAllocation
Event: 459.360 Executing VM operation: G1CollectForAllocation done
Event: 459.443 Executing VM operation: HandshakeAllThreads
Event: 459.443 Executing VM operation: HandshakeAllThreads done
Event: 459.466 Executing VM operation: HandshakeAllThreads
Event: 459.466 Executing VM operation: HandshakeAllThreads done
Event: 459.561 Executing VM operation: ICBufferFull
Event: 459.561 Executing VM operation: ICBufferFull done
Event: 459.667 Executing VM operation: G1TryInitiateConcMark

Events (20 events):
Event: 459.482 Thread 0x000002047fb9a440 flushing nmethod 0x0000020470a32490
Event: 459.482 Thread 0x000002047fb9a440 flushing nmethod 0x0000020470a32910
Event: 459.482 Thread 0x000002047fb9a440 flushing nmethod 0x0000020470a34090
Event: 459.482 Thread 0x000002047fb9a440 flushing nmethod 0x0000020470a34590
Event: 459.482 Thread 0x000002047fb9a440 flushing nmethod 0x0000020470a37a10
Event: 459.482 Thread 0x000002047fb9a440 flushing nmethod 0x0000020470a38390
Event: 459.482 Thread 0x000002047fb9a440 flushing nmethod 0x0000020470a38f90
Event: 459.482 Thread 0x000002047fb9a440 flushing nmethod 0x0000020470a39410
Event: 459.482 Thread 0x000002047fb9a440 flushing nmethod 0x0000020470a3b490
Event: 459.482 Thread 0x000002047fb9a440 flushing nmethod 0x0000020470a3b990
Event: 459.482 Thread 0x000002047fb9a440 flushing nmethod 0x0000020470a3ca90
Event: 459.482 Thread 0x000002047fb9a440 flushing nmethod 0x0000020470a3d810
Event: 459.593 Thread 0x000002045046ffd0 Thread added: 0x000002045046ffd0
Event: 459.612 Thread 0x00000204504750d0 Thread added: 0x00000204504750d0
Event: 459.612 Thread 0x0000020450472340 Thread added: 0x0000020450472340
Event: 459.612 Thread 0x00000204504755e0 Thread added: 0x00000204504755e0
Event: 459.612 Thread 0x0000020450473c90 Thread added: 0x0000020450473c90
Event: 459.613 Thread 0x0000020450473270 Thread added: 0x0000020450473270
Event: 459.613 Thread 0x00000204504746b0 Thread added: 0x00000204504746b0
Event: 459.613 Thread 0x00000204504741a0 Thread added: 0x00000204504741a0


Dynamic libraries:
0x00007ff63bf50000 - 0x00007ff63bf60000 	C:\Program Files\Java\jdk-17\bin\java.exe
0x00007ff8962a0000 - 0x00007ff896508000 	C:\WINDOWS\SYSTEM32\ntdll.dll
0x00007ff8952a0000 - 0x00007ff895369000 	C:\WINDOWS\System32\KERNEL32.DLL
0x00007ff893a10000 - 0x00007ff893dfd000 	C:\WINDOWS\System32\KERNELBASE.dll
0x00007ff893e00000 - 0x00007ff893f4b000 	C:\WINDOWS\System32\ucrtbase.dll
0x00007ff84e500000 - 0x00007ff84e519000 	C:\Program Files\Java\jdk-17\bin\jli.dll
0x00007ff84af60000 - 0x00007ff84af7b000 	C:\Program Files\Java\jdk-17\bin\VCRUNTIME140.dll
0x00007ff895f40000 - 0x00007ff895ff4000 	C:\WINDOWS\System32\ADVAPI32.dll
0x00007ff894ca0000 - 0x00007ff894d49000 	C:\WINDOWS\System32\msvcrt.dll
0x00007ff894bf0000 - 0x00007ff894c96000 	C:\WINDOWS\System32\sechost.dll
0x00007ff8954e0000 - 0x00007ff8955f8000 	C:\WINDOWS\System32\RPCRT4.dll
0x00007ff894a20000 - 0x00007ff894bec000 	C:\WINDOWS\System32\USER32.dll
0x00007ff893f50000 - 0x00007ff893f77000 	C:\WINDOWS\System32\win32u.dll
0x00007ff874dd0000 - 0x00007ff87506a000 	C:\WINDOWS\WinSxS\amd64_microsoft.windows.common-controls_6595b64144ccf1df_6.0.26100.4484_none_3e0e6d4ce32ef3b3\COMCTL32.dll
0x00007ff8941d0000 - 0x00007ff8941fb000 	C:\WINDOWS\System32\GDI32.dll
0x00007ff8936f0000 - 0x00007ff893827000 	C:\WINDOWS\System32\gdi32full.dll
0x00007ff8938d0000 - 0x00007ff893973000 	C:\WINDOWS\System32\msvcp_win.dll
0x00007ff8814c0000 - 0x00007ff8814cb000 	C:\WINDOWS\SYSTEM32\VERSION.dll
0x00007ff896000000 - 0x00007ff89602f000 	C:\WINDOWS\System32\IMM32.DLL
0x00007ff872310000 - 0x00007ff87231c000 	C:\Program Files\Java\jdk-17\bin\vcruntime140_1.dll
0x00007ff8137e0000 - 0x00007ff81386e000 	C:\Program Files\Java\jdk-17\bin\msvcp140.dll
0x00007ff812c00000 - 0x00007ff8137e0000 	C:\Program Files\Java\jdk-17\bin\server\jvm.dll
0x00007ff896040000 - 0x00007ff896048000 	C:\WINDOWS\System32\PSAPI.DLL
0x00007ff888930000 - 0x00007ff888965000 	C:\WINDOWS\SYSTEM32\WINMM.dll
0x00007ff861e20000 - 0x00007ff861e2a000 	C:\WINDOWS\SYSTEM32\WSOCK32.dll
0x00007ff894200000 - 0x00007ff894274000 	C:\WINDOWS\System32\WS2_32.dll
0x00007ff8921a0000 - 0x00007ff8921bb000 	C:\WINDOWS\SYSTEM32\kernel.appcore.dll
0x00007ff84cef0000 - 0x00007ff84cefa000 	C:\Program Files\Java\jdk-17\bin\jimage.dll
0x00007ff890500000 - 0x00007ff890741000 	C:\WINDOWS\SYSTEM32\DBGHELP.DLL
0x00007ff8959c0000 - 0x00007ff895d46000 	C:\WINDOWS\System32\combase.dll
0x00007ff896050000 - 0x00007ff896130000 	C:\WINDOWS\System32\OLEAUT32.dll
0x00007ff86d3d0000 - 0x00007ff86d413000 	C:\WINDOWS\SYSTEM32\dbgcore.DLL
0x00007ff893830000 - 0x00007ff8938c9000 	C:\WINDOWS\System32\bcryptPrimitives.dll
0x00007ff84af50000 - 0x00007ff84af5e000 	C:\Program Files\Java\jdk-17\bin\instrument.dll
0x00007ff848530000 - 0x00007ff848555000 	C:\Program Files\Java\jdk-17\bin\java.dll
0x00007ff812b20000 - 0x00007ff812bf7000 	C:\Program Files\Java\jdk-17\bin\jsvml.dll
0x00007ff8942d0000 - 0x00007ff894a1a000 	C:\WINDOWS\System32\SHELL32.dll
0x00007ff8933f0000 - 0x00007ff893564000 	C:\WINDOWS\System32\wintypes.dll
0x00007ff891060000 - 0x00007ff8918bb000 	C:\WINDOWS\SYSTEM32\windows.storage.dll
0x00007ff8940d0000 - 0x00007ff8941c5000 	C:\WINDOWS\System32\SHCORE.dll
0x00007ff895ed0000 - 0x00007ff895f3a000 	C:\WINDOWS\System32\shlwapi.dll
0x00007ff893300000 - 0x00007ff89332f000 	C:\WINDOWS\SYSTEM32\profapi.dll
0x00007ff843c60000 - 0x00007ff843c78000 	C:\Program Files\Java\jdk-17\bin\zip.dll
0x00007ff843c40000 - 0x00007ff843c59000 	C:\Program Files\Java\jdk-17\bin\net.dll
0x00007ff882710000 - 0x00007ff88282e000 	C:\WINDOWS\SYSTEM32\WINHTTP.dll
0x00007ff892720000 - 0x00007ff89278a000 	C:\WINDOWS\system32\mswsock.dll
0x00007ff812a20000 - 0x00007ff812a36000 	C:\Program Files\Java\jdk-17\bin\nio.dll
0x00007ff84af40000 - 0x00007ff84af50000 	C:\Program Files\Java\jdk-17\bin\verify.dll
0x00007ff84cf00000 - 0x00007ff84cf27000 	C:\Users\DELL\.gradle\native\c067742578af261105cb4f569cf0c3c89f3d7b1fecec35dd04571415982c5e48\windows-amd64\native-platform.dll
0x00007ff8128d0000 - 0x00007ff812a14000 	C:\Users\DELL\.gradle\native\100fb08df4bc3b14c8652ba06237920a3bd2aa13389f12d3474272988ae205f9\windows-amd64\native-platform-file-events.dll
0x00007ff812a60000 - 0x00007ff812a6a000 	C:\Program Files\Java\jdk-17\bin\management.dll
0x00007ff812a50000 - 0x00007ff812a5b000 	C:\Program Files\Java\jdk-17\bin\management_ext.dll
0x00007ff8929d0000 - 0x00007ff8929eb000 	C:\WINDOWS\SYSTEM32\CRYPTSP.dll
0x00007ff892100000 - 0x00007ff89213a000 	C:\WINDOWS\system32\rsaenh.dll
0x00007ff8927c0000 - 0x00007ff8927eb000 	C:\WINDOWS\SYSTEM32\USERENV.dll
0x00007ff8932d0000 - 0x00007ff8932f6000 	C:\WINDOWS\SYSTEM32\bcrypt.dll
0x00007ff8929f0000 - 0x00007ff8929fc000 	C:\WINDOWS\SYSTEM32\CRYPTBASE.dll
0x00007ff891c20000 - 0x00007ff891c53000 	C:\WINDOWS\SYSTEM32\IPHLPAPI.DLL
0x00007ff895290000 - 0x00007ff89529a000 	C:\WINDOWS\System32\NSI.dll
0x00007ff883a10000 - 0x00007ff883a2f000 	C:\WINDOWS\SYSTEM32\dhcpcsvc6.DLL
0x00007ff8838f0000 - 0x00007ff883915000 	C:\WINDOWS\SYSTEM32\dhcpcsvc.DLL
0x00007ff891cc0000 - 0x00007ff891de6000 	C:\WINDOWS\SYSTEM32\DNSAPI.dll
0x00007ff812a40000 - 0x00007ff812a4e000 	C:\Program Files\Java\jdk-17\bin\sunmscapi.dll
0x00007ff893570000 - 0x00007ff8936e7000 	C:\WINDOWS\System32\CRYPT32.dll
0x00007ff892bf0000 - 0x00007ff892c20000 	C:\WINDOWS\SYSTEM32\ncrypt.dll
0x00007ff892ba0000 - 0x00007ff892bdf000 	C:\WINDOWS\SYSTEM32\NTASN1.dll
0x00007ff8705b0000 - 0x00007ff8705b8000 	C:\WINDOWS\system32\wshunix.dll
0x00007ff8922d0000 - 0x00007ff892306000 	C:\WINDOWS\SYSTEM32\ntmarta.dll

dbghelp: loaded successfully - version: 4.0.5 - missing functions: none
symbol engine: initialized successfully - sym options: 0x614 - pdb path: .;C:\Program Files\Java\jdk-17\bin;C:\WINDOWS\SYSTEM32;C:\WINDOWS\WinSxS\amd64_microsoft.windows.common-controls_6595b64144ccf1df_6.0.26100.4484_none_3e0e6d4ce32ef3b3;C:\Program Files\Java\jdk-17\bin\server;C:\Users\DELL\.gradle\native\c067742578af261105cb4f569cf0c3c89f3d7b1fecec35dd04571415982c5e48\windows-amd64;C:\Users\DELL\.gradle\native\100fb08df4bc3b14c8652ba06237920a3bd2aa13389f12d3474272988ae205f9\windows-amd64

VM Arguments:
jvm_args: --add-opens=java.base/java.lang=ALL-UNNAMED --add-opens=java.base/java.lang.invoke=ALL-UNNAMED --add-opens=java.base/java.util=ALL-UNNAMED --add-opens=java.prefs/java.util.prefs=ALL-UNNAMED --add-exports=jdk.compiler/com.sun.tools.javac.api=ALL-UNNAMED --add-exports=jdk.compiler/com.sun.tools.javac.util=ALL-UNNAMED --add-opens=java.base/java.util=ALL-UNNAMED --add-opens=java.prefs/java.util.prefs=ALL-UNNAMED --add-opens=java.base/java.nio.charset=ALL-UNNAMED --add-opens=java.base/java.net=ALL-UNNAMED --add-opens=java.base/java.util.concurrent.atomic=ALL-UNNAMED --add-opens=java.xml/javax.xml.namespace=ALL-UNNAMED -Xmx2048m -Dfile.encoding=UTF-8 -Duser.country=US -Duser.language=en -Duser.variant -javaagent:C:\Users\DELL\.gradle\wrapper\dists\gradle-8.11.1-bin\bpt9gzteqjrbo1mjrsomdt32c\gradle-8.11.1\lib\agents\gradle-instrumentation-agent-8.11.1.jar 
java_command: org.gradle.launcher.daemon.bootstrap.GradleDaemon 8.11.1
java_class_path (initial): C:\Users\DELL\.gradle\wrapper\dists\gradle-8.11.1-bin\bpt9gzteqjrbo1mjrsomdt32c\gradle-8.11.1\lib\gradle-daemon-main-8.11.1.jar
Launcher Type: SUN_STANDARD

[Global flags]
     intx CICompilerCount                          = 4                                         {product} {ergonomic}
     uint ConcGCThreads                            = 2                                         {product} {ergonomic}
     uint G1ConcRefinementThreads                  = 8                                         {product} {ergonomic}
   size_t G1HeapRegionSize                         = 1048576                                   {product} {ergonomic}
    uintx GCDrainStackTargetSize                   = 64                                        {product} {ergonomic}
   size_t InitialHeapSize                          = 264241152                                 {product} {ergonomic}
   size_t MarkStackSize                            = 4194304                                   {product} {ergonomic}
   size_t MaxHeapSize                              = 2147483648                                {product} {command line}
   size_t MaxNewSize                               = 1287651328                                {product} {ergonomic}
   size_t MinHeapDeltaBytes                        = 1048576                                   {product} {ergonomic}
   size_t MinHeapSize                              = 8388608                                   {product} {ergonomic}
    uintx NonNMethodCodeHeapSize                   = 5839372                                {pd product} {ergonomic}
    uintx NonProfiledCodeHeapSize                  = 122909434                              {pd product} {ergonomic}
    uintx ProfiledCodeHeapSize                     = 122909434                              {pd product} {ergonomic}
    uintx ReservedCodeCacheSize                    = 251658240                              {pd product} {ergonomic}
     bool SegmentedCodeCache                       = true                                      {product} {ergonomic}
   size_t SoftMaxHeapSize                          = 2147483648                             {manageable} {ergonomic}
     bool UseCompressedClassPointers               = true                           {product lp64_product} {ergonomic}
     bool UseCompressedOops                        = true                           {product lp64_product} {ergonomic}
     bool UseG1GC                                  = true                                      {product} {ergonomic}
     bool UseLargePagesIndividualAllocation        = false                                  {pd product} {ergonomic}

Logging:
Log output configuration:
 #0: stdout all=warning uptime,level,tags
 #1: stderr all=off uptime,level,tags

Environment Variables:
JAVA_HOME=C:\Program Files\Java\jdk-17
PATH=C:\Path\to\jdk-23\bin;C:\Program Files\Common Files\Oracle\Java\javapath;C:\Windows\system32;C:\Windows;C:\Windows\System32\Wbem;C:\Windows\System32\WindowsPowerShell\v1.0\;C:\Windows\System32\OpenSSH\;C:\Program Files (x86)\NVIDIA Corporation\PhysX\Common;C:\Program Files\Microsoft SQL Server\Client SDK\ODBC\170\Tools\Binn\;C:\Program Files (x86)\Microsoft SQL Server\150\Tools\Binn\;C:\Program Files\Microsoft SQL Server\150\Tools\Binn\;C:\Program Files\Microsoft SQL Server\150\DTS\Binn\;C:\Program Files\dotnet\;C:\WINDOWS\system32;C:\WINDOWS;C:\WINDOWS\System32\Wbem;C:\WINDOWS\System32\WindowsPowerShell\v1.0\;C:\WINDOWS\System32\OpenSSH\;C:\Users\DELL\OneDrive - VLG\Desktop\VietPN;C:\Program Files\nodejs\;C:\Users\DELL\.config\herd\bin\nvm;C:\Program Files\nodejs;C:\Program Files\ComposerPHP;C:\composer;C:\Program Files\Git\cmd;C:\WINDOWS\system32;C:\WINDOWS;C:\WINDOWS\System32\Wbem;C:\WINDOWS\System32\WindowsPowerShell\v1.0\;C:\WINDOWS\System32\OpenSSH\;D:\Quang\;C:\Program Files\Java\jdk-23\bin;C:\Users\DELL\AppData\Roaming\npm;;C:\Program Files\NVIDIA Corporation\NVIDIA App\NvDLISR;C:\Program Files\Cloudflare\Cloudflare WARP\;D:\Quang\java_jdk23\openjdk-23.0.2_windows-x64_bin\jdk-23.0.2\bin;C:\Program Files\Java\jdk-23.0.2;C:\Windows\system32;C:\Windows;C:\Windows\System32\Wbem;C:\Windows\System32\WindowsPowerShell\v1.0\;C:\Windows\System32\OpenSSH\;C:\Program Files (x86)\NVIDIA Corporation\PhysX\Common;C:\Program Files\Microsoft SQL Server\Client SDK\ODBC\170\Tools\Binn\;C:\Program Files (x86)\Microsoft SQL Server\150\Tools\Binn\;C:\Program Files\Microsoft SQL Server\150\Tools\Binn\;C:\Program Files\Microsoft SQL Server\150\DTS\Binn\;C:\Program Files\dotnet\;C:\WINDOWS\system32;C:\WINDOWS;C:\WINDOWS\System32\Wbem;C:\WINDOWS\System32\WindowsPowerShell\v1.0\;C:\WINDOWS\System32\OpenSSH\;C:\Users\DELL\OneDrive - VLG\Desktop\VietPN;C:\Program Files\nodejs\;C:\Users\DELL\.config\herd\bin\nvm;C:\Program Files\nodejs;C:\Program Files\ComposerPHP;C:\composer;C:\Progr
USERNAME=DELL
OS=Windows_NT
PROCESSOR_IDENTIFIER=Intel64 Family 6 Model 140 Stepping 1, GenuineIntel



---------------  S Y S T E M  ---------------

OS:
 Windows 11 , 64 bit Build 26100 (10.0.26100.4484)
OS uptime: 0 days 0:09 hours

CPU: total 8 (initial active 8) (4 cores per cpu, 2 threads per core) family 6 model 140 stepping 1 microcode 0xbc, cx8, cmov, fxsr, ht, mmx, 3dnowpref, sse, sse2, sse3, ssse3, sse4.1, sse4.2, popcnt, lzcnt, tsc, tscinvbit, avx, avx2, aes, erms, clmul, bmi1, bmi2, adx, avx512f, avx512dq, avx512cd, avx512bw, avx512vl, sha, fma, vzeroupper, avx512_vpopcntdq, avx512_vpclmulqdq, avx512_vaes, avx512_vnni, clflush, clflushopt, clwb, avx512_vbmi2, avx512_vbmi

Memory: 4k page, system-wide physical 16106M (3240M free)
TotalPageFile size 18099M (AvailPageFile size 198M)
current process WorkingSet (physical memory assigned to process): 596M, peak: 602M
current process commit charge ("private bytes"): 646M, peak: 1060M

vm_info: Java HotSpot(TM) 64-Bit Server VM (17.0.12+8-LTS-286) for windows-amd64 JRE (17.0.12+8-LTS-286), built on Jun  5 2024 06:46:59 by "mach5one" with MS VC++ 17.6 (VS2022)

END.
